2024-07-14 20:57:23.656 [info] Log level: Info
2024-07-14 20:57:23.656 [info] Validating found git in: "git"
2024-07-14 20:57:23.656 [info] Using git "2.45.2" from "git"
2024-07-14 20:57:23.656 [info] > git rev-parse --show-toplevel [2ms]
2024-07-14 20:57:23.656 [info] fatal: not a git repository (or any parent up to mount point /)
Stopping at filesystem boundary (GIT_DISCOVERY_ACROSS_FILESYSTEM not set).
2024-07-14 20:57:23.656 [info] > git rev-parse --show-toplevel [2ms]
2024-07-14 20:57:23.656 [info] fatal: not a git repository (or any parent up to mount point /)
Stopping at filesystem boundary (GIT_DISCOVERY_ACROSS_FILESYSTEM not set).
2024-07-14 20:57:23.656 [info] > git rev-parse --show-toplevel [2ms]
2024-07-14 20:57:23.656 [info] fatal: not a git repository (or any parent up to mount point /)
Stopping at filesystem boundary (GIT_DISCOVERY_ACROSS_FILESYSTEM not set).
2024-07-14 20:57:23.663 [info] > git rev-parse --show-toplevel [2ms]
2024-07-14 20:57:23.663 [info] fatal: not a git repository (or any parent up to mount point /)
Stopping at filesystem boundary (GIT_DISCOVERY_ACROSS_FILESYSTEM not set).
2024-07-14 20:57:23.671 [info] > git rev-parse --show-toplevel [3ms]
2024-07-14 20:57:23.671 [info] fatal: not a git repository (or any parent up to mount point /)
Stopping at filesystem boundary (GIT_DISCOVERY_ACROSS_FILESYSTEM not set).
2024-07-14 20:57:23.677 [info] > git rev-parse --show-toplevel [1ms]
2024-07-14 20:57:23.677 [info] fatal: not a git repository (or any parent up to mount point /)
Stopping at filesystem boundary (GIT_DISCOVERY_ACROSS_FILESYSTEM not set).
2024-07-14 20:57:23.682 [info] > git rev-parse --show-toplevel [1ms]
2024-07-14 20:57:23.682 [info] fatal: not a git repository (or any parent up to mount point /)
Stopping at filesystem boundary (GIT_DISCOVERY_ACROSS_FILESYSTEM not set).
2024-07-14 20:57:23.690 [info] > git rev-parse --show-toplevel [2ms]
2024-07-14 20:57:23.690 [info] fatal: not a git repository (or any parent up to mount point /)
Stopping at filesystem boundary (GIT_DISCOVERY_ACROSS_FILESYSTEM not set).
2024-07-14 20:57:23.695 [info] > git rev-parse --show-toplevel [1ms]
2024-07-14 20:57:23.695 [info] fatal: not a git repository (or any parent up to mount point /)
Stopping at filesystem boundary (GIT_DISCOVERY_ACROSS_FILESYSTEM not set).
2024-07-14 20:57:23.703 [info] > git rev-parse --show-toplevel [1ms]
2024-07-14 20:57:23.703 [info] fatal: not a git repository (or any parent up to mount point /)
Stopping at filesystem boundary (GIT_DISCOVERY_ACROSS_FILESYSTEM not set).
2024-07-14 20:57:23.708 [info] > git rev-parse --show-toplevel [1ms]
2024-07-14 20:57:23.708 [info] fatal: not a git repository (or any parent up to mount point /)
Stopping at filesystem boundary (GIT_DISCOVERY_ACROSS_FILESYSTEM not set).
2024-07-14 20:57:23.714 [info] > git rev-parse --show-toplevel [1ms]
2024-07-14 20:57:23.714 [info] fatal: not a git repository (or any parent up to mount point /)
Stopping at filesystem boundary (GIT_DISCOVERY_ACROSS_FILESYSTEM not set).
2024-07-14 20:57:23.721 [info] > git rev-parse --show-toplevel [1ms]
2024-07-14 20:57:23.721 [info] fatal: not a git repository (or any parent up to mount point /)
Stopping at filesystem boundary (GIT_DISCOVERY_ACROSS_FILESYSTEM not set).
2024-07-14 20:57:23.727 [info] > git rev-parse --show-toplevel [1ms]
2024-07-14 20:57:23.727 [info] fatal: not a git repository (or any parent up to mount point /)
Stopping at filesystem boundary (GIT_DISCOVERY_ACROSS_FILESYSTEM not set).
2024-07-14 20:57:23.735 [info] > git rev-parse --show-toplevel [1ms]
2024-07-14 20:57:23.735 [info] fatal: not a git repository (or any parent up to mount point /)
Stopping at filesystem boundary (GIT_DISCOVERY_ACROSS_FILESYSTEM not set).
2024-07-14 20:57:23.742 [info] > git rev-parse --show-toplevel [1ms]
2024-07-14 20:57:23.742 [info] fatal: not a git repository (or any parent up to mount point /)
Stopping at filesystem boundary (GIT_DISCOVERY_ACROSS_FILESYSTEM not set).
2024-07-14 20:57:33.237 [info] > git rev-parse --show-toplevel [1ms]
2024-07-14 20:57:33.237 [info] fatal: not a git repository (or any parent up to mount point /)
Stopping at filesystem boundary (GIT_DISCOVERY_ACROSS_FILESYSTEM not set).
2024-07-14 21:02:43.521 [info] > git rev-parse --show-toplevel [1ms]
2024-07-14 21:02:43.522 [info] fatal: not a git repository (or any parent up to mount point /)
Stopping at filesystem boundary (GIT_DISCOVERY_ACROSS_FILESYSTEM not set).
2024-07-14 21:03:09.248 [info] > git rev-parse --show-toplevel [2ms]
2024-07-14 21:03:09.248 [info] fatal: not a git repository (or any parent up to mount point /)
Stopping at filesystem boundary (GIT_DISCOVERY_ACROSS_FILESYSTEM not set).
2024-07-14 21:03:32.619 [info] > git rev-parse --show-toplevel [1ms]
2024-07-14 21:03:32.619 [info] fatal: not a git repository (or any parent up to mount point /)
Stopping at filesystem boundary (GIT_DISCOVERY_ACROSS_FILESYSTEM not set).
2024-07-14 21:03:37.243 [info] > git rev-parse --show-toplevel [1ms]
2024-07-14 21:03:37.243 [info] fatal: not a git repository (or any parent up to mount point /)
Stopping at filesystem boundary (GIT_DISCOVERY_ACROSS_FILESYSTEM not set).
2024-07-14 21:03:40.351 [info] > git rev-parse --show-toplevel [2ms]
2024-07-14 21:03:40.351 [info] fatal: not a git repository (or any parent up to mount point /)
Stopping at filesystem boundary (GIT_DISCOVERY_ACROSS_FILESYSTEM not set).
2024-07-14 21:03:51.401 [info] > git rev-parse --show-toplevel [2ms]
2024-07-14 21:03:51.401 [info] fatal: not a git repository (or any parent up to mount point /)
Stopping at filesystem boundary (GIT_DISCOVERY_ACROSS_FILESYSTEM not set).
2024-07-14 21:03:52.768 [info] > git rev-parse --show-toplevel [2ms]
2024-07-14 21:03:52.768 [info] fatal: not a git repository (or any parent up to mount point /)
Stopping at filesystem boundary (GIT_DISCOVERY_ACROSS_FILESYSTEM not set).
2024-07-14 21:08:21.768 [info] > git rev-parse --show-toplevel [2ms]
2024-07-14 21:08:21.768 [info] fatal: not a git repository (or any parent up to mount point /)
Stopping at filesystem boundary (GIT_DISCOVERY_ACROSS_FILESYSTEM not set).
2024-07-14 21:10:01.009 [info] > git rev-parse --show-toplevel [2ms]
2024-07-14 21:10:01.009 [info] fatal: not a git repository (or any parent up to mount point /)
Stopping at filesystem boundary (GIT_DISCOVERY_ACROSS_FILESYSTEM not set).
2024-07-14 21:18:26.892 [info] > git rev-parse --show-toplevel [2ms]
2024-07-14 21:18:26.901 [info] > git rev-parse --git-dir --git-common-dir [2ms]
2024-07-14 21:18:26.910 [info] Open repository: /home/rajeev/.cache/yay/google-chrome
2024-07-14 21:18:26.925 [info] > git for-each-ref --format=%(refname)%00%(upstream:short)%00%(objectname)%00%(upstream:track)%00%(upstream:remotename)%00%(upstream:remoteref) refs/heads/.invalid refs/remotes/.invalid [2ms]
2024-07-14 21:18:26.925 [warning] No such branch: .invalid.
2024-07-14 21:18:26.925 [info] > git config --get commit.template [9ms]
2024-07-14 21:18:26.933 [info] > git status -z -uall [2ms]
2024-07-14 21:18:26.949 [info] > git for-each-ref --format=%(refname)%00%(upstream:short)%00%(objectname)%00%(upstream:track)%00%(upstream:remotename)%00%(upstream:remoteref) refs/heads/.invalid refs/remotes/.invalid [9ms]
2024-07-14 21:18:26.949 [warning] No such branch: .invalid.
2024-07-14 21:18:26.950 [info] > git config --get commit.template [2ms]
2024-07-14 21:18:26.959 [info] > git for-each-ref --format=%(refname)%00%(upstream:short)%00%(objectname)%00%(upstream:track)%00%(upstream:remotename)%00%(upstream:remoteref) refs/heads/.invalid refs/remotes/.invalid [2ms]
2024-07-14 21:18:26.959 [warning] No such branch: .invalid.
2024-07-14 21:18:26.968 [info] > git status -z -uall [3ms]
2024-07-14 21:18:26.977 [info] > git for-each-ref --format=%(refname)%00%(upstream:short)%00%(objectname)%00%(upstream:track)%00%(upstream:remotename)%00%(upstream:remoteref) refs/heads/.invalid refs/remotes/.invalid [2ms]
2024-07-14 21:18:26.977 [warning] No such branch: .invalid.
2024-07-14 21:19:34.302 [info] > git config --get commit.template [8ms]
2024-07-14 21:19:34.303 [info] > git for-each-ref --format=%(refname)%00%(upstream:short)%00%(objectname)%00%(upstream:track)%00%(upstream:remotename)%00%(upstream:remoteref) refs/heads/master refs/remotes/master [2ms]
2024-07-14 21:19:34.309 [warning] ENOENT: no such file or directory, open '/home/rajeev/.cache/yay/google-chrome/.git/refs/remotes/origin/master'
2024-07-14 21:19:34.311 [info] > git rev-parse refs/remotes/origin/master [2ms]
2024-07-14 21:19:34.320 [info] > git status -z -uall [3ms]
2024-07-14 21:19:34.336 [info] > git for-each-ref --format=%(refname)%00%(upstream:short)%00%(objectname)%00%(upstream:track)%00%(upstream:remotename)%00%(upstream:remoteref) refs/heads/master refs/remotes/master [7ms]
2024-07-14 21:19:34.347 [info] > git config --local branch.master.vscode-merge-base [3ms]
2024-07-14 21:19:34.347 [warning] git config failed: Failed to execute git
2024-07-14 21:19:34.363 [info] > git reflog master --grep-reflog=branch: Created from *. [10ms]
2024-07-14 21:19:34.371 [info] > git symbolic-ref --short refs/remotes/origin/HEAD [2ms]
2024-07-14 21:19:34.378 [info] > git for-each-ref --format=%(refname)%00%(upstream:short)%00%(objectname)%00%(upstream:track)%00%(upstream:remotename)%00%(upstream:remoteref) refs/heads/origin/master refs/remotes/origin/master [1ms]
2024-07-14 21:19:34.385 [info] > git config --local branch.master.vscode-merge-base origin/master [2ms]
2024-07-14 21:19:34.398 [info] > git config --get commit.template [7ms]
2024-07-14 21:19:34.399 [info] > git for-each-ref --format=%(refname)%00%(upstream:short)%00%(objectname)%00%(upstream:track)%00%(upstream:remotename)%00%(upstream:remoteref) refs/heads/master refs/remotes/master [1ms]
2024-07-14 21:19:34.405 [warning] ENOENT: no such file or directory, open '/home/rajeev/.cache/yay/google-chrome/.git/refs/remotes/origin/master'
2024-07-14 21:19:34.407 [info] > git rev-parse refs/remotes/origin/master [2ms]
2024-07-14 21:19:34.416 [info] > git status -z -uall [2ms]
2024-07-14 21:19:34.435 [info] > git for-each-ref --format=%(refname)%00%(upstream:short)%00%(objectname)%00%(upstream:track)%00%(upstream:remotename)%00%(upstream:remoteref) refs/heads/master refs/remotes/master [10ms]
2024-07-14 21:19:34.444 [info] > git config --local branch.master.vscode-merge-base [2ms]
2024-07-14 21:19:34.451 [info] > git merge-base refs/heads/master refs/remotes/origin/master [17ms]
2024-07-14 21:19:34.460 [info] > git for-each-ref --format=%(refname)%00%(upstream:short)%00%(objectname)%00%(upstream:track)%00%(upstream:remotename)%00%(upstream:remoteref) refs/heads/origin/master refs/remotes/origin/master [9ms]
2024-07-14 21:19:34.461 [info] > git rev-list --count --left-right refs/heads/master...refs/remotes/origin/master [2ms]
2024-07-14 21:19:34.469 [info] > git diff --name-status -z --diff-filter=ADMR b923fe5e144684d359653088dcd5a2cbba190eaa...refs/remotes/origin/master [1ms]
2024-07-14 21:22:13.118 [info] > git config --get commit.template [10ms]
2024-07-14 21:22:13.119 [info] > git for-each-ref --format=%(refname)%00%(upstream:short)%00%(objectname)%00%(upstream:track)%00%(upstream:remotename)%00%(upstream:remoteref) refs/heads/master refs/remotes/master [2ms]
2024-07-14 21:22:13.125 [warning] ENOENT: no such file or directory, open '/home/rajeev/.cache/yay/google-chrome/.git/refs/remotes/origin/master'
2024-07-14 21:22:13.126 [info] > git rev-parse refs/remotes/origin/master [1ms]
2024-07-14 21:22:13.132 [info] > git status -z -uall [1ms]
2024-07-14 21:22:13.142 [info] > git for-each-ref --format=%(refname)%00%(upstream:short)%00%(objectname)%00%(upstream:track)%00%(upstream:remotename)%00%(upstream:remoteref) refs/heads/master refs/remotes/master [2ms]
2024-07-14 21:22:13.149 [info] > git config --local branch.master.vscode-merge-base [1ms]
2024-07-14 21:22:13.156 [info] > git for-each-ref --format=%(refname)%00%(upstream:short)%00%(objectname)%00%(upstream:track)%00%(upstream:remotename)%00%(upstream:remoteref) refs/heads/origin/master refs/remotes/origin/master [2ms]
2024-07-14 21:22:18.157 [info] > git config --get commit.template [2ms]
2024-07-14 21:22:18.164 [info] > git for-each-ref --format=%(refname)%00%(upstream:short)%00%(objectname)%00%(upstream:track)%00%(upstream:remotename)%00%(upstream:remoteref) refs/heads/master refs/remotes/master [1ms]
2024-07-14 21:22:18.170 [warning] ENOENT: no such file or directory, open '/home/rajeev/.cache/yay/google-chrome/.git/refs/remotes/origin/master'
2024-07-14 21:22:18.171 [info] > git rev-parse refs/remotes/origin/master [2ms]
2024-07-14 21:22:18.177 [info] > git status -z -uall [1ms]
2024-07-14 21:22:18.185 [info] > git for-each-ref --format=%(refname)%00%(upstream:short)%00%(objectname)%00%(upstream:track)%00%(upstream:remotename)%00%(upstream:remoteref) refs/heads/master refs/remotes/master [2ms]
2024-07-14 21:22:18.192 [info] > git config --local branch.master.vscode-merge-base [1ms]
2024-07-14 21:22:18.199 [info] > git for-each-ref --format=%(refname)%00%(upstream:short)%00%(objectname)%00%(upstream:track)%00%(upstream:remotename)%00%(upstream:remoteref) refs/heads/origin/master refs/remotes/origin/master [1ms]
