2024-07-15 13:03:59.612 [info] Extension host with pid 2263 started
2024-07-15 13:03:59.687 [info] ExtensionService#_doActivateExtension vscode.git-base, startup: true, activationEvent: '*', root cause: vscode.git
2024-07-15 13:03:59.695 [info] ExtensionService#_doActivateExtension vscode.git, startup: true, activationEvent: '*'
2024-07-15 13:03:59.719 [info] ExtensionService#_doActivateExtension vscode.github, startup: true, activationEvent: '*'
2024-07-15 13:03:59.759 [info] Eager extensions activated
2024-07-15 13:03:59.778 [info] ExtensionService#_doActivateExtension vscode.debug-auto-launch, startup: false, activationEvent: 'onStartupFinished'
2024-07-15 13:03:59.780 [info] ExtensionService#_doActivateExtension vscode.merge-conflict, startup: false, activationEvent: 'onStartupFinished'
2024-07-15 13:04:12.365 [info] Extension host terminating: renderer closed the MessagePort
2024-07-15 13:04:12.368 [info] Extension host with pid 2263 exiting with code 0
2024-07-15 13:04:13.352 [info] Extension host with pid 2307 started
2024-07-15 13:04:13.352 [info] Skipping acquiring lock for /home/rajeev/.config/Code - OSS/User/workspaceStorage/28146e5344b85ec233c3dd273761f889.
2024-07-15 13:04:13.464 [info] ExtensionService#_doActivateExtension vscode.emmet, startup: false, activationEvent: 'onLanguage'
2024-07-15 13:04:13.615 [info] ExtensionService#_doActivateExtension vscode.git-base, startup: true, activationEvent: '*', root cause: vscode.git
2024-07-15 13:04:13.626 [info] ExtensionService#_doActivateExtension vscode.git, startup: true, activationEvent: '*'
2024-07-15 13:04:13.647 [info] ExtensionService#_doActivateExtension vscode.github, startup: true, activationEvent: '*'
2024-07-15 13:04:13.678 [info] Eager extensions activated
2024-07-15 13:04:13.728 [info] ExtensionService#_doActivateExtension vscode.debug-auto-launch, startup: false, activationEvent: 'onStartupFinished'
2024-07-15 13:04:13.730 [info] ExtensionService#_doActivateExtension vscode.merge-conflict, startup: false, activationEvent: 'onStartupFinished'
2024-07-15 13:04:13.876 [warning] [Decorations] CAPPING events from decorations provider vscode.git 478
2024-07-15 13:04:13.912 [info] ExtensionService#_doActivateExtension vscode.github-authentication, startup: false, activationEvent: 'onAuthenticationRequest:github'
2024-07-15 13:04:14.080 [warning] [Decorations] CAPPING events from decorations provider vscode.git 478
2024-07-15 13:04:17.095 [warning] [Decorations] CAPPING events from decorations provider vscode.git 479
2024-07-15 13:04:22.204 [warning] [Decorations] CAPPING events from decorations provider vscode.git 479
2024-07-15 13:04:22.622 [info] ExtensionService#_doActivateExtension vscode.configuration-editing, startup: false, activationEvent: 'onLanguage:json'
2024-07-15 13:04:22.627 [info] ExtensionService#_doActivateExtension vscode.extension-editing, startup: false, activationEvent: 'onLanguage:json'
2024-07-15 13:04:22.634 [info] ExtensionService#_doActivateExtension vscode.json-language-features, startup: false, activationEvent: 'onLanguage:json'
2024-07-15 13:04:22.652 [info] ExtensionService#_doActivateExtension vscode.npm, startup: false, activationEvent: 'onLanguage:json'
2024-07-15 13:04:27.313 [warning] [Decorations] CAPPING events from decorations provider vscode.git 483
2024-07-15 13:04:32.423 [warning] [Decorations] CAPPING events from decorations provider vscode.git 484
