2024-07-16 00:12:26.489 [info] Log level: Info
2024-07-16 00:12:26.489 [info] Validating found git in: "git"
2024-07-16 00:12:26.489 [info] Using git "2.45.2" from "git"
2024-07-16 00:12:26.489 [info] > git rev-parse --show-toplevel [5ms]
2024-07-16 00:12:26.489 [info] > git rev-parse --git-dir --git-common-dir [3ms]
2024-07-16 00:12:26.489 [info] Open repository: /home/rajeev/.config
2024-07-16 00:12:26.489 [info] > git rev-parse --show-toplevel [51ms]
2024-07-16 00:12:26.489 [info] > git config --get commit.template [56ms]
2024-07-16 00:12:26.500 [info] > git for-each-ref --format=%(refname)%00%(upstream:short)%00%(objectname)%00%(upstream:track)%00%(upstream:remotename)%00%(upstream:remoteref) refs/heads/master refs/remotes/master [3ms]
2024-07-16 00:12:26.520 [info] > git rev-parse --show-toplevel [1ms]
2024-07-16 00:12:26.530 [info] > git rev-parse --show-toplevel [2ms]
2024-07-16 00:12:26.538 [info] > git rev-parse --show-toplevel [1ms]
2024-07-16 00:12:26.546 [info] > git rev-parse --show-toplevel [1ms]
2024-07-16 00:12:26.553 [info] > git rev-parse --show-toplevel [1ms]
2024-07-16 00:12:26.560 [info] > git rev-parse --show-toplevel [2ms]
2024-07-16 00:12:26.566 [info] > git rev-parse --show-toplevel [1ms]
2024-07-16 00:12:26.574 [info] > git status -z -uall [66ms]
2024-07-16 00:12:26.601 [info] > git for-each-ref --format=%(refname)%00%(upstream:short)%00%(objectname)%00%(upstream:track)%00%(upstream:remotename)%00%(upstream:remoteref) refs/heads/master refs/remotes/master [19ms]
2024-07-16 00:12:26.608 [info] > git rev-parse --show-toplevel [36ms]
2024-07-16 00:12:26.619 [info] > git config --local branch.master.vscode-merge-base [11ms]
2024-07-16 00:12:26.619 [warning] git config failed: Failed to execute git
2024-07-16 00:12:26.625 [info] > git config --get commit.template [25ms]
2024-07-16 00:12:26.629 [info] > git reflog master --grep-reflog=branch: Created from *. [4ms]
2024-07-16 00:12:26.634 [info] > git rev-parse --show-toplevel [19ms]
2024-07-16 00:12:26.656 [info] > git rev-parse --show-toplevel [11ms]
2024-07-16 00:12:26.656 [info] > git for-each-ref --format=%(refname)%00%(upstream:short)%00%(objectname)%00%(upstream:track)%00%(upstream:remotename)%00%(upstream:remoteref) refs/heads/master refs/remotes/master [16ms]
2024-07-16 00:12:26.656 [info] > git symbolic-ref --short refs/remotes/origin/HEAD [22ms]
2024-07-16 00:12:26.656 [info] fatal: ref refs/remotes/origin/HEAD is not a symbolic ref
2024-07-16 00:12:26.670 [info] > git merge-base refs/heads/master refs/remotes/origin/master [8ms]
2024-07-16 00:12:26.676 [info] > git rev-parse --show-toplevel [7ms]
2024-07-16 00:12:26.718 [info] > git rev-list --count --left-right refs/heads/master...refs/remotes/origin/master [42ms]
2024-07-16 00:12:26.730 [info] > git rev-parse --show-toplevel [12ms]
2024-07-16 00:12:26.737 [info] > git diff --name-status -z --diff-filter=ADMR 1cfeef2c51f3e241d91291334828737e3958e9d4...refs/remotes/origin/master [13ms]
2024-07-16 00:12:26.790 [info] > git status -z -uall [61ms]
2024-07-16 00:12:26.790 [info] > git rev-parse --show-toplevel [54ms]
2024-07-16 00:12:26.819 [info] > git for-each-ref --format=%(refname)%00%(upstream:short)%00%(objectname)%00%(upstream:track)%00%(upstream:remotename)%00%(upstream:remoteref) refs/heads/master refs/remotes/master [21ms]
2024-07-16 00:12:26.826 [info] > git rev-parse --show-toplevel [12ms]
2024-07-16 00:12:26.834 [info] > git config --local branch.master.vscode-merge-base [9ms]
2024-07-16 00:12:26.834 [warning] git config failed: Failed to execute git
2024-07-16 00:12:26.841 [info] > git rev-parse --show-toplevel [7ms]
2024-07-16 00:12:26.848 [info] > git reflog master --grep-reflog=branch: Created from *. [8ms]
2024-07-16 00:12:26.854 [info] > git rev-parse --show-toplevel [7ms]
2024-07-16 00:12:26.861 [info] > git symbolic-ref --short refs/remotes/origin/HEAD [7ms]
2024-07-16 00:12:26.861 [info] fatal: ref refs/remotes/origin/HEAD is not a symbolic ref
2024-07-16 00:12:26.862 [info] > git rev-parse --show-toplevel [1ms]
2024-07-16 00:12:26.869 [info] > git rev-parse --show-toplevel [1ms]
2024-07-16 00:12:26.876 [info] > git rev-parse --show-toplevel [1ms]
2024-07-16 00:12:26.892 [info] > git rev-parse --show-toplevel [10ms]
2024-07-16 00:12:26.967 [info] > git rev-parse --show-toplevel [8ms]
2024-07-16 00:12:26.975 [info] > git check-ignore -v -z --stdin [10ms]
2024-07-16 00:12:26.983 [info] > git show --textconv :hypr/hyprland.conf [9ms]
2024-07-16 00:12:26.984 [info] > git ls-files --stage -- /home/rajeev/.config/hypr/hyprland.conf [2ms]
2024-07-16 00:12:26.991 [info] > git cat-file -s 652d7cd6bc78e6a4aa3e519303ad872b9a2119f2 [1ms]
2024-07-16 00:12:29.073 [info] > git config --get commit.template [12ms]
2024-07-16 00:12:29.074 [info] > git for-each-ref --format=%(refname)%00%(upstream:short)%00%(objectname)%00%(upstream:track)%00%(upstream:remotename)%00%(upstream:remoteref) refs/heads/master refs/remotes/master [2ms]
2024-07-16 00:12:29.146 [info] > git status -z -uall [63ms]
2024-07-16 00:12:29.166 [info] > git for-each-ref --format=%(refname)%00%(upstream:short)%00%(objectname)%00%(upstream:track)%00%(upstream:remotename)%00%(upstream:remoteref) refs/heads/master refs/remotes/master [7ms]
2024-07-16 00:12:29.179 [info] > git config --local branch.master.vscode-merge-base [2ms]
2024-07-16 00:12:29.179 [warning] git config failed: Failed to execute git
2024-07-16 00:12:29.196 [info] > git reflog master --grep-reflog=branch: Created from *. [7ms]
2024-07-16 00:12:29.207 [info] > git symbolic-ref --short refs/remotes/origin/HEAD [2ms]
2024-07-16 00:12:29.207 [info] fatal: ref refs/remotes/origin/HEAD is not a symbolic ref
2024-07-16 00:13:07.476 [info] > git config --get commit.template [15ms]
2024-07-16 00:13:07.478 [info] > git for-each-ref --format=%(refname)%00%(upstream:short)%00%(objectname)%00%(upstream:track)%00%(upstream:remotename)%00%(upstream:remoteref) refs/heads/master refs/remotes/master [3ms]
2024-07-16 00:13:07.551 [info] > git status -z -uall [60ms]
2024-07-16 00:13:07.575 [info] > git for-each-ref --format=%(refname)%00%(upstream:short)%00%(objectname)%00%(upstream:track)%00%(upstream:remotename)%00%(upstream:remoteref) refs/heads/master refs/remotes/master [10ms]
2024-07-16 00:13:07.591 [info] > git config --local branch.master.vscode-merge-base [4ms]
2024-07-16 00:13:07.591 [warning] git config failed: Failed to execute git
2024-07-16 00:13:07.606 [info] > git reflog master --grep-reflog=branch: Created from *. [3ms]
2024-07-16 00:13:07.618 [info] > git symbolic-ref --short refs/remotes/origin/HEAD [2ms]
2024-07-16 00:13:07.618 [info] fatal: ref refs/remotes/origin/HEAD is not a symbolic ref
2024-07-16 00:13:50.712 [info] > git config --get commit.template [2ms]
2024-07-16 00:13:50.725 [info] > git for-each-ref --format=%(refname)%00%(upstream:short)%00%(objectname)%00%(upstream:track)%00%(upstream:remotename)%00%(upstream:remoteref) refs/heads/master refs/remotes/master [2ms]
2024-07-16 00:13:50.796 [info] > git status -z -uall [60ms]
2024-07-16 00:13:50.818 [info] > git for-each-ref --format=%(refname)%00%(upstream:short)%00%(objectname)%00%(upstream:track)%00%(upstream:remotename)%00%(upstream:remoteref) refs/heads/master refs/remotes/master [10ms]
2024-07-16 00:13:50.833 [info] > git config --local branch.master.vscode-merge-base [4ms]
2024-07-16 00:13:50.833 [warning] git config failed: Failed to execute git
2024-07-16 00:13:50.847 [info] > git reflog master --grep-reflog=branch: Created from *. [3ms]
2024-07-16 00:13:50.860 [info] > git symbolic-ref --short refs/remotes/origin/HEAD [3ms]
2024-07-16 00:13:50.860 [info] fatal: ref refs/remotes/origin/HEAD is not a symbolic ref
2024-07-16 00:15:30.867 [info] > git config --get commit.template [9ms]
2024-07-16 00:15:30.868 [info] > git for-each-ref --format=%(refname)%00%(upstream:short)%00%(objectname)%00%(upstream:track)%00%(upstream:remotename)%00%(upstream:remoteref) refs/heads/master refs/remotes/master [1ms]
2024-07-16 00:15:30.931 [info] > git status -z -uall [53ms]
2024-07-16 00:15:30.947 [info] > git for-each-ref --format=%(refname)%00%(upstream:short)%00%(objectname)%00%(upstream:track)%00%(upstream:remotename)%00%(upstream:remoteref) refs/heads/master refs/remotes/master [6ms]
2024-07-16 00:15:30.957 [info] > git config --local branch.master.vscode-merge-base [2ms]
2024-07-16 00:15:30.957 [warning] git config failed: Failed to execute git
2024-07-16 00:15:30.967 [info] > git reflog master --grep-reflog=branch: Created from *. [3ms]
2024-07-16 00:15:30.976 [info] > git symbolic-ref --short refs/remotes/origin/HEAD [1ms]
2024-07-16 00:15:30.976 [info] fatal: ref refs/remotes/origin/HEAD is not a symbolic ref
