2024-07-15 14:57:14.822 [info] Extension host with pid 3918 started
2024-07-15 14:57:15.046 [info] ExtensionService#_doActivateExtension vscode.git-base, startup: true, activationEvent: '*', root cause: vscode.git
2024-07-15 14:57:15.053 [info] ExtensionService#_doActivateExtension vscode.git, startup: true, activationEvent: '*'
2024-07-15 14:57:15.077 [info] ExtensionService#_doActivateExtension vscode.github, startup: true, activationEvent: '*'
2024-07-15 14:57:15.112 [info] Eager extensions activated
2024-07-15 14:57:15.130 [info] ExtensionService#_doActivateExtension vscode.debug-auto-launch, startup: false, activationEvent: 'onStartupFinished'
2024-07-15 14:57:15.132 [info] ExtensionService#_doActivateExtension vscode.merge-conflict, startup: false, activationEvent: 'onStartupFinished'
2024-07-15 14:57:23.209 [info] Extension host terminating: renderer closed the MessagePort
2024-07-15 14:57:23.214 [info] Extension host with pid 3918 exiting with code 0
2024-07-15 14:57:24.460 [info] Extension host with pid 3981 started
2024-07-15 14:57:24.460 [info] Skipping acquiring lock for /home/rajeev/.config/Code - OSS/User/workspaceStorage/8d66c5699b2598e497502e38d22c7002.
2024-07-15 14:57:24.618 [info] ExtensionService#_doActivateExtension vscode.emmet, startup: false, activationEvent: 'onLanguage'
2024-07-15 14:57:24.739 [info] ExtensionService#_doActivateExtension vscode.git-base, startup: true, activationEvent: '*', root cause: vscode.git
2024-07-15 14:57:24.744 [info] ExtensionService#_doActivateExtension vscode.git, startup: true, activationEvent: '*'
2024-07-15 14:57:24.773 [info] ExtensionService#_doActivateExtension vscode.github, startup: true, activationEvent: '*'
2024-07-15 14:57:24.821 [info] Eager extensions activated
2024-07-15 14:57:24.854 [info] ExtensionService#_doActivateExtension vscode.debug-auto-launch, startup: false, activationEvent: 'onStartupFinished'
2024-07-15 14:57:24.856 [info] ExtensionService#_doActivateExtension vscode.merge-conflict, startup: false, activationEvent: 'onStartupFinished'
2024-07-15 14:57:28.960 [info] Extension host terminating: renderer closed the MessagePort
2024-07-15 14:57:28.966 [info] Extension host with pid 3981 exiting with code 0
2024-07-15 14:57:30.444 [info] Extension host with pid 4050 started
2024-07-15 14:57:30.444 [info] Skipping acquiring lock for /home/rajeev/.config/Code - OSS/User/workspaceStorage/28146e5344b85ec233c3dd273761f889.
2024-07-15 14:57:30.578 [info] ExtensionService#_doActivateExtension vscode.emmet, startup: false, activationEvent: 'onLanguage'
2024-07-15 14:57:30.663 [info] ExtensionService#_doActivateExtension vscode.git-base, startup: true, activationEvent: '*', root cause: vscode.git
2024-07-15 14:57:30.686 [info] ExtensionService#_doActivateExtension vscode.git, startup: true, activationEvent: '*'
2024-07-15 14:57:30.716 [info] ExtensionService#_doActivateExtension vscode.github, startup: true, activationEvent: '*'
2024-07-15 14:57:30.762 [info] Eager extensions activated
2024-07-15 14:57:30.815 [info] ExtensionService#_doActivateExtension vscode.debug-auto-launch, startup: false, activationEvent: 'onStartupFinished'
2024-07-15 14:57:30.818 [info] ExtensionService#_doActivateExtension vscode.merge-conflict, startup: false, activationEvent: 'onStartupFinished'
2024-07-15 14:57:31.060 [warning] [Decorations] CAPPING events from decorations provider vscode.git 1413
2024-07-15 14:57:31.101 [info] ExtensionService#_doActivateExtension vscode.github-authentication, startup: false, activationEvent: 'onAuthenticationRequest:github'
2024-07-15 14:57:31.361 [warning] [Decorations] CAPPING events from decorations provider vscode.git 1414
2024-07-15 14:57:34.952 [info] ExtensionService#_doActivateExtension vscode.configuration-editing, startup: false, activationEvent: 'onLanguage:json'
2024-07-15 14:57:34.982 [info] ExtensionService#_doActivateExtension vscode.extension-editing, startup: false, activationEvent: 'onLanguage:json'
2024-07-15 14:57:34.990 [info] ExtensionService#_doActivateExtension vscode.json-language-features, startup: false, activationEvent: 'onLanguage:json'
2024-07-15 14:57:35.010 [info] ExtensionService#_doActivateExtension vscode.npm, startup: false, activationEvent: 'onLanguage:json'
2024-07-15 14:57:36.518 [warning] [Decorations] CAPPING events from decorations provider vscode.git 1415
2024-07-15 14:57:41.666 [warning] [Decorations] CAPPING events from decorations provider vscode.git 1415
2024-07-15 14:57:46.815 [warning] [Decorations] CAPPING events from decorations provider vscode.git 1415
2024-07-15 14:57:51.968 [warning] [Decorations] CAPPING events from decorations provider vscode.git 1415
2024-07-15 14:57:57.125 [warning] [Decorations] CAPPING events from decorations provider vscode.git 1415
2024-07-15 14:58:02.271 [warning] [Decorations] CAPPING events from decorations provider vscode.git 1415
2024-07-15 14:58:07.154 [info] ExtensionService#_doActivateExtension vscode.typescript-language-features, startup: false, activationEvent: 'onLanguage:jsonc'
2024-07-15 14:58:07.432 [warning] [Decorations] CAPPING events from decorations provider vscode.git 1415
2024-07-15 14:58:12.585 [warning] [Decorations] CAPPING events from decorations provider vscode.git 1415
2024-07-15 14:59:27.569 [warning] [Decorations] CAPPING events from decorations provider vscode.git 1415
2024-07-15 15:00:13.254 [warning] [Decorations] CAPPING events from decorations provider vscode.git 1415
2024-07-15 15:00:39.193 [warning] [Decorations] CAPPING events from decorations provider vscode.git 1415
2024-07-15 15:00:45.843 [warning] [Decorations] CAPPING events from decorations provider vscode.git 1415
2024-07-15 15:03:47.807 [warning] [Decorations] CAPPING events from decorations provider vscode.git 1415
2024-07-15 15:08:10.578 [warning] [Decorations] CAPPING events from decorations provider vscode.git 1416
2024-07-15 15:09:32.296 [warning] [Decorations] CAPPING events from decorations provider vscode.git 1414
2024-07-15 15:10:00.139 [warning] [Decorations] CAPPING events from decorations provider vscode.git 1414
2024-07-15 15:10:05.291 [warning] [Decorations] CAPPING events from decorations provider vscode.git 1414
2024-07-15 15:10:10.438 [warning] [Decorations] CAPPING events from decorations provider vscode.git 1414
2024-07-15 15:10:15.590 [warning] [Decorations] CAPPING events from decorations provider vscode.git 1414
2024-07-15 15:10:20.736 [warning] [Decorations] CAPPING events from decorations provider vscode.git 1414
2024-07-15 15:10:25.882 [warning] [Decorations] CAPPING events from decorations provider vscode.git 1414
2024-07-15 15:10:31.031 [warning] [Decorations] CAPPING events from decorations provider vscode.git 1414
2024-07-15 15:10:36.176 [warning] [Decorations] CAPPING events from decorations provider vscode.git 1414
2024-07-15 15:10:41.324 [warning] [Decorations] CAPPING events from decorations provider vscode.git 1414
2024-07-15 15:10:46.469 [warning] [Decorations] CAPPING events from decorations provider vscode.git 1414
2024-07-15 15:10:51.616 [warning] [Decorations] CAPPING events from decorations provider vscode.git 1414
2024-07-15 15:10:56.767 [warning] [Decorations] CAPPING events from decorations provider vscode.git 1414
2024-07-15 15:11:01.907 [warning] [Decorations] CAPPING events from decorations provider vscode.git 1414
2024-07-15 15:11:07.054 [warning] [Decorations] CAPPING events from decorations provider vscode.git 1414
2024-07-15 15:11:12.200 [warning] [Decorations] CAPPING events from decorations provider vscode.git 1414
2024-07-15 15:11:17.343 [warning] [Decorations] CAPPING events from decorations provider vscode.git 1414
2024-07-15 15:11:22.495 [warning] [Decorations] CAPPING events from decorations provider vscode.git 1414
2024-07-15 15:11:27.640 [warning] [Decorations] CAPPING events from decorations provider vscode.git 1414
2024-07-15 15:11:32.785 [warning] [Decorations] CAPPING events from decorations provider vscode.git 1414
2024-07-15 15:11:37.938 [warning] [Decorations] CAPPING events from decorations provider vscode.git 1414
2024-07-15 15:11:43.082 [warning] [Decorations] CAPPING events from decorations provider vscode.git 1414
2024-07-15 15:11:48.225 [warning] [Decorations] CAPPING events from decorations provider vscode.git 1414
2024-07-15 15:11:53.379 [warning] [Decorations] CAPPING events from decorations provider vscode.git 1414
2024-07-15 15:11:58.520 [warning] [Decorations] CAPPING events from decorations provider vscode.git 1414
2024-07-15 15:12:03.665 [warning] [Decorations] CAPPING events from decorations provider vscode.git 1414
2024-07-15 15:12:08.810 [warning] [Decorations] CAPPING events from decorations provider vscode.git 1414
2024-07-15 15:12:13.955 [warning] [Decorations] CAPPING events from decorations provider vscode.git 1414
2024-07-15 15:12:19.099 [warning] [Decorations] CAPPING events from decorations provider vscode.git 1414
2024-07-15 15:12:24.251 [warning] [Decorations] CAPPING events from decorations provider vscode.git 1414
2024-07-15 15:12:29.394 [warning] [Decorations] CAPPING events from decorations provider vscode.git 1414
2024-07-15 15:12:34.541 [warning] [Decorations] CAPPING events from decorations provider vscode.git 1414
2024-07-15 15:12:39.690 [warning] [Decorations] CAPPING events from decorations provider vscode.git 1414
2024-07-15 15:12:44.830 [warning] [Decorations] CAPPING events from decorations provider vscode.git 1414
2024-07-15 15:12:49.972 [warning] [Decorations] CAPPING events from decorations provider vscode.git 1414
2024-07-15 15:12:55.118 [warning] [Decorations] CAPPING events from decorations provider vscode.git 1414
2024-07-15 15:13:00.260 [warning] [Decorations] CAPPING events from decorations provider vscode.git 1414
2024-07-15 15:13:05.411 [warning] [Decorations] CAPPING events from decorations provider vscode.git 1414
2024-07-15 15:13:10.559 [warning] [Decorations] CAPPING events from decorations provider vscode.git 1414
2024-07-15 15:13:15.702 [warning] [Decorations] CAPPING events from decorations provider vscode.git 1414
2024-07-15 15:13:20.845 [warning] [Decorations] CAPPING events from decorations provider vscode.git 1414
2024-07-15 15:13:25.995 [warning] [Decorations] CAPPING events from decorations provider vscode.git 1414
2024-07-15 15:13:31.133 [warning] [Decorations] CAPPING events from decorations provider vscode.git 1414
2024-07-15 15:13:36.276 [warning] [Decorations] CAPPING events from decorations provider vscode.git 1414
2024-07-15 15:13:41.425 [warning] [Decorations] CAPPING events from decorations provider vscode.git 1414
2024-07-15 15:13:46.569 [warning] [Decorations] CAPPING events from decorations provider vscode.git 1414
2024-07-15 15:13:51.714 [warning] [Decorations] CAPPING events from decorations provider vscode.git 1414
2024-07-15 15:13:56.863 [warning] [Decorations] CAPPING events from decorations provider vscode.git 1414
2024-07-15 15:14:02.003 [warning] [Decorations] CAPPING events from decorations provider vscode.git 1414
2024-07-15 15:14:07.145 [warning] [Decorations] CAPPING events from decorations provider vscode.git 1414
2024-07-15 15:14:12.294 [warning] [Decorations] CAPPING events from decorations provider vscode.git 1414
2024-07-15 15:14:17.434 [warning] [Decorations] CAPPING events from decorations provider vscode.git 1414
2024-07-15 15:14:22.578 [warning] [Decorations] CAPPING events from decorations provider vscode.git 1414
2024-07-15 15:14:27.725 [warning] [Decorations] CAPPING events from decorations provider vscode.git 1414
2024-07-15 15:14:32.866 [warning] [Decorations] CAPPING events from decorations provider vscode.git 1414
2024-07-15 15:14:38.010 [warning] [Decorations] CAPPING events from decorations provider vscode.git 1414
2024-07-15 15:14:43.156 [warning] [Decorations] CAPPING events from decorations provider vscode.git 1414
2024-07-15 15:14:48.298 [warning] [Decorations] CAPPING events from decorations provider vscode.git 1414
2024-07-15 15:14:53.445 [warning] [Decorations] CAPPING events from decorations provider vscode.git 1414
2024-07-15 15:14:58.600 [warning] [Decorations] CAPPING events from decorations provider vscode.git 1414
2024-07-15 15:15:03.743 [warning] [Decorations] CAPPING events from decorations provider vscode.git 1414
2024-07-15 15:15:08.885 [warning] [Decorations] CAPPING events from decorations provider vscode.git 1414
2024-07-15 15:15:14.032 [warning] [Decorations] CAPPING events from decorations provider vscode.git 1414
2024-07-15 15:15:19.172 [warning] [Decorations] CAPPING events from decorations provider vscode.git 1414
2024-07-15 15:15:24.318 [warning] [Decorations] CAPPING events from decorations provider vscode.git 1414
2024-07-15 15:15:29.464 [warning] [Decorations] CAPPING events from decorations provider vscode.git 1414
2024-07-15 15:15:34.604 [warning] [Decorations] CAPPING events from decorations provider vscode.git 1414
2024-07-15 15:15:39.750 [warning] [Decorations] CAPPING events from decorations provider vscode.git 1414
2024-07-15 15:15:44.894 [warning] [Decorations] CAPPING events from decorations provider vscode.git 1414
2024-07-15 15:15:50.039 [warning] [Decorations] CAPPING events from decorations provider vscode.git 1414
2024-07-15 15:15:55.185 [warning] [Decorations] CAPPING events from decorations provider vscode.git 1414
2024-07-15 15:16:00.328 [warning] [Decorations] CAPPING events from decorations provider vscode.git 1414
2024-07-15 15:16:05.476 [warning] [Decorations] CAPPING events from decorations provider vscode.git 1414
2024-07-15 15:16:10.620 [warning] [Decorations] CAPPING events from decorations provider vscode.git 1414
2024-07-15 15:16:15.764 [warning] [Decorations] CAPPING events from decorations provider vscode.git 1414
2024-07-15 15:16:20.907 [warning] [Decorations] CAPPING events from decorations provider vscode.git 1414
2024-07-15 15:16:26.056 [warning] [Decorations] CAPPING events from decorations provider vscode.git 1414
2024-07-15 16:45:25.057 [warning] [Decorations] CAPPING events from decorations provider vscode.git 1414
2024-07-15 16:45:30.183 [warning] [Decorations] CAPPING events from decorations provider vscode.git 1417
2024-07-15 16:45:35.308 [warning] [Decorations] CAPPING events from decorations provider vscode.git 1417
2024-07-15 16:45:40.438 [warning] [Decorations] CAPPING events from decorations provider vscode.git 1417
2024-07-15 16:45:45.568 [warning] [Decorations] CAPPING events from decorations provider vscode.git 1417
2024-07-15 16:49:21.891 [warning] [Decorations] CAPPING events from decorations provider vscode.git 1418
2024-07-15 16:49:41.694 [warning] [Decorations] CAPPING events from decorations provider vscode.git 1418
2024-07-15 16:52:55.821 [warning] [Decorations] CAPPING events from decorations provider vscode.git 1426
2024-07-15 16:53:34.482 [warning] [Decorations] CAPPING events from decorations provider vscode.git 1418
2024-07-15 16:53:42.414 [warning] [Decorations] CAPPING events from decorations provider vscode.git 1418
2024-07-15 16:53:49.229 [warning] [Decorations] CAPPING events from decorations provider vscode.git 1418
2024-07-15 16:54:06.948 [warning] [Decorations] CAPPING events from decorations provider vscode.git 1418
2024-07-15 16:55:48.107 [warning] [Decorations] CAPPING events from decorations provider vscode.git 1418
2024-07-15 17:00:20.312 [warning] [Decorations] CAPPING events from decorations provider vscode.git 1421
2024-07-15 17:01:21.888 [warning] [Decorations] CAPPING events from decorations provider vscode.git 1420
2024-07-15 17:01:27.020 [warning] [Decorations] CAPPING events from decorations provider vscode.git 1420
2024-07-15 17:01:32.149 [warning] [Decorations] CAPPING events from decorations provider vscode.git 1420
2024-07-15 17:01:37.278 [warning] [Decorations] CAPPING events from decorations provider vscode.git 1420
2024-07-15 17:01:42.411 [warning] [Decorations] CAPPING events from decorations provider vscode.git 1420
2024-07-15 17:01:47.541 [warning] [Decorations] CAPPING events from decorations provider vscode.git 1420
2024-07-15 17:01:52.671 [warning] [Decorations] CAPPING events from decorations provider vscode.git 1420
2024-07-15 17:01:57.798 [warning] [Decorations] CAPPING events from decorations provider vscode.git 1420
2024-07-15 17:02:02.937 [warning] [Decorations] CAPPING events from decorations provider vscode.git 1420
2024-07-15 17:02:08.067 [warning] [Decorations] CAPPING events from decorations provider vscode.git 1420
2024-07-15 17:02:13.198 [warning] [Decorations] CAPPING events from decorations provider vscode.git 1420
2024-07-15 17:02:18.325 [warning] [Decorations] CAPPING events from decorations provider vscode.git 1420
2024-07-15 17:02:23.453 [warning] [Decorations] CAPPING events from decorations provider vscode.git 1420
2024-07-15 17:02:28.584 [warning] [Decorations] CAPPING events from decorations provider vscode.git 1420
2024-07-15 17:02:33.715 [warning] [Decorations] CAPPING events from decorations provider vscode.git 1420
2024-07-15 17:02:38.845 [warning] [Decorations] CAPPING events from decorations provider vscode.git 1420
2024-07-15 17:10:12.043 [warning] [Decorations] CAPPING events from decorations provider vscode.git 1429
2024-07-15 17:10:17.173 [warning] [Decorations] CAPPING events from decorations provider vscode.git 1420
2024-07-15 17:10:22.311 [warning] [Decorations] CAPPING events from decorations provider vscode.git 1420
2024-07-15 17:10:27.439 [warning] [Decorations] CAPPING events from decorations provider vscode.git 1420
2024-07-15 17:11:21.889 [warning] [Decorations] CAPPING events from decorations provider vscode.git 1422
2024-07-15 17:11:27.019 [warning] [Decorations] CAPPING events from decorations provider vscode.git 1421
2024-07-15 17:12:06.977 [warning] [Decorations] CAPPING events from decorations provider vscode.git 1422
2024-07-15 17:12:12.104 [warning] [Decorations] CAPPING events from decorations provider vscode.git 1421
2024-07-15 17:12:17.231 [warning] [Decorations] CAPPING events from decorations provider vscode.git 1421
2024-07-15 17:12:22.371 [warning] [Decorations] CAPPING events from decorations provider vscode.git 1423
2024-07-15 17:12:27.498 [warning] [Decorations] CAPPING events from decorations provider vscode.git 1423
2024-07-15 17:12:32.630 [warning] [Decorations] CAPPING events from decorations provider vscode.git 1423
2024-07-15 17:12:37.759 [warning] [Decorations] CAPPING events from decorations provider vscode.git 1422
2024-07-15 17:12:52.111 [warning] [Decorations] CAPPING events from decorations provider vscode.git 1422
2024-07-15 17:12:57.241 [warning] [Decorations] CAPPING events from decorations provider vscode.git 1423
2024-07-15 17:13:02.371 [warning] [Decorations] CAPPING events from decorations provider vscode.git 1423
2024-07-15 17:13:07.499 [warning] [Decorations] CAPPING events from decorations provider vscode.git 1423
2024-07-15 17:20:16.300 [warning] [Decorations] CAPPING events from decorations provider vscode.git 1465
2024-07-15 17:20:21.433 [warning] [Decorations] CAPPING events from decorations provider vscode.git 1455
2024-07-15 17:20:26.558 [warning] [Decorations] CAPPING events from decorations provider vscode.git 1455
2024-07-15 17:20:31.687 [warning] [Decorations] CAPPING events from decorations provider vscode.git 1455
2024-07-15 17:20:36.819 [warning] [Decorations] CAPPING events from decorations provider vscode.git 1463
2024-07-15 17:20:41.949 [warning] [Decorations] CAPPING events from decorations provider vscode.git 1472
2024-07-15 17:20:47.076 [warning] [Decorations] CAPPING events from decorations provider vscode.git 1469
2024-07-15 17:20:52.209 [warning] [Decorations] CAPPING events from decorations provider vscode.git 1469
2024-07-15 17:20:57.338 [warning] [Decorations] CAPPING events from decorations provider vscode.git 1469
2024-07-15 17:21:02.488 [warning] [Decorations] CAPPING events from decorations provider vscode.git 1469
2024-07-15 17:21:07.622 [warning] [Decorations] CAPPING events from decorations provider vscode.git 1469
2024-07-15 17:21:12.751 [warning] [Decorations] CAPPING events from decorations provider vscode.git 1470
2024-07-15 17:21:17.882 [warning] [Decorations] CAPPING events from decorations provider vscode.git 1470
2024-07-15 17:21:23.011 [warning] [Decorations] CAPPING events from decorations provider vscode.git 1475
2024-07-15 17:21:28.140 [warning] [Decorations] CAPPING events from decorations provider vscode.git 1471
2024-07-15 17:21:33.274 [warning] [Decorations] CAPPING events from decorations provider vscode.git 1471
2024-07-15 17:21:38.400 [warning] [Decorations] CAPPING events from decorations provider vscode.git 1472
2024-07-15 17:21:43.536 [warning] [Decorations] CAPPING events from decorations provider vscode.git 1490
2024-07-15 17:21:48.666 [warning] [Decorations] CAPPING events from decorations provider vscode.git 1505
2024-07-15 17:21:58.545 [info] ExtensionService#_doActivateExtension esbenp.prettier-vscode, startup: false, activationEvent: 'onStartupFinished'
2024-07-15 17:22:01.104 [warning] [Decorations] CAPPING events from decorations provider vscode.git 1511
2024-07-15 17:22:06.239 [warning] [Decorations] CAPPING events from decorations provider vscode.git 1514
2024-07-15 17:22:11.374 [warning] [Decorations] CAPPING events from decorations provider vscode.git 1518
2024-07-15 17:22:16.509 [warning] [Decorations] CAPPING events from decorations provider vscode.git 1520
2024-07-15 17:22:21.638 [warning] [Decorations] CAPPING events from decorations provider vscode.git 1520
2024-07-15 17:22:26.769 [warning] [Decorations] CAPPING events from decorations provider vscode.git 1520
2024-07-15 17:22:31.899 [warning] [Decorations] CAPPING events from decorations provider vscode.git 1520
2024-07-15 17:22:37.030 [warning] [Decorations] CAPPING events from decorations provider vscode.git 1521
2024-07-15 17:22:42.163 [warning] [Decorations] CAPPING events from decorations provider vscode.git 1522
2024-07-15 17:22:47.295 [warning] [Decorations] CAPPING events from decorations provider vscode.git 1521
2024-07-15 17:22:52.427 [warning] [Decorations] CAPPING events from decorations provider vscode.git 1521
2024-07-15 17:22:57.558 [warning] [Decorations] CAPPING events from decorations provider vscode.git 1521
2024-07-15 17:23:02.689 [warning] [Decorations] CAPPING events from decorations provider vscode.git 1521
2024-07-15 17:23:07.826 [warning] [Decorations] CAPPING events from decorations provider vscode.git 1521
2024-07-15 17:23:12.956 [warning] [Decorations] CAPPING events from decorations provider vscode.git 1521
2024-07-15 17:23:18.091 [warning] [Decorations] CAPPING events from decorations provider vscode.git 1521
2024-07-15 17:23:23.224 [warning] [Decorations] CAPPING events from decorations provider vscode.git 1521
2024-07-15 17:23:28.355 [warning] [Decorations] CAPPING events from decorations provider vscode.git 1521
2024-07-15 17:23:33.496 [warning] [Decorations] CAPPING events from decorations provider vscode.git 1521
2024-07-15 17:23:38.634 [warning] [Decorations] CAPPING events from decorations provider vscode.git 1521
2024-07-15 17:23:43.767 [warning] [Decorations] CAPPING events from decorations provider vscode.git 1521
2024-07-15 17:23:48.895 [warning] [Decorations] CAPPING events from decorations provider vscode.git 1521
2024-07-15 17:23:54.025 [warning] [Decorations] CAPPING events from decorations provider vscode.git 1521
2024-07-15 17:23:59.153 [warning] [Decorations] CAPPING events from decorations provider vscode.git 1521
2024-07-15 17:24:04.288 [warning] [Decorations] CAPPING events from decorations provider vscode.git 1521
2024-07-15 17:24:09.419 [warning] [Decorations] CAPPING events from decorations provider vscode.git 1521
2024-07-15 17:24:14.560 [warning] [Decorations] CAPPING events from decorations provider vscode.git 1521
2024-07-15 17:24:19.696 [warning] [Decorations] CAPPING events from decorations provider vscode.git 1521
2024-07-15 17:24:24.456 [info] ExtensionService#_doActivateExtension vscode.css-language-features, startup: false, activationEvent: 'onLanguage:css'
2024-07-15 17:24:24.842 [warning] [Decorations] CAPPING events from decorations provider vscode.git 1521
2024-07-15 17:24:29.981 [warning] [Decorations] CAPPING events from decorations provider vscode.git 1521
2024-07-15 17:24:35.121 [warning] [Decorations] CAPPING events from decorations provider vscode.git 1521
2024-07-15 17:24:40.254 [warning] [Decorations] CAPPING events from decorations provider vscode.git 1521
2024-07-15 17:24:45.386 [warning] [Decorations] CAPPING events from decorations provider vscode.git 1522
2024-07-15 17:24:50.518 [warning] [Decorations] CAPPING events from decorations provider vscode.git 1522
2024-07-15 17:24:55.715 [warning] [Decorations] CAPPING events from decorations provider vscode.git 1522
2024-07-15 17:25:00.850 [warning] [Decorations] CAPPING events from decorations provider vscode.git 1522
2024-07-15 17:25:05.983 [warning] [Decorations] CAPPING events from decorations provider vscode.git 1522
2024-07-15 17:25:11.116 [warning] [Decorations] CAPPING events from decorations provider vscode.git 1522
2024-07-15 17:25:16.249 [warning] [Decorations] CAPPING events from decorations provider vscode.git 1522
2024-07-15 17:25:21.380 [warning] [Decorations] CAPPING events from decorations provider vscode.git 1522
2024-07-15 17:25:26.511 [warning] [Decorations] CAPPING events from decorations provider vscode.git 1522
2024-07-15 17:25:31.642 [warning] [Decorations] CAPPING events from decorations provider vscode.git 1522
2024-07-15 17:25:36.775 [warning] [Decorations] CAPPING events from decorations provider vscode.git 1522
2024-07-15 17:25:41.908 [warning] [Decorations] CAPPING events from decorations provider vscode.git 1522
2024-07-15 17:25:47.040 [warning] [Decorations] CAPPING events from decorations provider vscode.git 1522
2024-07-15 17:25:52.173 [warning] [Decorations] CAPPING events from decorations provider vscode.git 1523
2024-07-15 17:25:57.305 [warning] [Decorations] CAPPING events from decorations provider vscode.git 1522
2024-07-15 17:26:02.441 [warning] [Decorations] CAPPING events from decorations provider vscode.git 1522
2024-07-15 17:26:07.574 [warning] [Decorations] CAPPING events from decorations provider vscode.git 1522
2024-07-15 17:26:12.716 [warning] [Decorations] CAPPING events from decorations provider vscode.git 1524
2024-07-15 17:26:17.849 [warning] [Decorations] CAPPING events from decorations provider vscode.git 1526
2024-07-15 17:26:34.360 [warning] [Decorations] CAPPING events from decorations provider vscode.git 1527
2024-07-15 17:26:39.496 [warning] [Decorations] CAPPING events from decorations provider vscode.git 1527
2024-07-15 17:26:44.634 [warning] [Decorations] CAPPING events from decorations provider vscode.git 1527
2024-07-15 17:26:49.768 [warning] [Decorations] CAPPING events from decorations provider vscode.git 1527
2024-07-15 17:27:03.350 [warning] [Decorations] CAPPING events from decorations provider vscode.git 1528
2024-07-15 17:27:08.487 [warning] [Decorations] CAPPING events from decorations provider vscode.git 1528
2024-07-15 17:27:13.620 [warning] [Decorations] CAPPING events from decorations provider vscode.git 1528
2024-07-15 17:27:18.753 [warning] [Decorations] CAPPING events from decorations provider vscode.git 1529
2024-07-15 17:27:23.892 [warning] [Decorations] CAPPING events from decorations provider vscode.git 1529
2024-07-15 17:27:29.024 [warning] [Decorations] CAPPING events from decorations provider vscode.git 1530
2024-07-15 17:27:34.160 [warning] [Decorations] CAPPING events from decorations provider vscode.git 1529
2024-07-15 17:27:39.292 [warning] [Decorations] CAPPING events from decorations provider vscode.git 1530
2024-07-15 17:27:44.430 [warning] [Decorations] CAPPING events from decorations provider vscode.git 1530
2024-07-15 17:27:49.563 [warning] [Decorations] CAPPING events from decorations provider vscode.git 1530
2024-07-15 17:28:09.893 [warning] [Decorations] CAPPING events from decorations provider vscode.git 1531
2024-07-15 17:28:15.028 [warning] [Decorations] CAPPING events from decorations provider vscode.git 1531
2024-07-15 17:28:20.167 [warning] [Decorations] CAPPING events from decorations provider vscode.git 1531
2024-07-15 17:28:27.612 [warning] [Decorations] CAPPING events from decorations provider vscode.git 1531
2024-07-15 17:28:32.747 [warning] [Decorations] CAPPING events from decorations provider vscode.git 1531
2024-07-15 17:28:37.876 [warning] [Decorations] CAPPING events from decorations provider vscode.git 1531
2024-07-15 17:28:43.013 [warning] [Decorations] CAPPING events from decorations provider vscode.git 1531
2024-07-15 17:28:48.142 [warning] [Decorations] CAPPING events from decorations provider vscode.git 1531
2024-07-15 17:29:01.099 [warning] [Decorations] CAPPING events from decorations provider vscode.git 1532
2024-07-15 17:29:06.647 [warning] [Decorations] CAPPING events from decorations provider vscode.git 1532
2024-07-15 17:29:11.786 [warning] [Decorations] CAPPING events from decorations provider vscode.git 1532
2024-07-15 17:29:16.919 [warning] [Decorations] CAPPING events from decorations provider vscode.git 1532
2024-07-15 17:29:22.051 [warning] [Decorations] CAPPING events from decorations provider vscode.git 1532
2024-07-15 17:29:27.182 [warning] [Decorations] CAPPING events from decorations provider vscode.git 1533
2024-07-15 17:29:47.569 [warning] [Decorations] CAPPING events from decorations provider vscode.git 1533
2024-07-15 17:30:01.498 [warning] [Decorations] CAPPING events from decorations provider vscode.git 1534
2024-07-15 17:30:06.633 [warning] [Decorations] CAPPING events from decorations provider vscode.git 1535
2024-07-15 17:30:11.768 [warning] [Decorations] CAPPING events from decorations provider vscode.git 1536
2024-07-15 17:30:16.902 [warning] [Decorations] CAPPING events from decorations provider vscode.git 1535
2024-07-15 17:30:22.037 [warning] [Decorations] CAPPING events from decorations provider vscode.git 1536
2024-07-15 17:30:44.055 [warning] [Decorations] CAPPING events from decorations provider vscode.git 1537
2024-07-15 17:30:49.197 [warning] [Decorations] CAPPING events from decorations provider vscode.git 1537
2024-07-15 17:31:03.991 [warning] [Decorations] CAPPING events from decorations provider vscode.git 1538
2024-07-15 17:31:09.125 [warning] [Decorations] CAPPING events from decorations provider vscode.git 1538
2024-07-15 17:31:14.259 [warning] [Decorations] CAPPING events from decorations provider vscode.git 1539
2024-07-15 17:31:19.388 [warning] [Decorations] CAPPING events from decorations provider vscode.git 1539
2024-07-15 17:31:24.524 [warning] [Decorations] CAPPING events from decorations provider vscode.git 1539
2024-07-15 17:31:29.657 [warning] [Decorations] CAPPING events from decorations provider vscode.git 1539
2024-07-15 17:31:34.789 [warning] [Decorations] CAPPING events from decorations provider vscode.git 1539
2024-07-15 17:31:39.922 [warning] [Decorations] CAPPING events from decorations provider vscode.git 1539
2024-07-15 17:31:45.055 [warning] [Decorations] CAPPING events from decorations provider vscode.git 1539
2024-07-15 17:31:50.190 [warning] [Decorations] CAPPING events from decorations provider vscode.git 1539
2024-07-15 17:31:55.324 [warning] [Decorations] CAPPING events from decorations provider vscode.git 1540
2024-07-15 17:32:00.456 [warning] [Decorations] CAPPING events from decorations provider vscode.git 1539
2024-07-15 17:32:05.588 [warning] [Decorations] CAPPING events from decorations provider vscode.git 1539
2024-07-15 17:32:18.319 [warning] [Decorations] CAPPING events from decorations provider vscode.git 1539
2024-07-15 17:32:23.459 [warning] [Decorations] CAPPING events from decorations provider vscode.git 1539
2024-07-15 17:32:28.590 [warning] [Decorations] CAPPING events from decorations provider vscode.git 1539
2024-07-15 17:32:33.729 [warning] [Decorations] CAPPING events from decorations provider vscode.git 1539
2024-07-15 17:32:38.865 [warning] [Decorations] CAPPING events from decorations provider vscode.git 1539
2024-07-15 17:32:43.998 [warning] [Decorations] CAPPING events from decorations provider vscode.git 1539
2024-07-15 17:32:49.131 [warning] [Decorations] CAPPING events from decorations provider vscode.git 1539
2024-07-15 17:32:54.271 [warning] [Decorations] CAPPING events from decorations provider vscode.git 1539
2024-07-15 17:32:59.403 [warning] [Decorations] CAPPING events from decorations provider vscode.git 1539
2024-07-15 17:33:04.541 [warning] [Decorations] CAPPING events from decorations provider vscode.git 1539
2024-07-15 17:33:09.675 [warning] [Decorations] CAPPING events from decorations provider vscode.git 1540
2024-07-15 17:33:14.812 [warning] [Decorations] CAPPING events from decorations provider vscode.git 1540
2024-07-15 17:33:19.945 [warning] [Decorations] CAPPING events from decorations provider vscode.git 1540
2024-07-15 17:33:25.077 [warning] [Decorations] CAPPING events from decorations provider vscode.git 1540
2024-07-15 17:33:30.207 [warning] [Decorations] CAPPING events from decorations provider vscode.git 1540
2024-07-15 17:33:35.341 [warning] [Decorations] CAPPING events from decorations provider vscode.git 1540
2024-07-15 17:33:40.474 [warning] [Decorations] CAPPING events from decorations provider vscode.git 1541
2024-07-15 17:33:45.607 [warning] [Decorations] CAPPING events from decorations provider vscode.git 1540
2024-07-15 17:33:50.741 [warning] [Decorations] CAPPING events from decorations provider vscode.git 1540
2024-07-15 17:33:58.349 [warning] [Decorations] CAPPING events from decorations provider vscode.git 1541
2024-07-15 17:34:03.486 [warning] [Decorations] CAPPING events from decorations provider vscode.git 1542
2024-07-15 17:34:11.600 [warning] [Decorations] CAPPING events from decorations provider vscode.git 1542
2024-07-15 17:34:16.736 [warning] [Decorations] CAPPING events from decorations provider vscode.git 1542
2024-07-15 17:34:21.881 [warning] [Decorations] CAPPING events from decorations provider vscode.git 1542
2024-07-15 17:34:27.013 [warning] [Decorations] CAPPING events from decorations provider vscode.git 1542
2024-07-15 17:34:32.149 [warning] [Decorations] CAPPING events from decorations provider vscode.git 1542
2024-07-15 17:34:37.280 [warning] [Decorations] CAPPING events from decorations provider vscode.git 1542
2024-07-15 17:34:42.410 [warning] [Decorations] CAPPING events from decorations provider vscode.git 1542
2024-07-15 17:34:47.548 [warning] [Decorations] CAPPING events from decorations provider vscode.git 1542
2024-07-15 17:34:52.681 [warning] [Decorations] CAPPING events from decorations provider vscode.git 1542
2024-07-15 17:35:08.940 [warning] [Decorations] CAPPING events from decorations provider vscode.git 1543
2024-07-15 17:35:14.079 [warning] [Decorations] CAPPING events from decorations provider vscode.git 1543
2024-07-15 17:35:19.216 [warning] [Decorations] CAPPING events from decorations provider vscode.git 1543
2024-07-15 17:35:24.345 [warning] [Decorations] CAPPING events from decorations provider vscode.git 1544
2024-07-15 17:35:33.566 [warning] [Decorations] CAPPING events from decorations provider vscode.git 1545
2024-07-15 17:35:38.700 [warning] [Decorations] CAPPING events from decorations provider vscode.git 1544
2024-07-15 17:35:48.013 [warning] [Decorations] CAPPING events from decorations provider vscode.git 1544
2024-07-15 17:35:53.575 [warning] [Decorations] CAPPING events from decorations provider vscode.git 1544
2024-07-15 17:35:58.709 [warning] [Decorations] CAPPING events from decorations provider vscode.git 1544
2024-07-15 17:36:03.840 [warning] [Decorations] CAPPING events from decorations provider vscode.git 1544
2024-07-15 17:36:08.976 [warning] [Decorations] CAPPING events from decorations provider vscode.git 1544
2024-07-15 17:36:14.108 [warning] [Decorations] CAPPING events from decorations provider vscode.git 1544
2024-07-15 17:36:19.239 [warning] [Decorations] CAPPING events from decorations provider vscode.git 1544
2024-07-15 17:36:36.757 [warning] [Decorations] CAPPING events from decorations provider vscode.git 1545
2024-07-15 17:36:41.894 [warning] [Decorations] CAPPING events from decorations provider vscode.git 1545
2024-07-15 17:41:38.664 [warning] [Decorations] CAPPING events from decorations provider vscode.git 1549
2024-07-15 17:41:43.813 [warning] [Decorations] CAPPING events from decorations provider vscode.git 1549
2024-07-15 17:41:48.946 [warning] [Decorations] CAPPING events from decorations provider vscode.git 1549
2024-07-15 17:43:09.857 [warning] [Decorations] CAPPING events from decorations provider vscode.git 1549
2024-07-15 17:43:14.997 [warning] [Decorations] CAPPING events from decorations provider vscode.git 1549
2024-07-15 17:43:20.132 [warning] [Decorations] CAPPING events from decorations provider vscode.git 1549
2024-07-15 17:43:25.266 [warning] [Decorations] CAPPING events from decorations provider vscode.git 1549
2024-07-15 17:43:30.401 [warning] [Decorations] CAPPING events from decorations provider vscode.git 1549
2024-07-15 17:43:35.540 [warning] [Decorations] CAPPING events from decorations provider vscode.git 1549
2024-07-15 17:43:40.676 [warning] [Decorations] CAPPING events from decorations provider vscode.git 1550
2024-07-15 17:43:45.811 [warning] [Decorations] CAPPING events from decorations provider vscode.git 1550
2024-07-15 17:43:59.334 [warning] [Decorations] CAPPING events from decorations provider vscode.git 1550
2024-07-15 17:44:31.278 [warning] [Decorations] CAPPING events from decorations provider vscode.git 1550
2024-07-15 17:44:36.413 [warning] [Decorations] CAPPING events from decorations provider vscode.git 1550
2024-07-15 17:44:41.548 [warning] [Decorations] CAPPING events from decorations provider vscode.git 1550
2024-07-15 17:44:46.686 [warning] [Decorations] CAPPING events from decorations provider vscode.git 1550
2024-07-15 17:44:54.019 [warning] [Decorations] CAPPING events from decorations provider vscode.git 1551
2024-07-15 17:45:02.960 [warning] [Decorations] CAPPING events from decorations provider vscode.git 1551
2024-07-15 17:45:08.093 [warning] [Decorations] CAPPING events from decorations provider vscode.git 1550
2024-07-15 17:45:19.416 [warning] [Decorations] CAPPING events from decorations provider vscode.git 1554
2024-07-15 17:45:31.852 [warning] [Decorations] CAPPING events from decorations provider vscode.git 1555
2024-07-15 17:46:21.650 [warning] [Decorations] CAPPING events from decorations provider vscode.git 1557
2024-07-15 17:46:26.776 [warning] [Decorations] CAPPING events from decorations provider vscode.git 1555
2024-07-15 17:46:38.220 [warning] [Decorations] CAPPING events from decorations provider vscode.git 1556
2024-07-15 17:46:43.345 [warning] [Decorations] CAPPING events from decorations provider vscode.git 1557
2024-07-15 17:46:55.645 [warning] [Decorations] CAPPING events from decorations provider vscode.git 1558
2024-07-15 17:47:00.777 [warning] [Decorations] CAPPING events from decorations provider vscode.git 1557
2024-07-15 17:47:05.905 [warning] [Decorations] CAPPING events from decorations provider vscode.git 1558
2024-07-15 17:47:14.507 [warning] [Decorations] CAPPING events from decorations provider vscode.git 1559
2024-07-15 17:47:19.630 [warning] [Decorations] CAPPING events from decorations provider vscode.git 1558
2024-07-15 17:47:24.751 [warning] [Decorations] CAPPING events from decorations provider vscode.git 1559
2024-07-15 17:47:29.882 [warning] [Decorations] CAPPING events from decorations provider vscode.git 1559
2024-07-15 17:47:35.003 [warning] [Decorations] CAPPING events from decorations provider vscode.git 1559
2024-07-15 17:47:40.128 [warning] [Decorations] CAPPING events from decorations provider vscode.git 1559
2024-07-15 17:47:45.259 [warning] [Decorations] CAPPING events from decorations provider vscode.git 1559
2024-07-15 17:48:03.928 [warning] [Decorations] CAPPING events from decorations provider vscode.git 1559
2024-07-15 17:48:09.052 [warning] [Decorations] CAPPING events from decorations provider vscode.git 1559
2024-07-15 17:48:35.573 [warning] [Decorations] CAPPING events from decorations provider vscode.git 1559
2024-07-15 17:48:40.700 [warning] [Decorations] CAPPING events from decorations provider vscode.git 1560
2024-07-15 17:48:45.824 [warning] [Decorations] CAPPING events from decorations provider vscode.git 1560
2024-07-15 17:48:50.950 [warning] [Decorations] CAPPING events from decorations provider vscode.git 1561
2024-07-15 17:48:59.170 [warning] [Decorations] CAPPING events from decorations provider vscode.git 1560
2024-07-15 17:49:07.086 [warning] [Decorations] CAPPING events from decorations provider vscode.git 1560
2024-07-15 17:49:12.209 [warning] [Decorations] CAPPING events from decorations provider vscode.git 1560
2024-07-15 17:49:20.868 [warning] [Decorations] CAPPING events from decorations provider vscode.git 1561
2024-07-15 17:49:29.447 [warning] [Decorations] CAPPING events from decorations provider vscode.git 1561
2024-07-15 17:49:38.832 [warning] [Decorations] CAPPING events from decorations provider vscode.git 1562
2024-07-15 17:49:43.957 [warning] [Decorations] CAPPING events from decorations provider vscode.git 1562
2024-07-15 17:49:49.080 [warning] [Decorations] CAPPING events from decorations provider vscode.git 1562
2024-07-15 17:49:57.522 [warning] [Decorations] CAPPING events from decorations provider vscode.git 1563
2024-07-15 17:50:02.644 [warning] [Decorations] CAPPING events from decorations provider vscode.git 1563
2024-07-15 17:50:07.768 [warning] [Decorations] CAPPING events from decorations provider vscode.git 1563
2024-07-15 17:50:12.890 [warning] [Decorations] CAPPING events from decorations provider vscode.git 1563
2024-07-15 17:50:18.014 [warning] [Decorations] CAPPING events from decorations provider vscode.git 1563
2024-07-15 17:50:23.137 [warning] [Decorations] CAPPING events from decorations provider vscode.git 1563
2024-07-15 17:50:28.263 [warning] [Decorations] CAPPING events from decorations provider vscode.git 1563
2024-07-15 17:50:33.393 [warning] [Decorations] CAPPING events from decorations provider vscode.git 1563
2024-07-15 17:50:45.616 [warning] [Decorations] CAPPING events from decorations provider vscode.git 1564
2024-07-15 17:50:50.742 [warning] [Decorations] CAPPING events from decorations provider vscode.git 1564
2024-07-15 17:50:55.871 [warning] [Decorations] CAPPING events from decorations provider vscode.git 1564
2024-07-15 17:51:00.997 [warning] [Decorations] CAPPING events from decorations provider vscode.git 1564
2024-07-15 17:51:06.122 [warning] [Decorations] CAPPING events from decorations provider vscode.git 1564
2024-07-15 17:51:11.250 [warning] [Decorations] CAPPING events from decorations provider vscode.git 1564
2024-07-15 17:51:16.373 [warning] [Decorations] CAPPING events from decorations provider vscode.git 1564
2024-07-15 17:51:21.498 [warning] [Decorations] CAPPING events from decorations provider vscode.git 1564
2024-07-15 17:51:26.621 [warning] [Decorations] CAPPING events from decorations provider vscode.git 1564
2024-07-15 17:51:31.740 [warning] [Decorations] CAPPING events from decorations provider vscode.git 1564
2024-07-15 17:51:36.867 [warning] [Decorations] CAPPING events from decorations provider vscode.git 1564
2024-07-15 17:51:41.992 [warning] [Decorations] CAPPING events from decorations provider vscode.git 1564
2024-07-15 17:51:47.124 [warning] [Decorations] CAPPING events from decorations provider vscode.git 1565
2024-07-15 17:51:52.248 [warning] [Decorations] CAPPING events from decorations provider vscode.git 1571
2024-07-15 17:51:57.373 [warning] [Decorations] CAPPING events from decorations provider vscode.git 1565
2024-07-15 17:52:11.026 [warning] [Decorations] CAPPING events from decorations provider vscode.git 1566
2024-07-15 17:55:54.803 [warning] [Decorations] CAPPING events from decorations provider vscode.git 1566
2024-07-15 17:56:07.182 [warning] [Decorations] CAPPING events from decorations provider vscode.git 1566
2024-07-15 17:56:27.470 [warning] [Decorations] CAPPING events from decorations provider vscode.git 1566
2024-07-15 17:56:32.599 [warning] [Decorations] CAPPING events from decorations provider vscode.git 1567
2024-07-15 17:56:37.725 [warning] [Decorations] CAPPING events from decorations provider vscode.git 1568
2024-07-15 17:56:42.846 [warning] [Decorations] CAPPING events from decorations provider vscode.git 1567
2024-07-15 17:56:47.970 [warning] [Decorations] CAPPING events from decorations provider vscode.git 1567
2024-07-15 17:56:53.091 [warning] [Decorations] CAPPING events from decorations provider vscode.git 1568
2024-07-15 17:56:58.218 [warning] [Decorations] CAPPING events from decorations provider vscode.git 1567
2024-07-15 17:57:03.343 [warning] [Decorations] CAPPING events from decorations provider vscode.git 1567
2024-07-15 17:57:08.462 [warning] [Decorations] CAPPING events from decorations provider vscode.git 1567
2024-07-15 17:57:13.584 [warning] [Decorations] CAPPING events from decorations provider vscode.git 1567
2024-07-15 17:57:18.709 [warning] [Decorations] CAPPING events from decorations provider vscode.git 1567
2024-07-15 17:57:23.834 [warning] [Decorations] CAPPING events from decorations provider vscode.git 1567
2024-07-15 17:57:28.957 [warning] [Decorations] CAPPING events from decorations provider vscode.git 1567
2024-07-15 17:57:34.082 [warning] [Decorations] CAPPING events from decorations provider vscode.git 1567
2024-07-15 17:58:00.785 [warning] [Decorations] CAPPING events from decorations provider vscode.git 1568
2024-07-15 17:58:05.912 [warning] [Decorations] CAPPING events from decorations provider vscode.git 1567
2024-07-15 17:58:11.040 [warning] [Decorations] CAPPING events from decorations provider vscode.git 1567
2024-07-15 17:58:16.166 [warning] [Decorations] CAPPING events from decorations provider vscode.git 1567
2024-07-15 17:58:21.294 [warning] [Decorations] CAPPING events from decorations provider vscode.git 1567
2024-07-15 17:58:26.418 [warning] [Decorations] CAPPING events from decorations provider vscode.git 1567
2024-07-15 17:58:31.542 [warning] [Decorations] CAPPING events from decorations provider vscode.git 1567
2024-07-15 17:58:36.674 [warning] [Decorations] CAPPING events from decorations provider vscode.git 1567
2024-07-15 17:58:41.798 [warning] [Decorations] CAPPING events from decorations provider vscode.git 1567
2024-07-15 17:58:50.864 [warning] [Decorations] CAPPING events from decorations provider vscode.git 1567
2024-07-15 17:58:57.673 [warning] [Decorations] CAPPING events from decorations provider vscode.git 1567
2024-07-15 17:59:02.794 [warning] [Decorations] CAPPING events from decorations provider vscode.git 1567
2024-07-15 17:59:07.917 [warning] [Decorations] CAPPING events from decorations provider vscode.git 1567
2024-07-15 17:59:13.042 [warning] [Decorations] CAPPING events from decorations provider vscode.git 1567
2024-07-15 17:59:18.172 [warning] [Decorations] CAPPING events from decorations provider vscode.git 1567
2024-07-15 17:59:23.302 [warning] [Decorations] CAPPING events from decorations provider vscode.git 1567
2024-07-15 17:59:28.423 [warning] [Decorations] CAPPING events from decorations provider vscode.git 1568
2024-07-15 17:59:33.545 [warning] [Decorations] CAPPING events from decorations provider vscode.git 1569
2024-07-15 17:59:38.669 [warning] [Decorations] CAPPING events from decorations provider vscode.git 1568
2024-07-15 17:59:43.794 [warning] [Decorations] CAPPING events from decorations provider vscode.git 1568
2024-07-15 17:59:48.929 [warning] [Decorations] CAPPING events from decorations provider vscode.git 1568
2024-07-15 17:59:54.053 [warning] [Decorations] CAPPING events from decorations provider vscode.git 1568
2024-07-15 17:59:59.172 [warning] [Decorations] CAPPING events from decorations provider vscode.git 1568
2024-07-15 18:00:04.296 [warning] [Decorations] CAPPING events from decorations provider vscode.git 1568
2024-07-15 18:00:09.419 [warning] [Decorations] CAPPING events from decorations provider vscode.git 1568
2024-07-15 18:00:14.539 [warning] [Decorations] CAPPING events from decorations provider vscode.git 1569
2024-07-15 18:00:19.660 [warning] [Decorations] CAPPING events from decorations provider vscode.git 1569
2024-07-15 18:00:24.823 [warning] [Decorations] CAPPING events from decorations provider vscode.git 1569
2024-07-15 18:00:29.951 [warning] [Decorations] CAPPING events from decorations provider vscode.git 1569
2024-07-15 18:00:35.750 [warning] [Decorations] CAPPING events from decorations provider vscode.git 1570
2024-07-15 18:00:40.872 [warning] [Decorations] CAPPING events from decorations provider vscode.git 1569
2024-07-15 18:00:46.002 [warning] [Decorations] CAPPING events from decorations provider vscode.git 1569
2024-07-15 18:00:55.569 [warning] [Decorations] CAPPING events from decorations provider vscode.git 1570
2024-07-15 18:01:00.698 [warning] [Decorations] CAPPING events from decorations provider vscode.git 1570
2024-07-15 18:01:05.827 [warning] [Decorations] CAPPING events from decorations provider vscode.git 1570
2024-07-15 18:01:10.951 [warning] [Decorations] CAPPING events from decorations provider vscode.git 1570
2024-07-15 18:01:16.074 [warning] [Decorations] CAPPING events from decorations provider vscode.git 1570
2024-07-15 18:01:21.195 [warning] [Decorations] CAPPING events from decorations provider vscode.git 1570
2024-07-15 18:01:26.318 [warning] [Decorations] CAPPING events from decorations provider vscode.git 1570
2024-07-15 18:01:31.442 [warning] [Decorations] CAPPING events from decorations provider vscode.git 1570
2024-07-15 18:01:36.570 [warning] [Decorations] CAPPING events from decorations provider vscode.git 1570
2024-07-15 18:01:41.691 [warning] [Decorations] CAPPING events from decorations provider vscode.git 1570
2024-07-15 18:01:46.815 [warning] [Decorations] CAPPING events from decorations provider vscode.git 1571
2024-07-15 18:01:51.942 [warning] [Decorations] CAPPING events from decorations provider vscode.git 1571
2024-07-15 18:01:59.017 [warning] [Decorations] CAPPING events from decorations provider vscode.git 1572
2024-07-15 18:02:04.138 [warning] [Decorations] CAPPING events from decorations provider vscode.git 1571
2024-07-15 18:02:09.256 [warning] [Decorations] CAPPING events from decorations provider vscode.git 1571
2024-07-15 18:02:14.380 [warning] [Decorations] CAPPING events from decorations provider vscode.git 1571
2024-07-15 18:02:19.506 [warning] [Decorations] CAPPING events from decorations provider vscode.git 1571
2024-07-15 18:02:24.655 [warning] [Decorations] CAPPING events from decorations provider vscode.git 1571
2024-07-15 18:02:29.786 [warning] [Decorations] CAPPING events from decorations provider vscode.git 1571
2024-07-15 18:02:37.464 [warning] [Decorations] CAPPING events from decorations provider vscode.git 1572
2024-07-15 18:02:42.588 [warning] [Decorations] CAPPING events from decorations provider vscode.git 1573
2024-07-15 18:02:52.696 [warning] [Decorations] CAPPING events from decorations provider vscode.git 1573
2024-07-15 18:02:57.821 [warning] [Decorations] CAPPING events from decorations provider vscode.git 1574
2024-07-15 18:03:02.942 [warning] [Decorations] CAPPING events from decorations provider vscode.git 1574
2024-07-15 18:03:08.064 [warning] [Decorations] CAPPING events from decorations provider vscode.git 1574
2024-07-15 18:03:13.189 [warning] [Decorations] CAPPING events from decorations provider vscode.git 1574
2024-07-15 18:03:22.082 [warning] [Decorations] CAPPING events from decorations provider vscode.git 1575
2024-07-15 18:03:27.208 [warning] [Decorations] CAPPING events from decorations provider vscode.git 1574
2024-07-15 18:03:32.340 [warning] [Decorations] CAPPING events from decorations provider vscode.git 1574
2024-07-15 18:03:37.475 [warning] [Decorations] CAPPING events from decorations provider vscode.git 1574
2024-07-15 18:03:55.143 [warning] [Decorations] CAPPING events from decorations provider vscode.git 1575
2024-07-15 18:04:00.271 [warning] [Decorations] CAPPING events from decorations provider vscode.git 1575
2024-07-15 18:04:05.400 [warning] [Decorations] CAPPING events from decorations provider vscode.git 1576
2024-07-15 18:04:10.524 [warning] [Decorations] CAPPING events from decorations provider vscode.git 1577
2024-07-15 18:04:15.650 [warning] [Decorations] CAPPING events from decorations provider vscode.git 1577
2024-07-15 18:04:20.784 [warning] [Decorations] CAPPING events from decorations provider vscode.git 1577
2024-07-15 18:04:25.904 [warning] [Decorations] CAPPING events from decorations provider vscode.git 1577
2024-07-15 18:04:31.038 [warning] [Decorations] CAPPING events from decorations provider vscode.git 1577
2024-07-15 18:04:36.161 [warning] [Decorations] CAPPING events from decorations provider vscode.git 1577
2024-07-15 18:04:41.283 [warning] [Decorations] CAPPING events from decorations provider vscode.git 1578
2024-07-15 18:04:46.405 [warning] [Decorations] CAPPING events from decorations provider vscode.git 1577
2024-07-15 18:04:51.527 [warning] [Decorations] CAPPING events from decorations provider vscode.git 1578
2024-07-15 18:04:56.648 [warning] [Decorations] CAPPING events from decorations provider vscode.git 1578
2024-07-15 18:05:08.693 [warning] [Decorations] CAPPING events from decorations provider vscode.git 1579
2024-07-15 18:05:13.835 [warning] [Decorations] CAPPING events from decorations provider vscode.git 1578
2024-07-15 18:05:18.960 [warning] [Decorations] CAPPING events from decorations provider vscode.git 1578
2024-07-15 18:05:24.092 [warning] [Decorations] CAPPING events from decorations provider vscode.git 1578
2024-07-15 18:05:29.214 [warning] [Decorations] CAPPING events from decorations provider vscode.git 1578
2024-07-15 18:05:34.338 [warning] [Decorations] CAPPING events from decorations provider vscode.git 1578
2024-07-15 18:05:39.459 [warning] [Decorations] CAPPING events from decorations provider vscode.git 1578
2024-07-15 18:05:44.584 [warning] [Decorations] CAPPING events from decorations provider vscode.git 1579
2024-07-15 18:05:49.705 [warning] [Decorations] CAPPING events from decorations provider vscode.git 1579
2024-07-15 18:05:54.826 [warning] [Decorations] CAPPING events from decorations provider vscode.git 1579
2024-07-15 18:05:59.947 [warning] [Decorations] CAPPING events from decorations provider vscode.git 1579
2024-07-15 18:06:05.069 [warning] [Decorations] CAPPING events from decorations provider vscode.git 1579
2024-07-15 18:06:24.485 [warning] [Decorations] CAPPING events from decorations provider vscode.git 1580
2024-07-15 18:06:29.615 [warning] [Decorations] CAPPING events from decorations provider vscode.git 1579
2024-07-15 18:06:34.743 [warning] [Decorations] CAPPING events from decorations provider vscode.git 1579
2024-07-15 18:06:39.865 [warning] [Decorations] CAPPING events from decorations provider vscode.git 1579
2024-07-15 18:06:44.989 [warning] [Decorations] CAPPING events from decorations provider vscode.git 1579
2024-07-15 18:06:50.115 [warning] [Decorations] CAPPING events from decorations provider vscode.git 1579
2024-07-15 18:06:55.239 [warning] [Decorations] CAPPING events from decorations provider vscode.git 1579
2024-07-15 18:07:00.359 [warning] [Decorations] CAPPING events from decorations provider vscode.git 1579
2024-07-15 18:07:05.481 [warning] [Decorations] CAPPING events from decorations provider vscode.git 1579
2024-07-15 18:07:10.605 [warning] [Decorations] CAPPING events from decorations provider vscode.git 1579
2024-07-15 18:07:15.734 [warning] [Decorations] CAPPING events from decorations provider vscode.git 1579
2024-07-15 18:07:20.864 [warning] [Decorations] CAPPING events from decorations provider vscode.git 1579
2024-07-15 18:07:25.988 [warning] [Decorations] CAPPING events from decorations provider vscode.git 1579
2024-07-15 18:07:31.109 [warning] [Decorations] CAPPING events from decorations provider vscode.git 1580
2024-07-15 18:07:36.231 [warning] [Decorations] CAPPING events from decorations provider vscode.git 1580
2024-07-15 18:07:41.355 [warning] [Decorations] CAPPING events from decorations provider vscode.git 1580
2024-07-15 18:07:46.482 [warning] [Decorations] CAPPING events from decorations provider vscode.git 1580
2024-07-15 18:07:51.603 [warning] [Decorations] CAPPING events from decorations provider vscode.git 1580
2024-07-15 18:07:56.734 [warning] [Decorations] CAPPING events from decorations provider vscode.git 1580
2024-07-15 18:08:01.859 [warning] [Decorations] CAPPING events from decorations provider vscode.git 1580
2024-07-15 18:08:06.981 [warning] [Decorations] CAPPING events from decorations provider vscode.git 1580
2024-07-15 18:08:12.109 [warning] [Decorations] CAPPING events from decorations provider vscode.git 1580
2024-07-15 18:08:17.233 [warning] [Decorations] CAPPING events from decorations provider vscode.git 1580
2024-07-15 18:08:22.360 [warning] [Decorations] CAPPING events from decorations provider vscode.git 1580
2024-07-15 18:08:27.482 [warning] [Decorations] CAPPING events from decorations provider vscode.git 1580
2024-07-15 18:08:32.607 [warning] [Decorations] CAPPING events from decorations provider vscode.git 1580
2024-07-15 18:08:37.738 [warning] [Decorations] CAPPING events from decorations provider vscode.git 1580
2024-07-15 18:08:42.862 [warning] [Decorations] CAPPING events from decorations provider vscode.git 1580
2024-07-15 18:08:47.988 [warning] [Decorations] CAPPING events from decorations provider vscode.git 1580
2024-07-15 18:08:53.113 [warning] [Decorations] CAPPING events from decorations provider vscode.git 1580
2024-07-15 18:09:02.672 [warning] [Decorations] CAPPING events from decorations provider vscode.git 1581
2024-07-15 18:09:07.807 [warning] [Decorations] CAPPING events from decorations provider vscode.git 1580
2024-07-15 18:09:12.934 [warning] [Decorations] CAPPING events from decorations provider vscode.git 1581
2024-07-15 18:09:18.055 [warning] [Decorations] CAPPING events from decorations provider vscode.git 1582
2024-07-15 18:09:23.178 [warning] [Decorations] CAPPING events from decorations provider vscode.git 1581
2024-07-15 18:09:28.301 [warning] [Decorations] CAPPING events from decorations provider vscode.git 1581
2024-07-15 18:09:33.438 [warning] [Decorations] CAPPING events from decorations provider vscode.git 1581
2024-07-15 18:09:38.570 [warning] [Decorations] CAPPING events from decorations provider vscode.git 1581
2024-07-15 18:09:43.690 [warning] [Decorations] CAPPING events from decorations provider vscode.git 1581
2024-07-15 18:09:48.810 [warning] [Decorations] CAPPING events from decorations provider vscode.git 1582
2024-07-15 18:09:53.935 [warning] [Decorations] CAPPING events from decorations provider vscode.git 1582
2024-07-15 18:09:59.058 [warning] [Decorations] CAPPING events from decorations provider vscode.git 1581
2024-07-15 18:10:30.912 [warning] [Decorations] CAPPING events from decorations provider vscode.git 1582
2024-07-15 18:10:36.044 [warning] [Decorations] CAPPING events from decorations provider vscode.git 1581
2024-07-15 18:10:41.167 [warning] [Decorations] CAPPING events from decorations provider vscode.git 1581
2024-07-15 18:10:46.291 [warning] [Decorations] CAPPING events from decorations provider vscode.git 1581
2024-07-15 18:10:51.421 [warning] [Decorations] CAPPING events from decorations provider vscode.git 1581
2024-07-15 18:11:08.548 [warning] [Decorations] CAPPING events from decorations provider vscode.git 1582
2024-07-15 18:11:13.673 [warning] [Decorations] CAPPING events from decorations provider vscode.git 1582
2024-07-15 18:11:18.805 [warning] [Decorations] CAPPING events from decorations provider vscode.git 1582
2024-07-15 18:11:23.937 [warning] [Decorations] CAPPING events from decorations provider vscode.git 1582
2024-07-15 18:11:37.696 [warning] [Decorations] CAPPING events from decorations provider vscode.git 1583
2024-07-15 18:11:42.820 [warning] [Decorations] CAPPING events from decorations provider vscode.git 1583
2024-07-15 18:11:47.943 [warning] [Decorations] CAPPING events from decorations provider vscode.git 1584
2024-07-15 18:11:53.063 [warning] [Decorations] CAPPING events from decorations provider vscode.git 1585
2024-07-15 18:11:58.191 [warning] [Decorations] CAPPING events from decorations provider vscode.git 1584
2024-07-15 18:12:03.315 [warning] [Decorations] CAPPING events from decorations provider vscode.git 1584
2024-07-15 18:12:08.441 [warning] [Decorations] CAPPING events from decorations provider vscode.git 1584
2024-07-15 18:12:13.580 [warning] [Decorations] CAPPING events from decorations provider vscode.git 1584
2024-07-15 18:12:18.707 [warning] [Decorations] CAPPING events from decorations provider vscode.git 1584
2024-07-15 18:12:23.832 [warning] [Decorations] CAPPING events from decorations provider vscode.git 1584
2024-07-15 18:12:28.957 [warning] [Decorations] CAPPING events from decorations provider vscode.git 1584
2024-07-15 18:12:34.096 [warning] [Decorations] CAPPING events from decorations provider vscode.git 1585
2024-07-15 18:12:39.223 [warning] [Decorations] CAPPING events from decorations provider vscode.git 1585
2024-07-15 18:12:57.273 [warning] [Decorations] CAPPING events from decorations provider vscode.git 1586
2024-07-15 18:13:02.401 [warning] [Decorations] CAPPING events from decorations provider vscode.git 1585
2024-07-15 18:13:07.529 [warning] [Decorations] CAPPING events from decorations provider vscode.git 1585
2024-07-15 18:13:12.650 [warning] [Decorations] CAPPING events from decorations provider vscode.git 1586
2024-07-15 18:13:17.779 [warning] [Decorations] CAPPING events from decorations provider vscode.git 1586
2024-07-15 18:13:22.903 [warning] [Decorations] CAPPING events from decorations provider vscode.git 1586
2024-07-15 18:13:28.029 [warning] [Decorations] CAPPING events from decorations provider vscode.git 1586
2024-07-15 18:13:33.157 [warning] [Decorations] CAPPING events from decorations provider vscode.git 1586
2024-07-15 18:13:38.286 [warning] [Decorations] CAPPING events from decorations provider vscode.git 1586
2024-07-15 18:13:43.413 [warning] [Decorations] CAPPING events from decorations provider vscode.git 1586
2024-07-15 18:13:48.540 [warning] [Decorations] CAPPING events from decorations provider vscode.git 1587
2024-07-15 18:13:53.661 [warning] [Decorations] CAPPING events from decorations provider vscode.git 1587
2024-07-15 18:13:58.780 [warning] [Decorations] CAPPING events from decorations provider vscode.git 1588
2024-07-15 18:14:03.901 [warning] [Decorations] CAPPING events from decorations provider vscode.git 1588
2024-07-15 18:14:09.022 [warning] [Decorations] CAPPING events from decorations provider vscode.git 1589
2024-07-15 18:14:14.154 [warning] [Decorations] CAPPING events from decorations provider vscode.git 1588
2024-07-15 18:14:53.035 [warning] [Decorations] CAPPING events from decorations provider vscode.git 1588
2024-07-15 18:14:58.163 [warning] [Decorations] CAPPING events from decorations provider vscode.git 1588
2024-07-15 18:15:03.288 [warning] [Decorations] CAPPING events from decorations provider vscode.git 1589
2024-07-15 18:15:08.409 [warning] [Decorations] CAPPING events from decorations provider vscode.git 1589
2024-07-15 18:15:16.318 [warning] [Decorations] CAPPING events from decorations provider vscode.git 1590
2024-07-15 18:15:21.441 [warning] [Decorations] CAPPING events from decorations provider vscode.git 1590
2024-07-15 18:15:26.564 [warning] [Decorations] CAPPING events from decorations provider vscode.git 1590
2024-07-15 18:15:31.687 [warning] [Decorations] CAPPING events from decorations provider vscode.git 1591
2024-07-15 18:15:37.094 [warning] [Decorations] CAPPING events from decorations provider vscode.git 1590
2024-07-15 18:15:42.221 [warning] [Decorations] CAPPING events from decorations provider vscode.git 1590
2024-07-15 18:15:47.346 [warning] [Decorations] CAPPING events from decorations provider vscode.git 1591
2024-07-15 18:15:52.478 [warning] [Decorations] CAPPING events from decorations provider vscode.git 1591
2024-07-15 18:16:02.086 [warning] [Decorations] CAPPING events from decorations provider vscode.git 1592
2024-07-15 18:16:07.210 [warning] [Decorations] CAPPING events from decorations provider vscode.git 1591
2024-07-15 18:16:24.041 [warning] [Decorations] CAPPING events from decorations provider vscode.git 1592
2024-07-15 18:16:36.558 [warning] [Decorations] CAPPING events from decorations provider vscode.git 1592
2024-07-15 18:16:41.686 [warning] [Decorations] CAPPING events from decorations provider vscode.git 1593
2024-07-15 18:16:46.811 [warning] [Decorations] CAPPING events from decorations provider vscode.git 1593
2024-07-15 18:16:52.114 [warning] [Decorations] CAPPING events from decorations provider vscode.git 1593
2024-07-15 18:16:57.237 [warning] [Decorations] CAPPING events from decorations provider vscode.git 1594
2024-07-15 18:17:07.543 [warning] [Decorations] CAPPING events from decorations provider vscode.git 1594
2024-07-15 18:17:12.670 [warning] [Decorations] CAPPING events from decorations provider vscode.git 1594
2024-07-15 18:17:20.479 [warning] [Decorations] CAPPING events from decorations provider vscode.git 1595
2024-07-15 18:17:32.595 [warning] [Decorations] CAPPING events from decorations provider vscode.git 1595
2024-07-15 18:17:40.086 [warning] [Decorations] CAPPING events from decorations provider vscode.git 1596
2024-07-15 18:17:46.172 [warning] [Decorations] CAPPING events from decorations provider vscode.git 1596
2024-07-15 18:18:21.884 [warning] [Decorations] CAPPING events from decorations provider vscode.git 1609
2024-07-15 18:18:27.013 [warning] [Decorations] CAPPING events from decorations provider vscode.git 1609
2024-07-15 18:18:32.139 [warning] [Decorations] CAPPING events from decorations provider vscode.git 1610
2024-07-15 18:18:37.265 [warning] [Decorations] CAPPING events from decorations provider vscode.git 1610
2024-07-15 18:18:42.418 [warning] [Decorations] CAPPING events from decorations provider vscode.git 1610
2024-07-15 18:18:47.544 [warning] [Decorations] CAPPING events from decorations provider vscode.git 1611
2024-07-15 18:18:52.667 [warning] [Decorations] CAPPING events from decorations provider vscode.git 1612
2024-07-15 18:19:48.530 [warning] [Decorations] CAPPING events from decorations provider vscode.git 1611
2024-07-15 18:19:53.665 [warning] [Decorations] CAPPING events from decorations provider vscode.git 1611
2024-07-15 18:20:03.374 [warning] [Decorations] CAPPING events from decorations provider vscode.git 1612
2024-07-15 18:20:08.511 [warning] [Decorations] CAPPING events from decorations provider vscode.git 1611
2024-07-15 18:20:13.636 [warning] [Decorations] CAPPING events from decorations provider vscode.git 1612
2024-07-15 18:20:18.759 [warning] [Decorations] CAPPING events from decorations provider vscode.git 1612
2024-07-15 18:20:23.879 [warning] [Decorations] CAPPING events from decorations provider vscode.git 1612
2024-07-15 18:20:29.004 [warning] [Decorations] CAPPING events from decorations provider vscode.git 1613
2024-07-15 18:20:34.126 [warning] [Decorations] CAPPING events from decorations provider vscode.git 1613
2024-07-15 18:20:39.253 [warning] [Decorations] CAPPING events from decorations provider vscode.git 1613
2024-07-15 18:20:45.252 [warning] [Decorations] CAPPING events from decorations provider vscode.git 1613
2024-07-15 18:20:50.377 [warning] [Decorations] CAPPING events from decorations provider vscode.git 1613
2024-07-15 18:20:55.508 [warning] [Decorations] CAPPING events from decorations provider vscode.git 1613
2024-07-15 18:21:00.629 [warning] [Decorations] CAPPING events from decorations provider vscode.git 1614
2024-07-15 18:21:05.754 [warning] [Decorations] CAPPING events from decorations provider vscode.git 1614
2024-07-15 18:21:16.507 [warning] [Decorations] CAPPING events from decorations provider vscode.git 1614
2024-07-15 18:21:21.629 [warning] [Decorations] CAPPING events from decorations provider vscode.git 1614
2024-07-15 18:21:26.756 [warning] [Decorations] CAPPING events from decorations provider vscode.git 1614
2024-07-15 18:21:31.883 [warning] [Decorations] CAPPING events from decorations provider vscode.git 1614
2024-07-15 18:21:37.010 [warning] [Decorations] CAPPING events from decorations provider vscode.git 1614
2024-07-15 18:21:42.133 [warning] [Decorations] CAPPING events from decorations provider vscode.git 1615
2024-07-15 18:21:47.258 [warning] [Decorations] CAPPING events from decorations provider vscode.git 1615
2024-07-15 18:21:52.380 [warning] [Decorations] CAPPING events from decorations provider vscode.git 1615
2024-07-15 18:21:57.501 [warning] [Decorations] CAPPING events from decorations provider vscode.git 1616
2024-07-15 18:22:02.623 [warning] [Decorations] CAPPING events from decorations provider vscode.git 1621
2024-07-15 18:22:07.745 [warning] [Decorations] CAPPING events from decorations provider vscode.git 1617
2024-07-15 18:22:19.128 [warning] [Decorations] CAPPING events from decorations provider vscode.git 1616
2024-07-15 18:22:24.252 [warning] [Decorations] CAPPING events from decorations provider vscode.git 1616
2024-07-15 18:22:36.972 [warning] [Decorations] CAPPING events from decorations provider vscode.git 1617
2024-07-15 18:22:46.306 [warning] [Decorations] CAPPING events from decorations provider vscode.git 1618
2024-07-15 18:22:51.427 [warning] [Decorations] CAPPING events from decorations provider vscode.git 1619
2024-07-15 18:22:56.561 [warning] [Decorations] CAPPING events from decorations provider vscode.git 1619
2024-07-15 18:23:01.686 [warning] [Decorations] CAPPING events from decorations provider vscode.git 1619
2024-07-15 18:23:06.808 [warning] [Decorations] CAPPING events from decorations provider vscode.git 1619
2024-07-15 18:23:11.932 [warning] [Decorations] CAPPING events from decorations provider vscode.git 1620
2024-07-15 18:23:17.065 [warning] [Decorations] CAPPING events from decorations provider vscode.git 1620
2024-07-15 18:23:22.190 [warning] [Decorations] CAPPING events from decorations provider vscode.git 1620
2024-07-15 18:23:27.311 [warning] [Decorations] CAPPING events from decorations provider vscode.git 1621
2024-07-15 18:23:32.432 [warning] [Decorations] CAPPING events from decorations provider vscode.git 1620
2024-07-15 18:23:37.560 [warning] [Decorations] CAPPING events from decorations provider vscode.git 1620
2024-07-15 18:23:42.684 [warning] [Decorations] CAPPING events from decorations provider vscode.git 1620
2024-07-15 18:23:47.808 [warning] [Decorations] CAPPING events from decorations provider vscode.git 1620
2024-07-15 18:23:52.934 [warning] [Decorations] CAPPING events from decorations provider vscode.git 1620
2024-07-15 18:23:58.057 [warning] [Decorations] CAPPING events from decorations provider vscode.git 1620
2024-07-15 18:24:45.373 [warning] [Decorations] CAPPING events from decorations provider vscode.git 1625
2024-07-15 18:24:50.529 [warning] [Decorations] CAPPING events from decorations provider vscode.git 1624
2024-07-15 18:24:55.662 [warning] [Decorations] CAPPING events from decorations provider vscode.git 1624
2024-07-15 18:25:00.788 [warning] [Decorations] CAPPING events from decorations provider vscode.git 1624
2024-07-15 18:25:05.911 [warning] [Decorations] CAPPING events from decorations provider vscode.git 1625
2024-07-15 18:25:11.031 [warning] [Decorations] CAPPING events from decorations provider vscode.git 1626
2024-07-15 18:25:16.156 [warning] [Decorations] CAPPING events from decorations provider vscode.git 1626
2024-07-15 18:25:21.279 [warning] [Decorations] CAPPING events from decorations provider vscode.git 1626
2024-07-15 18:25:26.400 [warning] [Decorations] CAPPING events from decorations provider vscode.git 1627
2024-07-15 18:29:28.428 [warning] [Decorations] CAPPING events from decorations provider vscode.git 1636
2024-07-15 18:29:35.090 [warning] [Decorations] CAPPING events from decorations provider vscode.git 1629
2024-07-15 18:29:40.216 [warning] [Decorations] CAPPING events from decorations provider vscode.git 1629
2024-07-15 18:29:45.340 [warning] [Decorations] CAPPING events from decorations provider vscode.git 1629
2024-07-15 18:29:50.463 [warning] [Decorations] CAPPING events from decorations provider vscode.git 1630
2024-07-15 18:29:55.585 [warning] [Decorations] CAPPING events from decorations provider vscode.git 1631
2024-07-15 18:30:00.708 [warning] [Decorations] CAPPING events from decorations provider vscode.git 1629
2024-07-15 18:30:05.832 [warning] [Decorations] CAPPING events from decorations provider vscode.git 1631
2024-07-15 18:30:10.960 [warning] [Decorations] CAPPING events from decorations provider vscode.git 1629
2024-07-15 18:30:16.081 [warning] [Decorations] CAPPING events from decorations provider vscode.git 1629
2024-07-15 18:30:21.202 [warning] [Decorations] CAPPING events from decorations provider vscode.git 1629
2024-07-15 18:30:26.328 [warning] [Decorations] CAPPING events from decorations provider vscode.git 1629
2024-07-15 18:30:31.451 [warning] [Decorations] CAPPING events from decorations provider vscode.git 1629
2024-07-15 18:30:36.574 [warning] [Decorations] CAPPING events from decorations provider vscode.git 1629
2024-07-15 18:30:41.697 [warning] [Decorations] CAPPING events from decorations provider vscode.git 1629
