2024-07-14 20:57:17.152 [info] Extension host with pid 2992 started
2024-07-14 20:57:17.153 [info] Skipping acquiring lock for /home/rajeev/.config/Code - OSS/User/workspaceStorage/54ef25f0a5425e4c1b97e5debfe400ce.
2024-07-14 20:57:17.248 [info] ExtensionService#_doActivateExtension vscode.git-base, startup: true, activationEvent: '*'
2024-07-14 20:57:17.290 [info] ExtensionService#_doActivateExtension vscode.github, startup: true, activationEvent: '*'
2024-07-14 20:57:17.302 [info] Eager extensions activated
2024-07-14 20:57:17.307 [info] ExtensionService#_doActivateExtension vscode.debug-auto-launch, startup: false, activationEvent: 'onStartupFinished'
2024-07-14 20:57:17.309 [info] ExtensionService#_doActivateExtension vscode.merge-conflict, startup: false, activationEvent: 'onStartupFinished'
2024-07-14 20:57:23.577 [info] ExtensionService#_doActivateExtension vscode.git, startup: false, activationEvent: 'api', root cause: vscode.github
2024-07-14 20:57:33.324 [info] ExtensionService#_doActivateExtension vscode.emmet, startup: false, activationEvent: 'onLanguage'
2024-07-14 21:02:54.217 [info] ExtensionService#_doActivateExtension vscode.configuration-editing, startup: false, activationEvent: 'onLanguage:json'
2024-07-14 21:02:54.223 [info] ExtensionService#_doActivateExtension vscode.extension-editing, startup: false, activationEvent: 'onLanguage:json'
2024-07-14 21:02:54.240 [info] ExtensionService#_doActivateExtension vscode.json-language-features, startup: false, activationEvent: 'onLanguage:json'
2024-07-14 21:02:54.260 [info] ExtensionService#_doActivateExtension vscode.npm, startup: false, activationEvent: 'onLanguage:json'
2024-07-14 21:03:09.269 [info] ExtensionService#_doActivateExtension vscode.css-language-features, startup: false, activationEvent: 'onLanguage:css'
2024-07-14 21:03:51.361 [info] ExtensionService#_doActivateExtension vscode.typescript-language-features, startup: false, activationEvent: 'onLanguage:jsonc'
2024-07-14 21:18:27.953 [error] Error: No such branch: .invalid.
	at F.getBranch (/usr/lib/code/extensions/git/dist/main.js:2:935457)
	at async T.retryRun (/usr/lib/code/extensions/git/dist/main.js:2:1028191)
	at async T.run (/usr/lib/code/extensions/git/dist/main.js:2:1027795)
	at async T.getBranch (/usr/lib/code/extensions/git/dist/main.js:2:1016176)
	at async T.getBranchBase (/usr/lib/code/extensions/git/dist/main.js:2:1016462)
	at async t.GitHistoryProvider.resolveHEADMergeBase (/usr/lib/code/extensions/git/dist/main.js:2:945925)
	at async t.GitHistoryProvider.onDidRunGitStatus (/usr/lib/code/extensions/git/dist/main.js:2:940157)
2024-07-14 21:18:27.979 [error] Error: No such branch: .invalid.
	at F.getBranch (/usr/lib/code/extensions/git/dist/main.js:2:935457)
	at async T.retryRun (/usr/lib/code/extensions/git/dist/main.js:2:1028191)
	at async T.run (/usr/lib/code/extensions/git/dist/main.js:2:1027795)
	at async T.getBranch (/usr/lib/code/extensions/git/dist/main.js:2:1016176)
	at async T.getBranchBase (/usr/lib/code/extensions/git/dist/main.js:2:1016462)
	at async t.GitHistoryProvider.resolveHEADMergeBase (/usr/lib/code/extensions/git/dist/main.js:2:945925)
	at async t.GitHistoryProvider.onDidRunGitStatus (/usr/lib/code/extensions/git/dist/main.js:2:940157)
