2024-07-15 13:06:10.442 [info] Log level: Info
2024-07-15 13:06:10.442 [info] Validating found git in: "git"
2024-07-15 13:06:10.442 [info] Using git "2.45.2" from "git"
2024-07-15 13:06:10.442 [info] > git rev-parse --show-toplevel [6ms]
2024-07-15 13:06:10.442 [info] > git rev-parse --git-dir --git-common-dir [2ms]
2024-07-15 13:06:10.442 [info] Open repository: /home/rajeev/.config
2024-07-15 13:06:10.463 [info] > git rev-parse --show-toplevel [11ms]
2024-07-15 13:06:10.464 [info] > git config --get commit.template [16ms]
2024-07-15 13:06:10.471 [info] > git for-each-ref --format=%(refname)%00%(upstream:short)%00%(objectname)%00%(upstream:track)%00%(upstream:remotename)%00%(upstream:remoteref) refs/heads/master refs/remotes/master [2ms]
2024-07-15 13:06:10.486 [info] > git rev-parse --show-toplevel [3ms]
2024-07-15 13:06:10.493 [info] > git rev-parse --show-toplevel [2ms]
2024-07-15 13:06:10.499 [info] > git rev-parse --show-toplevel [2ms]
2024-07-15 13:06:10.505 [info] > git rev-parse --show-toplevel [1ms]
2024-07-15 13:06:10.511 [info] > git rev-parse --show-toplevel [1ms]
2024-07-15 13:06:10.516 [info] > git rev-parse --show-toplevel [1ms]
2024-07-15 13:06:10.523 [info] > git rev-parse --show-toplevel [1ms]
2024-07-15 13:06:10.529 [info] > git rev-parse --show-toplevel [2ms]
2024-07-15 13:06:10.535 [info] > git rev-parse --show-toplevel [1ms]
2024-07-15 13:06:10.541 [info] > git status -z -uall [63ms]
2024-07-15 13:06:10.572 [info] > git for-each-ref --format=%(refname)%00%(upstream:short)%00%(objectname)%00%(upstream:track)%00%(upstream:remotename)%00%(upstream:remoteref) refs/heads/master refs/remotes/master [22ms]
2024-07-15 13:06:10.577 [info] > git rev-parse --show-toplevel [38ms]
2024-07-15 13:06:10.583 [info] > git config --local branch.master.vscode-merge-base [6ms]
2024-07-15 13:06:10.583 [warning] git config failed: Failed to execute git
2024-07-15 13:06:10.589 [info] > git config --get commit.template [18ms]
2024-07-15 13:06:10.592 [info] > git reflog master --grep-reflog=branch: Created from *. [3ms]
2024-07-15 13:06:10.597 [info] > git rev-parse --show-toplevel [15ms]
2024-07-15 13:06:10.608 [info] > git symbolic-ref --short refs/remotes/origin/HEAD [11ms]
2024-07-15 13:06:10.608 [info] fatal: ref refs/remotes/origin/HEAD is not a symbolic ref
2024-07-15 13:06:10.615 [info] > git rev-parse --show-toplevel [7ms]
2024-07-15 13:06:10.615 [info] > git for-each-ref --format=%(refname)%00%(upstream:short)%00%(objectname)%00%(upstream:track)%00%(upstream:remotename)%00%(upstream:remoteref) refs/heads/master refs/remotes/master [11ms]
2024-07-15 13:06:10.631 [info] > git merge-base refs/heads/master refs/remotes/origin/master [17ms]
2024-07-15 13:06:10.638 [info] > git rev-list --count --left-right refs/heads/master...refs/remotes/origin/master [2ms]
2024-07-15 13:06:10.643 [info] > git rev-parse --show-toplevel [12ms]
2024-07-15 13:06:10.701 [info] > git diff --name-status -z --diff-filter=ADMR 2cfa392eedf184428b9713bef2d6234cea732f5c...refs/remotes/origin/master [58ms]
2024-07-15 13:06:10.707 [info] > git rev-parse --show-toplevel [5ms]
2024-07-15 13:06:10.712 [info] > git rev-parse --show-toplevel [1ms]
2024-07-15 13:06:10.782 [info] > git status -z -uall [76ms]
2024-07-15 13:06:10.797 [info] > git for-each-ref --format=%(refname)%00%(upstream:short)%00%(objectname)%00%(upstream:track)%00%(upstream:remotename)%00%(upstream:remoteref) refs/heads/master refs/remotes/master [7ms]
2024-07-15 13:06:10.805 [info] > git config --local branch.master.vscode-merge-base [3ms]
2024-07-15 13:06:10.805 [warning] git config failed: Failed to execute git
2024-07-15 13:06:10.813 [info] > git reflog master --grep-reflog=branch: Created from *. [2ms]
2024-07-15 13:06:10.820 [info] > git symbolic-ref --short refs/remotes/origin/HEAD [1ms]
2024-07-15 13:06:10.820 [info] fatal: ref refs/remotes/origin/HEAD is not a symbolic ref
2024-07-15 13:06:10.970 [info] > git check-ignore -v -z --stdin [3ms]
2024-07-15 13:06:11.138 [info] > git show --textconv :waybar/.config [6ms]
2024-07-15 13:06:11.139 [info] > git ls-files --stage -- /home/rajeev/.config/waybar/.config [2ms]
2024-07-15 13:06:14.193 [info] > git config --get commit.template [7ms]
2024-07-15 13:06:14.194 [info] > git for-each-ref --format=%(refname)%00%(upstream:short)%00%(objectname)%00%(upstream:track)%00%(upstream:remotename)%00%(upstream:remoteref) refs/heads/master refs/remotes/master [1ms]
2024-07-15 13:06:14.258 [info] > git status -z -uall [58ms]
2024-07-15 13:06:14.272 [info] > git for-each-ref --format=%(refname)%00%(upstream:short)%00%(objectname)%00%(upstream:track)%00%(upstream:remotename)%00%(upstream:remoteref) refs/heads/master refs/remotes/master [6ms]
2024-07-15 13:06:14.280 [info] > git config --local branch.master.vscode-merge-base [1ms]
2024-07-15 13:06:14.280 [warning] git config failed: Failed to execute git
2024-07-15 13:06:14.289 [info] > git reflog master --grep-reflog=branch: Created from *. [2ms]
2024-07-15 13:06:14.297 [info] > git symbolic-ref --short refs/remotes/origin/HEAD [1ms]
2024-07-15 13:06:14.297 [info] fatal: ref refs/remotes/origin/HEAD is not a symbolic ref
2024-07-15 13:06:19.289 [info] > git config --get commit.template [8ms]
2024-07-15 13:06:19.289 [info] > git for-each-ref --format=%(refname)%00%(upstream:short)%00%(objectname)%00%(upstream:track)%00%(upstream:remotename)%00%(upstream:remoteref) refs/heads/master refs/remotes/master [1ms]
2024-07-15 13:06:19.355 [info] > git status -z -uall [59ms]
2024-07-15 13:06:19.368 [info] > git for-each-ref --format=%(refname)%00%(upstream:short)%00%(objectname)%00%(upstream:track)%00%(upstream:remotename)%00%(upstream:remoteref) refs/heads/master refs/remotes/master [5ms]
2024-07-15 13:06:19.377 [info] > git config --local branch.master.vscode-merge-base [1ms]
2024-07-15 13:06:19.377 [warning] git config failed: Failed to execute git
2024-07-15 13:06:19.386 [info] > git reflog master --grep-reflog=branch: Created from *. [3ms]
2024-07-15 13:06:19.393 [info] > git symbolic-ref --short refs/remotes/origin/HEAD [1ms]
2024-07-15 13:06:19.393 [info] fatal: ref refs/remotes/origin/HEAD is not a symbolic ref
2024-07-15 13:06:24.385 [info] > git config --get commit.template [8ms]
2024-07-15 13:06:24.385 [info] > git for-each-ref --format=%(refname)%00%(upstream:short)%00%(objectname)%00%(upstream:track)%00%(upstream:remotename)%00%(upstream:remoteref) refs/heads/master refs/remotes/master [1ms]
2024-07-15 13:06:24.451 [info] > git status -z -uall [59ms]
2024-07-15 13:06:24.463 [info] > git for-each-ref --format=%(refname)%00%(upstream:short)%00%(objectname)%00%(upstream:track)%00%(upstream:remotename)%00%(upstream:remoteref) refs/heads/master refs/remotes/master [5ms]
2024-07-15 13:06:24.472 [info] > git config --local branch.master.vscode-merge-base [1ms]
2024-07-15 13:06:24.472 [warning] git config failed: Failed to execute git
2024-07-15 13:06:24.481 [info] > git reflog master --grep-reflog=branch: Created from *. [2ms]
2024-07-15 13:06:24.489 [info] > git symbolic-ref --short refs/remotes/origin/HEAD [0ms]
2024-07-15 13:06:24.489 [info] fatal: ref refs/remotes/origin/HEAD is not a symbolic ref
2024-07-15 13:06:29.479 [info] > git config --get commit.template [8ms]
2024-07-15 13:06:29.480 [info] > git for-each-ref --format=%(refname)%00%(upstream:short)%00%(objectname)%00%(upstream:track)%00%(upstream:remotename)%00%(upstream:remoteref) refs/heads/master refs/remotes/master [2ms]
2024-07-15 13:06:29.544 [info] > git status -z -uall [57ms]
2024-07-15 13:06:29.559 [info] > git for-each-ref --format=%(refname)%00%(upstream:short)%00%(objectname)%00%(upstream:track)%00%(upstream:remotename)%00%(upstream:remoteref) refs/heads/master refs/remotes/master [5ms]
2024-07-15 13:06:29.569 [info] > git config --local branch.master.vscode-merge-base [2ms]
2024-07-15 13:06:29.569 [warning] git config failed: Failed to execute git
2024-07-15 13:06:29.578 [info] > git reflog master --grep-reflog=branch: Created from *. [2ms]
2024-07-15 13:06:29.587 [info] > git symbolic-ref --short refs/remotes/origin/HEAD [1ms]
2024-07-15 13:06:29.587 [info] fatal: ref refs/remotes/origin/HEAD is not a symbolic ref
2024-07-15 13:06:34.576 [info] > git config --get commit.template [8ms]
2024-07-15 13:06:34.577 [info] > git for-each-ref --format=%(refname)%00%(upstream:short)%00%(objectname)%00%(upstream:track)%00%(upstream:remotename)%00%(upstream:remoteref) refs/heads/master refs/remotes/master [1ms]
2024-07-15 13:06:34.643 [info] > git status -z -uall [58ms]
2024-07-15 13:06:34.657 [info] > git for-each-ref --format=%(refname)%00%(upstream:short)%00%(objectname)%00%(upstream:track)%00%(upstream:remotename)%00%(upstream:remoteref) refs/heads/master refs/remotes/master [5ms]
2024-07-15 13:06:34.666 [info] > git config --local branch.master.vscode-merge-base [2ms]
2024-07-15 13:06:34.666 [warning] git config failed: Failed to execute git
2024-07-15 13:06:34.675 [info] > git reflog master --grep-reflog=branch: Created from *. [2ms]
2024-07-15 13:06:34.683 [info] > git symbolic-ref --short refs/remotes/origin/HEAD [1ms]
2024-07-15 13:06:34.683 [info] fatal: ref refs/remotes/origin/HEAD is not a symbolic ref
2024-07-15 13:06:35.228 [info] > git show --textconv :hypr/hyprland.conf [9ms]
2024-07-15 13:06:35.229 [info] > git ls-files --stage -- /home/rajeev/.config/hypr/hyprland.conf [2ms]
2024-07-15 13:06:35.237 [info] > git cat-file -s 15a29f9b4db0757285028127e59cf5ee0c7f0985 [1ms]
2024-07-15 13:06:35.569 [info] > git check-ignore -v -z --stdin [1ms]
2024-07-15 13:06:39.673 [info] > git config --get commit.template [8ms]
2024-07-15 13:06:39.674 [info] > git for-each-ref --format=%(refname)%00%(upstream:short)%00%(objectname)%00%(upstream:track)%00%(upstream:remotename)%00%(upstream:remoteref) refs/heads/master refs/remotes/master [2ms]
2024-07-15 13:06:39.748 [info] > git status -z -uall [67ms]
2024-07-15 13:06:39.764 [info] > git for-each-ref --format=%(refname)%00%(upstream:short)%00%(objectname)%00%(upstream:track)%00%(upstream:remotename)%00%(upstream:remoteref) refs/heads/master refs/remotes/master [6ms]
2024-07-15 13:06:39.775 [info] > git config --local branch.master.vscode-merge-base [2ms]
2024-07-15 13:06:39.775 [warning] git config failed: Failed to execute git
2024-07-15 13:06:39.785 [info] > git reflog master --grep-reflog=branch: Created from *. [2ms]
2024-07-15 13:06:39.793 [info] > git symbolic-ref --short refs/remotes/origin/HEAD [1ms]
2024-07-15 13:06:39.793 [info] fatal: ref refs/remotes/origin/HEAD is not a symbolic ref
2024-07-15 13:06:44.779 [info] > git config --get commit.template [8ms]
2024-07-15 13:06:44.780 [info] > git for-each-ref --format=%(refname)%00%(upstream:short)%00%(objectname)%00%(upstream:track)%00%(upstream:remotename)%00%(upstream:remoteref) refs/heads/master refs/remotes/master [2ms]
2024-07-15 13:06:44.845 [info] > git status -z -uall [59ms]
2024-07-15 13:06:44.859 [info] > git for-each-ref --format=%(refname)%00%(upstream:short)%00%(objectname)%00%(upstream:track)%00%(upstream:remotename)%00%(upstream:remoteref) refs/heads/master refs/remotes/master [6ms]
2024-07-15 13:06:44.868 [info] > git config --local branch.master.vscode-merge-base [3ms]
2024-07-15 13:06:44.868 [warning] git config failed: Failed to execute git
2024-07-15 13:06:44.877 [info] > git reflog master --grep-reflog=branch: Created from *. [2ms]
2024-07-15 13:06:44.885 [info] > git symbolic-ref --short refs/remotes/origin/HEAD [1ms]
2024-07-15 13:06:44.885 [info] fatal: ref refs/remotes/origin/HEAD is not a symbolic ref
2024-07-15 13:06:45.198 [info] > git show --textconv :hypr/hyprpaper.conf [9ms]
2024-07-15 13:06:45.199 [info] > git ls-files --stage -- /home/rajeev/.config/hypr/hyprpaper.conf [2ms]
2024-07-15 13:06:49.877 [info] > git config --get commit.template [7ms]
2024-07-15 13:06:49.878 [info] > git for-each-ref --format=%(refname)%00%(upstream:short)%00%(objectname)%00%(upstream:track)%00%(upstream:remotename)%00%(upstream:remoteref) refs/heads/master refs/remotes/master [1ms]
2024-07-15 13:06:49.943 [info] > git status -z -uall [58ms]
2024-07-15 13:06:49.956 [info] > git for-each-ref --format=%(refname)%00%(upstream:short)%00%(objectname)%00%(upstream:track)%00%(upstream:remotename)%00%(upstream:remoteref) refs/heads/master refs/remotes/master [5ms]
2024-07-15 13:06:49.966 [info] > git config --local branch.master.vscode-merge-base [3ms]
2024-07-15 13:06:49.966 [warning] git config failed: Failed to execute git
2024-07-15 13:06:49.974 [info] > git reflog master --grep-reflog=branch: Created from *. [2ms]
2024-07-15 13:06:49.982 [info] > git symbolic-ref --short refs/remotes/origin/HEAD [1ms]
2024-07-15 13:06:49.983 [info] fatal: ref refs/remotes/origin/HEAD is not a symbolic ref
