2024-07-16 00:15:36.549 [info] Log level: Info
2024-07-16 00:15:36.549 [info] Validating found git in: "git"
2024-07-16 00:15:36.549 [info] Using git "2.45.2" from "git"
2024-07-16 00:15:36.549 [info] > git rev-parse --show-toplevel [2ms]
2024-07-16 00:15:36.552 [info] > git rev-parse --git-dir --git-common-dir [5ms]
2024-07-16 00:15:36.562 [info] Open repository: /home/rajeev/.config
2024-07-16 00:15:36.576 [info] > git rev-parse --show-toplevel [2ms]
2024-07-16 00:15:36.576 [info] > git config --get commit.template [7ms]
2024-07-16 00:15:36.589 [info] > git for-each-ref --format=%(refname)%00%(upstream:short)%00%(objectname)%00%(upstream:track)%00%(upstream:remotename)%00%(upstream:remoteref) refs/heads/master refs/remotes/master [2ms]
2024-07-16 00:15:36.682 [info] > git rev-parse --show-toplevel [2ms]
2024-07-16 00:15:36.689 [info] > git rev-parse --show-toplevel [1ms]
2024-07-16 00:15:36.695 [info] > git rev-parse --show-toplevel [1ms]
2024-07-16 00:15:36.703 [info] > git rev-parse --show-toplevel [2ms]
2024-07-16 00:15:36.711 [info] > git rev-parse --show-toplevel [2ms]
2024-07-16 00:15:36.718 [info] > git rev-parse --show-toplevel [2ms]
2024-07-16 00:15:36.725 [info] > git rev-parse --show-toplevel [1ms]
2024-07-16 00:15:36.733 [info] > git status -z -uall [61ms]
2024-07-16 00:15:36.733 [info] > git rev-parse --show-toplevel [2ms]
2024-07-16 00:15:36.773 [info] > git for-each-ref --format=%(refname)%00%(upstream:short)%00%(objectname)%00%(upstream:track)%00%(upstream:remotename)%00%(upstream:remoteref) refs/heads/master refs/remotes/master [31ms]
2024-07-16 00:15:36.780 [info] > git config --local branch.master.vscode-merge-base [1ms]
2024-07-16 00:15:36.781 [warning] git config failed: Failed to execute git
2024-07-16 00:15:36.787 [info] > git config --get commit.template [14ms]
2024-07-16 00:15:36.787 [info] > git rev-parse --show-toplevel [21ms]
2024-07-16 00:15:36.796 [info] > git reflog master --grep-reflog=branch: Created from *. [9ms]
2024-07-16 00:15:36.808 [info] > git rev-parse --show-toplevel [12ms]
2024-07-16 00:15:36.825 [info] > git for-each-ref --format=%(refname)%00%(upstream:short)%00%(objectname)%00%(upstream:track)%00%(upstream:remotename)%00%(upstream:remoteref) refs/heads/master refs/remotes/master [18ms]
2024-07-16 00:15:36.826 [info] > git symbolic-ref --short refs/remotes/origin/HEAD [25ms]
2024-07-16 00:15:36.826 [info] fatal: ref refs/remotes/origin/HEAD is not a symbolic ref
2024-07-16 00:15:36.835 [info] > git merge-base refs/heads/master refs/remotes/origin/master [3ms]
2024-07-16 00:15:36.841 [info] > git rev-parse --show-toplevel [17ms]
2024-07-16 00:15:36.889 [info] > git rev-list --count --left-right refs/heads/master...refs/remotes/origin/master [48ms]
2024-07-16 00:15:36.897 [info] > git diff --name-status -z --diff-filter=ADMR 1cfeef2c51f3e241d91291334828737e3958e9d4...refs/remotes/origin/master [3ms]
2024-07-16 00:15:36.898 [info] > git rev-parse --show-toplevel [8ms]
2024-07-16 00:15:36.913 [info] > git rev-parse --show-toplevel [2ms]
2024-07-16 00:15:36.920 [info] > git rev-parse --show-toplevel [1ms]
2024-07-16 00:15:36.927 [info] > git rev-parse --show-toplevel [1ms]
2024-07-16 00:15:36.987 [info] > git status -z -uall [83ms]
2024-07-16 00:15:36.987 [info] > git rev-parse --show-toplevel [54ms]
2024-07-16 00:15:37.007 [info] > git for-each-ref --format=%(refname)%00%(upstream:short)%00%(objectname)%00%(upstream:track)%00%(upstream:remotename)%00%(upstream:remoteref) refs/heads/master refs/remotes/master [13ms]
2024-07-16 00:15:37.014 [info] > git rev-parse --show-toplevel [7ms]
2024-07-16 00:15:37.022 [info] > git config --local branch.master.vscode-merge-base [9ms]
2024-07-16 00:15:37.022 [warning] git config failed: Failed to execute git
2024-07-16 00:15:37.029 [info] > git rev-parse --show-toplevel [7ms]
2024-07-16 00:15:37.035 [info] > git reflog master --grep-reflog=branch: Created from *. [6ms]
2024-07-16 00:15:37.042 [info] > git rev-parse --show-toplevel [7ms]
2024-07-16 00:15:37.048 [info] > git symbolic-ref --short refs/remotes/origin/HEAD [6ms]
2024-07-16 00:15:37.048 [info] fatal: ref refs/remotes/origin/HEAD is not a symbolic ref
2024-07-16 00:15:37.048 [info] > git rev-parse --show-toplevel [1ms]
2024-07-16 00:15:37.055 [info] > git rev-parse --show-toplevel [2ms]
2024-07-16 00:15:37.146 [info] > git check-ignore -v -z --stdin [5ms]
2024-07-16 00:15:37.340 [info] > git show --textconv :hypr/hyprland.conf [7ms]
2024-07-16 00:15:37.341 [info] > git ls-files --stage -- /home/rajeev/.config/hypr/hyprland.conf [2ms]
2024-07-16 00:15:37.348 [info] > git cat-file -s 652d7cd6bc78e6a4aa3e519303ad872b9a2119f2 [1ms]
2024-07-16 00:20:45.918 [info] > git config --get commit.template [11ms]
2024-07-16 00:20:45.919 [info] > git for-each-ref --format=%(refname)%00%(upstream:short)%00%(objectname)%00%(upstream:track)%00%(upstream:remotename)%00%(upstream:remoteref) refs/heads/master refs/remotes/master [2ms]
2024-07-16 00:20:45.982 [info] > git status -z -uall [54ms]
2024-07-16 00:20:46.003 [info] > git for-each-ref --format=%(refname)%00%(upstream:short)%00%(objectname)%00%(upstream:track)%00%(upstream:remotename)%00%(upstream:remoteref) refs/heads/master refs/remotes/master [10ms]
2024-07-16 00:20:46.013 [info] > git config --local branch.master.vscode-merge-base [1ms]
2024-07-16 00:20:46.013 [warning] git config failed: Failed to execute git
2024-07-16 00:20:46.024 [info] > git reflog master --grep-reflog=branch: Created from *. [3ms]
2024-07-16 00:20:46.034 [info] > git symbolic-ref --short refs/remotes/origin/HEAD [1ms]
2024-07-16 00:20:46.034 [info] fatal: ref refs/remotes/origin/HEAD is not a symbolic ref
2024-07-16 00:28:18.935 [info] > git check-ignore -v -z --stdin [2ms]
2024-07-16 00:33:18.458 [info] > git config --get commit.template [10ms]
2024-07-16 00:33:18.458 [info] > git for-each-ref --format=%(refname)%00%(upstream:short)%00%(objectname)%00%(upstream:track)%00%(upstream:remotename)%00%(upstream:remoteref) refs/heads/master refs/remotes/master [1ms]
2024-07-16 00:33:18.521 [info] > git status -z -uall [55ms]
2024-07-16 00:33:18.541 [info] > git for-each-ref --format=%(refname)%00%(upstream:short)%00%(objectname)%00%(upstream:track)%00%(upstream:remotename)%00%(upstream:remoteref) refs/heads/master refs/remotes/master [11ms]
2024-07-16 00:33:18.552 [info] > git config --local branch.master.vscode-merge-base [3ms]
2024-07-16 00:33:18.552 [warning] git config failed: Failed to execute git
2024-07-16 00:33:18.566 [info] > git reflog master --grep-reflog=branch: Created from *. [6ms]
2024-07-16 00:33:18.577 [info] > git symbolic-ref --short refs/remotes/origin/HEAD [1ms]
2024-07-16 00:33:18.577 [info] fatal: ref refs/remotes/origin/HEAD is not a symbolic ref
2024-07-16 00:33:42.408 [info] > git config --get commit.template [9ms]
2024-07-16 00:33:42.408 [info] > git for-each-ref --format=%(refname)%00%(upstream:short)%00%(objectname)%00%(upstream:track)%00%(upstream:remotename)%00%(upstream:remoteref) refs/heads/master refs/remotes/master [1ms]
2024-07-16 00:33:42.472 [info] > git status -z -uall [55ms]
2024-07-16 00:33:42.489 [info] > git for-each-ref --format=%(refname)%00%(upstream:short)%00%(objectname)%00%(upstream:track)%00%(upstream:remotename)%00%(upstream:remoteref) refs/heads/master refs/remotes/master [7ms]
2024-07-16 00:33:42.500 [info] > git config --local branch.master.vscode-merge-base [3ms]
2024-07-16 00:33:42.500 [warning] git config failed: Failed to execute git
2024-07-16 00:33:42.511 [info] > git reflog master --grep-reflog=branch: Created from *. [3ms]
2024-07-16 00:33:42.520 [info] > git symbolic-ref --short refs/remotes/origin/HEAD [1ms]
2024-07-16 00:33:42.520 [info] fatal: ref refs/remotes/origin/HEAD is not a symbolic ref
2024-07-16 00:33:46.840 [info] > git check-ignore -v -z --stdin [2ms]
2024-07-16 00:33:47.509 [info] > git config --get commit.template [9ms]
2024-07-16 00:33:47.509 [info] > git for-each-ref --format=%(refname)%00%(upstream:short)%00%(objectname)%00%(upstream:track)%00%(upstream:remotename)%00%(upstream:remoteref) refs/heads/master refs/remotes/master [1ms]
2024-07-16 00:33:47.571 [info] > git status -z -uall [54ms]
2024-07-16 00:33:47.589 [info] > git for-each-ref --format=%(refname)%00%(upstream:short)%00%(objectname)%00%(upstream:track)%00%(upstream:remotename)%00%(upstream:remoteref) refs/heads/master refs/remotes/master [8ms]
2024-07-16 00:33:47.600 [info] > git config --local branch.master.vscode-merge-base [3ms]
2024-07-16 00:33:47.600 [warning] git config failed: Failed to execute git
2024-07-16 00:33:47.609 [info] > git reflog master --grep-reflog=branch: Created from *. [2ms]
2024-07-16 00:33:47.618 [info] > git symbolic-ref --short refs/remotes/origin/HEAD [1ms]
2024-07-16 00:33:47.618 [info] fatal: ref refs/remotes/origin/HEAD is not a symbolic ref
2024-07-16 00:33:52.608 [info] > git config --get commit.template [9ms]
2024-07-16 00:33:52.609 [info] > git for-each-ref --format=%(refname)%00%(upstream:short)%00%(objectname)%00%(upstream:track)%00%(upstream:remotename)%00%(upstream:remoteref) refs/heads/master refs/remotes/master [2ms]
