2024-07-15 10:21:31.510 [info] Extension host with pid 40269 started
2024-07-15 10:21:31.510 [info] Skipping acquiring lock for /home/rajeev/.config/Code - OSS/User/workspaceStorage/54ef25f0a5425e4c1b97e5debfe400ce.
2024-07-15 10:21:31.659 [info] ExtensionService#_doActivateExtension vscode.emmet, startup: false, activationEvent: 'onLanguage'
2024-07-15 10:21:31.761 [info] ExtensionService#_doActivateExtension vscode.git-base, startup: true, activationEvent: '*', root cause: vscode.git
2024-07-15 10:21:31.765 [info] ExtensionService#_doActivateExtension vscode.git, startup: true, activationEvent: '*'
2024-07-15 10:21:31.787 [info] ExtensionService#_doActivateExtension vscode.github, startup: true, activationEvent: '*'
2024-07-15 10:21:31.818 [info] Eager extensions activated
2024-07-15 10:21:31.841 [info] ExtensionService#_doActivateExtension vscode.debug-auto-launch, startup: false, activationEvent: 'onStartupFinished'
2024-07-15 10:21:31.844 [info] ExtensionService#_doActivateExtension vscode.merge-conflict, startup: false, activationEvent: 'onStartupFinished'
2024-07-15 10:21:32.128 [info] ExtensionService#_doActivateExtension vscode.github-authentication, startup: false, activationEvent: 'onAuthenticationRequest:github'
2024-07-15 10:23:18.081 [warning] [Decorations] CAPPING events from decorations provider vscode.git 3338
2024-07-15 10:23:18.430 [warning] [Decorations] CAPPING events from decorations provider vscode.git 3338
2024-07-15 10:23:19.097 [error] Error: No such branch: master.
	at F.getBranch (/usr/lib/code/extensions/git/dist/main.js:2:935457)
	at async T.retryRun (/usr/lib/code/extensions/git/dist/main.js:2:1028191)
	at async T.run (/usr/lib/code/extensions/git/dist/main.js:2:1027795)
	at async T.getBranch (/usr/lib/code/extensions/git/dist/main.js:2:1016176)
	at async T.getBranchBase (/usr/lib/code/extensions/git/dist/main.js:2:1016462)
	at async t.GitHistoryProvider.resolveHEADMergeBase (/usr/lib/code/extensions/git/dist/main.js:2:945925)
	at async t.GitHistoryProvider.onDidRunGitStatus (/usr/lib/code/extensions/git/dist/main.js:2:940157)
2024-07-15 10:23:19.438 [error] Error: No such branch: master.
	at F.getBranch (/usr/lib/code/extensions/git/dist/main.js:2:935457)
	at async T.retryRun (/usr/lib/code/extensions/git/dist/main.js:2:1028191)
	at async T.run (/usr/lib/code/extensions/git/dist/main.js:2:1027795)
	at async T.getBranch (/usr/lib/code/extensions/git/dist/main.js:2:1016176)
	at async T.getBranchBase (/usr/lib/code/extensions/git/dist/main.js:2:1016462)
	at async t.GitHistoryProvider.resolveHEADMergeBase (/usr/lib/code/extensions/git/dist/main.js:2:945925)
	at async t.GitHistoryProvider.onDidRunGitStatus (/usr/lib/code/extensions/git/dist/main.js:2:940157)
2024-07-15 10:23:20.643 [warning] [Decorations] CAPPING events from decorations provider vscode.git 3338
2024-07-15 10:23:21.649 [error] Error: No such branch: master.
	at F.getBranch (/usr/lib/code/extensions/git/dist/main.js:2:935457)
	at async T.retryRun (/usr/lib/code/extensions/git/dist/main.js:2:1028191)
	at async T.run (/usr/lib/code/extensions/git/dist/main.js:2:1027795)
	at async T.getBranch (/usr/lib/code/extensions/git/dist/main.js:2:1016176)
	at async T.getBranchBase (/usr/lib/code/extensions/git/dist/main.js:2:1016462)
	at async t.GitHistoryProvider.resolveHEADMergeBase (/usr/lib/code/extensions/git/dist/main.js:2:945925)
	at async t.GitHistoryProvider.onDidRunGitStatus (/usr/lib/code/extensions/git/dist/main.js:2:940157)
2024-07-15 10:23:25.721 [warning] [Decorations] CAPPING events from decorations provider vscode.git 3338
2024-07-15 10:23:26.727 [error] Error: No such branch: master.
	at F.getBranch (/usr/lib/code/extensions/git/dist/main.js:2:935457)
	at async T.retryRun (/usr/lib/code/extensions/git/dist/main.js:2:1028191)
	at async T.run (/usr/lib/code/extensions/git/dist/main.js:2:1027795)
	at async T.getBranch (/usr/lib/code/extensions/git/dist/main.js:2:1016176)
	at async T.getBranchBase (/usr/lib/code/extensions/git/dist/main.js:2:1016462)
	at async t.GitHistoryProvider.resolveHEADMergeBase (/usr/lib/code/extensions/git/dist/main.js:2:945925)
	at async t.GitHistoryProvider.onDidRunGitStatus (/usr/lib/code/extensions/git/dist/main.js:2:940157)
2024-07-15 10:23:30.802 [warning] [Decorations] CAPPING events from decorations provider vscode.git 3338
2024-07-15 10:23:31.808 [error] Error: No such branch: master.
	at F.getBranch (/usr/lib/code/extensions/git/dist/main.js:2:935457)
	at async T.retryRun (/usr/lib/code/extensions/git/dist/main.js:2:1028191)
	at async T.run (/usr/lib/code/extensions/git/dist/main.js:2:1027795)
	at async T.getBranch (/usr/lib/code/extensions/git/dist/main.js:2:1016176)
	at async T.getBranchBase (/usr/lib/code/extensions/git/dist/main.js:2:1016462)
	at async t.GitHistoryProvider.resolveHEADMergeBase (/usr/lib/code/extensions/git/dist/main.js:2:945925)
	at async t.GitHistoryProvider.onDidRunGitStatus (/usr/lib/code/extensions/git/dist/main.js:2:940157)
