2024-07-15 14:06:51.384 [info] Added views:workbench.panel.markers.view in workbench.panel.markers
2024-07-15 14:06:51.384 [info] Added views:workbench.panel.output in workbench.panel.output
2024-07-15 14:06:51.384 [info] Added views:terminal in terminal
2024-07-15 14:06:51.384 [info] Added views:outline in workbench.view.explorer
2024-07-15 14:06:51.384 [info] Added views:workbench.scm in workbench.view.scm
2024-07-15 14:06:51.384 [info] Added views:workbench.view.search in workbench.view.search
2024-07-15 14:06:51.384 [info] Added views:timeline in workbench.view.explorer
2024-07-15 14:06:51.384 [info] Added views:workbench.explorer.fileView in workbench.view.explorer
2024-07-15 14:06:51.656 [info] Added views:workbench.debug.welcome in workbench.view.debug
2024-07-15 14:06:52.236 [info] Added views:workbench.panel.repl.view in workbench.panel.repl
2024-07-15 14:06:52.806 [info] Added views:~remote.forwardedPorts in ~remote.forwardedPortsContainer
2024-07-15 14:14:48.067 [info] Added views:workbench.panel.markers.view in workbench.panel.markers
2024-07-15 14:14:48.067 [info] Added views:workbench.panel.output in workbench.panel.output
2024-07-15 14:14:48.067 [info] Added views:terminal in terminal
2024-07-15 14:14:48.067 [info] Added views:outline in workbench.view.explorer
2024-07-15 14:14:48.067 [info] Added views:workbench.scm in workbench.view.scm
2024-07-15 14:14:48.067 [info] Added views:workbench.view.search in workbench.view.search
2024-07-15 14:14:48.067 [info] Added views:timeline in workbench.view.explorer
2024-07-15 14:14:48.067 [info] Added views:workbench.explorer.emptyView in workbench.view.explorer
2024-07-15 14:14:48.234 [info] Added views:workbench.debug.variablesView,workbench.debug.watchExpressionsView,workbench.debug.callStackView,workbench.debug.breakPointsView in workbench.view.debug
2024-07-15 14:14:48.600 [info] Added views:workbench.panel.repl.view in workbench.panel.repl
2024-07-15 14:14:48.601 [info] Removed views:workbench.debug.breakPointsView,workbench.debug.callStackView,workbench.debug.watchExpressionsView,workbench.debug.variablesView from workbench.view.debug
2024-07-15 14:14:48.601 [info] Added views:workbench.debug.welcome in workbench.view.debug
2024-07-15 14:14:48.654 [info] Added views:~remote.forwardedPorts in ~remote.forwardedPortsContainer
