2024-07-15 18:34:38.949 [info] Extension host with pid 68380 started
2024-07-15 18:34:38.949 [info] Skipping acquiring lock for /home/rajeev/.config/Code - OSS/User/workspaceStorage/28146e5344b85ec233c3dd273761f889.
2024-07-15 18:34:39.110 [info] ExtensionService#_doActivateExtension vscode.emmet, startup: false, activationEvent: 'onLanguage'
2024-07-15 18:34:39.262 [info] ExtensionService#_doActivateExtension vscode.git-base, startup: true, activationEvent: '*', root cause: vscode.git
2024-07-15 18:34:39.275 [info] ExtensionService#_doActivateExtension vscode.git, startup: true, activationEvent: '*'
2024-07-15 18:34:39.295 [info] ExtensionService#_doActivateExtension vscode.github, startup: true, activationEvent: '*'
2024-07-15 18:34:39.329 [info] Eager extensions activated
2024-07-15 18:34:39.352 [info] ExtensionService#_doActivateExtension vscode.debug-auto-launch, startup: false, activationEvent: 'onStartupFinished'
2024-07-15 18:34:39.354 [info] ExtensionService#_doActivateExtension vscode.merge-conflict, startup: false, activationEvent: 'onStartupFinished'
2024-07-15 18:34:39.358 [info] ExtensionService#_doActivateExtension esbenp.prettier-vscode, startup: false, activationEvent: 'onStartupFinished'
2024-07-15 18:34:39.606 [warning] [Decorations] CAPPING events from decorations provider vscode.git 1649
2024-07-15 18:34:39.659 [info] ExtensionService#_doActivateExtension vscode.github-authentication, startup: false, activationEvent: 'onAuthenticationRequest:github'
2024-07-15 18:34:39.944 [warning] [Decorations] CAPPING events from decorations provider vscode.git 1651
2024-07-15 18:34:45.065 [warning] [Decorations] CAPPING events from decorations provider vscode.git 1652
2024-07-15 18:34:45.714 [info] ExtensionService#_doActivateExtension vscode.configuration-editing, startup: false, activationEvent: 'onLanguage:jsonc'
2024-07-15 18:34:45.718 [info] ExtensionService#_doActivateExtension vscode.json-language-features, startup: false, activationEvent: 'onLanguage:jsonc'
2024-07-15 18:34:45.736 [info] ExtensionService#_doActivateExtension vscode.typescript-language-features, startup: false, activationEvent: 'onLanguage:jsonc'
2024-07-15 18:34:50.206 [warning] [Decorations] CAPPING events from decorations provider vscode.git 1653
2024-07-15 18:34:55.342 [warning] [Decorations] CAPPING events from decorations provider vscode.git 1627
2024-07-15 18:35:00.476 [warning] [Decorations] CAPPING events from decorations provider vscode.git 1627
2024-07-15 18:35:05.607 [warning] [Decorations] CAPPING events from decorations provider vscode.git 1628
2024-07-15 18:35:10.749 [warning] [Decorations] CAPPING events from decorations provider vscode.git 1628
2024-07-15 18:35:15.881 [warning] [Decorations] CAPPING events from decorations provider vscode.git 1626
2024-07-15 18:35:21.015 [warning] [Decorations] CAPPING events from decorations provider vscode.git 1626
2024-07-15 18:35:26.145 [warning] [Decorations] CAPPING events from decorations provider vscode.git 1626
2024-07-15 18:35:55.242 [warning] [Decorations] CAPPING events from decorations provider vscode.git 1626
2024-07-15 18:36:30.510 [warning] [Decorations] CAPPING events from decorations provider vscode.git 1626
2024-07-15 18:36:33.848 [info] ExtensionService#_doActivateExtension vscode.extension-editing, startup: false, activationEvent: 'onLanguage:json'
2024-07-15 18:36:33.854 [info] ExtensionService#_doActivateExtension vscode.npm, startup: false, activationEvent: 'onLanguage:json'
2024-07-15 18:36:35.645 [warning] [Decorations] CAPPING events from decorations provider vscode.git 1626
2024-07-15 18:36:40.777 [warning] [Decorations] CAPPING events from decorations provider vscode.git 1626
2024-07-15 18:36:45.912 [warning] [Decorations] CAPPING events from decorations provider vscode.git 1626
2024-07-15 18:36:51.044 [warning] [Decorations] CAPPING events from decorations provider vscode.git 1627
2024-07-15 18:36:56.174 [warning] [Decorations] CAPPING events from decorations provider vscode.git 1627
2024-07-15 18:37:01.308 [warning] [Decorations] CAPPING events from decorations provider vscode.git 1627
2024-07-15 18:38:47.385 [warning] [Decorations] CAPPING events from decorations provider vscode.git 1630
2024-07-15 18:38:52.517 [warning] [Decorations] CAPPING events from decorations provider vscode.git 1629
2024-07-15 18:38:57.653 [warning] [Decorations] CAPPING events from decorations provider vscode.git 1630
2024-07-15 18:39:02.786 [warning] [Decorations] CAPPING events from decorations provider vscode.git 1629
2024-07-15 18:39:07.918 [warning] [Decorations] CAPPING events from decorations provider vscode.git 1629
2024-07-15 18:39:13.055 [warning] [Decorations] CAPPING events from decorations provider vscode.git 1630
2024-07-15 18:39:18.190 [warning] [Decorations] CAPPING events from decorations provider vscode.git 1630
2024-07-15 18:39:36.591 [warning] [Decorations] CAPPING events from decorations provider vscode.git 1630
2024-07-15 18:43:50.995 [warning] [Decorations] CAPPING events from decorations provider vscode.git 1630
2024-07-15 18:43:56.148 [warning] [Decorations] CAPPING events from decorations provider vscode.git 1630
2024-07-15 18:44:01.302 [warning] [Decorations] CAPPING events from decorations provider vscode.git 1630
2024-07-15 18:44:06.453 [warning] [Decorations] CAPPING events from decorations provider vscode.git 1632
2024-07-15 18:44:18.335 [warning] [Decorations] CAPPING events from decorations provider vscode.git 1633
2024-07-15 18:44:23.486 [warning] [Decorations] CAPPING events from decorations provider vscode.git 1632
2024-07-15 18:44:28.636 [warning] [Decorations] CAPPING events from decorations provider vscode.git 1632
2024-07-15 18:44:33.789 [warning] [Decorations] CAPPING events from decorations provider vscode.git 1633
2024-07-15 18:44:38.939 [warning] [Decorations] CAPPING events from decorations provider vscode.git 1635
2024-07-15 18:44:44.087 [warning] [Decorations] CAPPING events from decorations provider vscode.git 1634
2024-07-15 18:44:49.237 [warning] [Decorations] CAPPING events from decorations provider vscode.git 1634
2024-07-15 18:44:54.384 [warning] [Decorations] CAPPING events from decorations provider vscode.git 1635
2024-07-15 18:44:59.530 [warning] [Decorations] CAPPING events from decorations provider vscode.git 1636
2024-07-15 18:45:04.691 [warning] [Decorations] CAPPING events from decorations provider vscode.git 1635
2024-07-15 18:45:09.846 [warning] [Decorations] CAPPING events from decorations provider vscode.git 1635
2024-07-15 18:45:15.898 [warning] [Decorations] CAPPING events from decorations provider vscode.git 1635
2024-07-15 18:45:32.617 [warning] [Decorations] CAPPING events from decorations provider vscode.git 1637
2024-07-15 18:45:37.779 [warning] [Decorations] CAPPING events from decorations provider vscode.git 1636
2024-07-15 18:45:42.931 [warning] [Decorations] CAPPING events from decorations provider vscode.git 1636
2024-07-15 18:45:48.077 [warning] [Decorations] CAPPING events from decorations provider vscode.git 1635
2024-07-15 18:45:53.229 [warning] [Decorations] CAPPING events from decorations provider vscode.git 1636
2024-07-15 18:45:58.381 [warning] [Decorations] CAPPING events from decorations provider vscode.git 1636
2024-07-15 18:46:04.589 [warning] [Decorations] CAPPING events from decorations provider vscode.git 1637
2024-07-15 18:46:16.944 [warning] [Decorations] CAPPING events from decorations provider vscode.git 1639
2024-07-15 18:46:22.103 [warning] [Decorations] CAPPING events from decorations provider vscode.git 1640
2024-07-15 18:46:27.254 [warning] [Decorations] CAPPING events from decorations provider vscode.git 1640
2024-07-15 18:46:37.672 [warning] [Decorations] CAPPING events from decorations provider vscode.git 1639
2024-07-15 18:46:45.307 [warning] [Decorations] CAPPING events from decorations provider vscode.git 1640
2024-07-15 18:46:50.460 [warning] [Decorations] CAPPING events from decorations provider vscode.git 1640
2024-07-15 18:46:55.609 [warning] [Decorations] CAPPING events from decorations provider vscode.git 1640
2024-07-15 18:49:34.424 [warning] [Decorations] CAPPING events from decorations provider vscode.git 1643
2024-07-15 18:49:39.587 [warning] [Decorations] CAPPING events from decorations provider vscode.git 1643
2024-07-15 18:49:44.739 [warning] [Decorations] CAPPING events from decorations provider vscode.git 1644
2024-07-15 18:49:49.887 [warning] [Decorations] CAPPING events from decorations provider vscode.git 1644
2024-07-15 18:49:55.040 [warning] [Decorations] CAPPING events from decorations provider vscode.git 1644
2024-07-15 18:50:00.199 [warning] [Decorations] CAPPING events from decorations provider vscode.git 1644
2024-07-15 18:50:05.351 [warning] [Decorations] CAPPING events from decorations provider vscode.git 1645
2024-07-15 18:50:10.516 [warning] [Decorations] CAPPING events from decorations provider vscode.git 1644
2024-07-15 18:50:15.661 [warning] [Decorations] CAPPING events from decorations provider vscode.git 1645
2024-07-15 18:50:20.807 [warning] [Decorations] CAPPING events from decorations provider vscode.git 1645
2024-07-15 18:50:25.955 [warning] [Decorations] CAPPING events from decorations provider vscode.git 1645
2024-07-15 18:50:31.100 [warning] [Decorations] CAPPING events from decorations provider vscode.git 1644
2024-07-15 18:50:36.245 [warning] [Decorations] CAPPING events from decorations provider vscode.git 1645
2024-07-15 18:51:00.605 [warning] [Decorations] CAPPING events from decorations provider vscode.git 1645
2024-07-15 18:51:05.775 [warning] [Decorations] CAPPING events from decorations provider vscode.git 1645
2024-07-15 18:51:10.925 [warning] [Decorations] CAPPING events from decorations provider vscode.git 1646
2024-07-15 18:51:16.073 [warning] [Decorations] CAPPING events from decorations provider vscode.git 1647
2024-07-15 18:51:21.227 [warning] [Decorations] CAPPING events from decorations provider vscode.git 1646
2024-07-15 18:51:26.372 [warning] [Decorations] CAPPING events from decorations provider vscode.git 1646
2024-07-15 18:51:31.520 [warning] [Decorations] CAPPING events from decorations provider vscode.git 1647
2024-07-15 18:51:36.665 [warning] [Decorations] CAPPING events from decorations provider vscode.git 1648
2024-07-15 18:51:41.812 [warning] [Decorations] CAPPING events from decorations provider vscode.git 1648
2024-07-15 18:51:46.957 [warning] [Decorations] CAPPING events from decorations provider vscode.git 1648
2024-07-15 18:51:52.104 [warning] [Decorations] CAPPING events from decorations provider vscode.git 1647
2024-07-15 18:51:57.252 [warning] [Decorations] CAPPING events from decorations provider vscode.git 1647
2024-07-15 18:52:02.407 [warning] [Decorations] CAPPING events from decorations provider vscode.git 1647
2024-07-15 18:52:07.566 [warning] [Decorations] CAPPING events from decorations provider vscode.git 1647
2024-07-15 18:52:12.711 [warning] [Decorations] CAPPING events from decorations provider vscode.git 1647
2024-07-15 18:52:17.862 [warning] [Decorations] CAPPING events from decorations provider vscode.git 1647
2024-07-15 18:52:23.009 [warning] [Decorations] CAPPING events from decorations provider vscode.git 1647
2024-07-15 18:52:28.155 [warning] [Decorations] CAPPING events from decorations provider vscode.git 1647
2024-07-15 18:52:33.306 [warning] [Decorations] CAPPING events from decorations provider vscode.git 1647
2024-07-15 18:52:38.456 [warning] [Decorations] CAPPING events from decorations provider vscode.git 1647
2024-07-15 18:52:43.602 [warning] [Decorations] CAPPING events from decorations provider vscode.git 1647
2024-07-15 18:52:48.754 [warning] [Decorations] CAPPING events from decorations provider vscode.git 1647
2024-07-15 18:52:53.899 [warning] [Decorations] CAPPING events from decorations provider vscode.git 1647
2024-07-15 18:52:59.050 [warning] [Decorations] CAPPING events from decorations provider vscode.git 1647
2024-07-15 18:53:04.198 [warning] [Decorations] CAPPING events from decorations provider vscode.git 1647
2024-07-15 18:53:09.346 [warning] [Decorations] CAPPING events from decorations provider vscode.git 1647
2024-07-15 18:53:14.495 [warning] [Decorations] CAPPING events from decorations provider vscode.git 1647
2024-07-15 18:53:19.647 [warning] [Decorations] CAPPING events from decorations provider vscode.git 1647
2024-07-15 18:53:24.794 [warning] [Decorations] CAPPING events from decorations provider vscode.git 1647
2024-07-15 18:53:29.944 [warning] [Decorations] CAPPING events from decorations provider vscode.git 1647
2024-07-15 18:53:35.092 [warning] [Decorations] CAPPING events from decorations provider vscode.git 1647
2024-07-15 18:53:40.239 [warning] [Decorations] CAPPING events from decorations provider vscode.git 1647
2024-07-15 18:53:45.387 [warning] [Decorations] CAPPING events from decorations provider vscode.git 1648
2024-07-15 18:53:50.721 [warning] [Decorations] CAPPING events from decorations provider vscode.git 1648
2024-07-15 18:53:55.868 [warning] [Decorations] CAPPING events from decorations provider vscode.git 1648
2024-07-15 18:54:01.018 [warning] [Decorations] CAPPING events from decorations provider vscode.git 1648
2024-07-15 18:54:06.164 [warning] [Decorations] CAPPING events from decorations provider vscode.git 1648
2024-07-15 18:54:11.309 [warning] [Decorations] CAPPING events from decorations provider vscode.git 1648
2024-07-15 18:54:16.455 [warning] [Decorations] CAPPING events from decorations provider vscode.git 1648
2024-07-15 18:54:22.066 [warning] [Decorations] CAPPING events from decorations provider vscode.git 1649
2024-07-15 18:54:27.211 [warning] [Decorations] CAPPING events from decorations provider vscode.git 1649
2024-07-15 18:54:32.466 [warning] [Decorations] CAPPING events from decorations provider vscode.git 1649
2024-07-15 18:54:37.615 [warning] [Decorations] CAPPING events from decorations provider vscode.git 1649
2024-07-15 18:54:42.774 [warning] [Decorations] CAPPING events from decorations provider vscode.git 1650
2024-07-15 18:54:47.922 [warning] [Decorations] CAPPING events from decorations provider vscode.git 1650
2024-07-15 18:54:53.070 [warning] [Decorations] CAPPING events from decorations provider vscode.git 1651
2024-07-15 18:54:59.265 [warning] [Decorations] CAPPING events from decorations provider vscode.git 1651
2024-07-15 18:55:09.048 [warning] [Decorations] CAPPING events from decorations provider vscode.git 1651
2024-07-15 18:55:14.199 [warning] [Decorations] CAPPING events from decorations provider vscode.git 1651
2024-07-15 18:55:19.357 [warning] [Decorations] CAPPING events from decorations provider vscode.git 1652
2024-07-15 18:55:24.502 [warning] [Decorations] CAPPING events from decorations provider vscode.git 1652
2024-07-15 18:55:30.789 [warning] [Decorations] CAPPING events from decorations provider vscode.git 1653
2024-07-15 18:55:35.935 [warning] [Decorations] CAPPING events from decorations provider vscode.git 1652
2024-07-15 18:55:41.084 [warning] [Decorations] CAPPING events from decorations provider vscode.git 1652
2024-07-15 18:55:46.234 [warning] [Decorations] CAPPING events from decorations provider vscode.git 1653
2024-07-15 18:55:53.366 [warning] [Decorations] CAPPING events from decorations provider vscode.git 1654
2024-07-15 18:55:58.512 [warning] [Decorations] CAPPING events from decorations provider vscode.git 1653
2024-07-15 18:56:03.658 [warning] [Decorations] CAPPING events from decorations provider vscode.git 1654
2024-07-15 18:56:08.801 [warning] [Decorations] CAPPING events from decorations provider vscode.git 1654
2024-07-15 18:56:16.252 [warning] [Decorations] CAPPING events from decorations provider vscode.git 1655
2024-07-15 18:56:21.401 [warning] [Decorations] CAPPING events from decorations provider vscode.git 1654
2024-07-15 18:56:26.544 [warning] [Decorations] CAPPING events from decorations provider vscode.git 1656
2024-07-15 18:56:31.691 [warning] [Decorations] CAPPING events from decorations provider vscode.git 1657
2024-07-15 18:56:36.838 [warning] [Decorations] CAPPING events from decorations provider vscode.git 1656
2024-07-15 18:56:41.987 [warning] [Decorations] CAPPING events from decorations provider vscode.git 1656
2024-07-15 18:56:47.133 [warning] [Decorations] CAPPING events from decorations provider vscode.git 1656
2024-07-15 18:56:52.281 [warning] [Decorations] CAPPING events from decorations provider vscode.git 1656
2024-07-15 18:56:57.430 [warning] [Decorations] CAPPING events from decorations provider vscode.git 1656
2024-07-15 18:57:38.439 [warning] [Decorations] CAPPING events from decorations provider vscode.git 1656
2024-07-15 18:57:43.598 [warning] [Decorations] CAPPING events from decorations provider vscode.git 1656
2024-07-15 18:57:48.868 [warning] [Decorations] CAPPING events from decorations provider vscode.git 1657
2024-07-15 18:57:54.017 [warning] [Decorations] CAPPING events from decorations provider vscode.git 1657
2024-07-15 18:57:59.169 [warning] [Decorations] CAPPING events from decorations provider vscode.git 1657
2024-07-15 18:58:04.318 [warning] [Decorations] CAPPING events from decorations provider vscode.git 1657
2024-07-15 18:58:09.465 [warning] [Decorations] CAPPING events from decorations provider vscode.git 1657
2024-07-15 18:58:14.610 [warning] [Decorations] CAPPING events from decorations provider vscode.git 1657
2024-07-15 18:58:19.757 [warning] [Decorations] CAPPING events from decorations provider vscode.git 1658
2024-07-15 18:58:24.902 [warning] [Decorations] CAPPING events from decorations provider vscode.git 1658
2024-07-15 18:58:30.049 [warning] [Decorations] CAPPING events from decorations provider vscode.git 1658
2024-07-15 18:58:35.196 [warning] [Decorations] CAPPING events from decorations provider vscode.git 1659
2024-07-15 18:58:40.346 [warning] [Decorations] CAPPING events from decorations provider vscode.git 1661
2024-07-15 18:58:45.494 [warning] [Decorations] CAPPING events from decorations provider vscode.git 1661
2024-07-15 18:58:50.642 [warning] [Decorations] CAPPING events from decorations provider vscode.git 1661
2024-07-15 18:58:55.788 [warning] [Decorations] CAPPING events from decorations provider vscode.git 1661
2024-07-15 18:59:00.939 [warning] [Decorations] CAPPING events from decorations provider vscode.git 1661
2024-07-15 18:59:06.084 [warning] [Decorations] CAPPING events from decorations provider vscode.git 1662
2024-07-15 18:59:11.231 [warning] [Decorations] CAPPING events from decorations provider vscode.git 1661
2024-07-15 18:59:16.377 [warning] [Decorations] CAPPING events from decorations provider vscode.git 1662
2024-07-15 18:59:21.530 [warning] [Decorations] CAPPING events from decorations provider vscode.git 1662
2024-07-15 18:59:23.730 [info] ExtensionService#_doActivateExtension vscode.css-language-features, startup: false, activationEvent: 'onLanguage:css'
2024-07-15 18:59:26.691 [warning] [Decorations] CAPPING events from decorations provider vscode.git 1662
2024-07-15 18:59:33.742 [warning] [Decorations] CAPPING events from decorations provider vscode.git 1667
2024-07-15 18:59:38.886 [warning] [Decorations] CAPPING events from decorations provider vscode.git 1667
2024-07-15 18:59:56.157 [warning] [Decorations] CAPPING events from decorations provider vscode.git 1666
2024-07-15 19:00:01.298 [warning] [Decorations] CAPPING events from decorations provider vscode.git 1666
2024-07-15 19:00:06.434 [warning] [Decorations] CAPPING events from decorations provider vscode.git 1666
2024-07-15 19:00:13.990 [warning] [Decorations] CAPPING events from decorations provider vscode.git 1666
2024-07-15 19:02:07.719 [warning] [Decorations] CAPPING events from decorations provider vscode.git 1671
2024-07-15 19:03:15.696 [warning] [Decorations] CAPPING events from decorations provider vscode.git 1675
2024-07-15 19:03:20.837 [warning] [Decorations] CAPPING events from decorations provider vscode.git 1667
2024-07-15 19:03:25.979 [warning] [Decorations] CAPPING events from decorations provider vscode.git 1668
2024-07-15 19:03:31.312 [warning] [Decorations] CAPPING events from decorations provider vscode.git 1668
2024-07-15 19:03:36.449 [warning] [Decorations] CAPPING events from decorations provider vscode.git 1668
2024-07-15 19:03:41.585 [warning] [Decorations] CAPPING events from decorations provider vscode.git 1673
2024-07-15 19:03:46.719 [warning] [Decorations] CAPPING events from decorations provider vscode.git 1668
2024-07-15 19:03:51.908 [warning] [Decorations] CAPPING events from decorations provider vscode.git 1669
2024-07-15 19:03:58.000 [warning] [Decorations] CAPPING events from decorations provider vscode.git 1669
2024-07-15 19:04:03.136 [warning] [Decorations] CAPPING events from decorations provider vscode.git 1669
2024-07-15 19:04:08.272 [warning] [Decorations] CAPPING events from decorations provider vscode.git 1669
2024-07-15 19:04:20.455 [warning] [Decorations] CAPPING events from decorations provider vscode.git 1669
2024-07-15 19:04:25.595 [warning] [Decorations] CAPPING events from decorations provider vscode.git 1669
2024-07-15 19:04:57.545 [warning] [Decorations] CAPPING events from decorations provider vscode.git 1669
2024-07-15 19:05:11.983 [warning] [Decorations] CAPPING events from decorations provider vscode.git 1669
2024-07-15 19:05:31.222 [warning] [Decorations] CAPPING events from decorations provider vscode.git 1673
2024-07-15 19:05:36.366 [warning] [Decorations] CAPPING events from decorations provider vscode.git 1673
2024-07-15 19:05:41.513 [warning] [Decorations] CAPPING events from decorations provider vscode.git 1673
2024-07-15 19:05:46.657 [warning] [Decorations] CAPPING events from decorations provider vscode.git 1673
2024-07-15 19:05:56.233 [warning] [Decorations] CAPPING events from decorations provider vscode.git 1673
2024-07-15 19:06:01.377 [warning] [Decorations] CAPPING events from decorations provider vscode.git 1673
2024-07-15 19:06:45.712 [warning] [Decorations] CAPPING events from decorations provider vscode.git 1673
2024-07-15 19:06:50.858 [warning] [Decorations] CAPPING events from decorations provider vscode.git 1673
2024-07-15 19:06:56.000 [warning] [Decorations] CAPPING events from decorations provider vscode.git 1673
2024-07-15 19:07:01.144 [warning] [Decorations] CAPPING events from decorations provider vscode.git 1673
2024-07-15 19:07:06.284 [warning] [Decorations] CAPPING events from decorations provider vscode.git 1673
2024-07-15 19:07:11.422 [warning] [Decorations] CAPPING events from decorations provider vscode.git 1673
2024-07-15 19:07:16.565 [warning] [Decorations] CAPPING events from decorations provider vscode.git 1673
2024-07-15 19:07:21.701 [warning] [Decorations] CAPPING events from decorations provider vscode.git 1673
2024-07-15 19:07:26.842 [warning] [Decorations] CAPPING events from decorations provider vscode.git 1674
2024-07-15 19:07:31.979 [warning] [Decorations] CAPPING events from decorations provider vscode.git 1674
2024-07-15 19:07:37.115 [warning] [Decorations] CAPPING events from decorations provider vscode.git 1675
2024-07-15 19:07:42.253 [warning] [Decorations] CAPPING events from decorations provider vscode.git 1675
2024-07-15 19:10:05.872 [warning] [Decorations] CAPPING events from decorations provider vscode.git 1677
2024-07-15 19:10:11.011 [warning] [Decorations] CAPPING events from decorations provider vscode.git 1677
2024-07-15 19:10:16.273 [warning] [Decorations] CAPPING events from decorations provider vscode.git 1677
2024-07-15 19:10:49.456 [warning] [Decorations] CAPPING events from decorations provider vscode.git 1682
2024-07-15 19:10:54.603 [warning] [Decorations] CAPPING events from decorations provider vscode.git 1682
2024-07-15 19:10:59.742 [warning] [Decorations] CAPPING events from decorations provider vscode.git 1682
2024-07-15 19:11:04.879 [warning] [Decorations] CAPPING events from decorations provider vscode.git 1682
2024-07-15 19:11:37.889 [warning] [Decorations] CAPPING events from decorations provider vscode.git 1682
2024-07-15 19:11:43.031 [warning] [Decorations] CAPPING events from decorations provider vscode.git 1682
2024-07-15 19:11:48.172 [warning] [Decorations] CAPPING events from decorations provider vscode.git 1682
2024-07-15 19:11:53.309 [warning] [Decorations] CAPPING events from decorations provider vscode.git 1683
2024-07-15 19:12:00.279 [warning] [Decorations] CAPPING events from decorations provider vscode.git 1684
2024-07-15 19:12:05.414 [warning] [Decorations] CAPPING events from decorations provider vscode.git 1685
2024-07-15 19:12:10.549 [warning] [Decorations] CAPPING events from decorations provider vscode.git 1685
2024-07-15 19:12:15.690 [warning] [Decorations] CAPPING events from decorations provider vscode.git 1685
2024-07-15 19:12:20.831 [warning] [Decorations] CAPPING events from decorations provider vscode.git 1685
2024-07-15 19:12:25.969 [warning] [Decorations] CAPPING events from decorations provider vscode.git 1685
2024-07-15 19:12:31.102 [warning] [Decorations] CAPPING events from decorations provider vscode.git 1685
2024-07-15 19:12:36.238 [warning] [Decorations] CAPPING events from decorations provider vscode.git 1685
2024-07-15 19:12:47.150 [warning] [Decorations] CAPPING events from decorations provider vscode.git 1685
2024-07-15 19:12:52.292 [warning] [Decorations] CAPPING events from decorations provider vscode.git 1685
2024-07-15 19:12:57.433 [warning] [Decorations] CAPPING events from decorations provider vscode.git 1685
2024-07-15 19:13:02.568 [warning] [Decorations] CAPPING events from decorations provider vscode.git 1685
2024-07-15 19:13:07.708 [warning] [Decorations] CAPPING events from decorations provider vscode.git 1685
2024-07-15 19:13:12.846 [warning] [Decorations] CAPPING events from decorations provider vscode.git 1685
2024-07-15 19:13:17.983 [warning] [Decorations] CAPPING events from decorations provider vscode.git 1685
2024-07-15 19:13:23.122 [warning] [Decorations] CAPPING events from decorations provider vscode.git 1685
2024-07-15 19:13:28.260 [warning] [Decorations] CAPPING events from decorations provider vscode.git 1685
2024-07-15 19:13:33.398 [warning] [Decorations] CAPPING events from decorations provider vscode.git 1685
2024-07-15 19:13:38.536 [warning] [Decorations] CAPPING events from decorations provider vscode.git 1685
2024-07-15 19:13:44.237 [warning] [Decorations] CAPPING events from decorations provider vscode.git 1686
2024-07-15 19:13:49.374 [warning] [Decorations] CAPPING events from decorations provider vscode.git 1687
2024-07-15 19:13:54.512 [warning] [Decorations] CAPPING events from decorations provider vscode.git 1687
2024-07-15 19:13:59.649 [warning] [Decorations] CAPPING events from decorations provider vscode.git 1687
2024-07-15 19:14:04.786 [warning] [Decorations] CAPPING events from decorations provider vscode.git 1687
2024-07-15 19:14:09.920 [warning] [Decorations] CAPPING events from decorations provider vscode.git 1687
2024-07-15 19:14:15.064 [warning] [Decorations] CAPPING events from decorations provider vscode.git 1687
2024-07-15 19:14:20.204 [warning] [Decorations] CAPPING events from decorations provider vscode.git 1687
2024-07-15 19:14:25.341 [warning] [Decorations] CAPPING events from decorations provider vscode.git 1687
2024-07-15 19:14:30.498 [warning] [Decorations] CAPPING events from decorations provider vscode.git 1687
2024-07-15 19:14:35.639 [warning] [Decorations] CAPPING events from decorations provider vscode.git 1688
2024-07-15 19:14:40.778 [warning] [Decorations] CAPPING events from decorations provider vscode.git 1687
2024-07-15 19:14:53.053 [warning] [Decorations] CAPPING events from decorations provider vscode.git 1687
2024-07-15 19:14:58.190 [warning] [Decorations] CAPPING events from decorations provider vscode.git 1687
2024-07-15 19:15:03.325 [warning] [Decorations] CAPPING events from decorations provider vscode.git 1687
2024-07-15 19:15:08.469 [warning] [Decorations] CAPPING events from decorations provider vscode.git 1687
2024-07-15 19:15:13.611 [warning] [Decorations] CAPPING events from decorations provider vscode.git 1687
2024-07-15 19:15:18.753 [warning] [Decorations] CAPPING events from decorations provider vscode.git 1688
2024-07-15 19:15:23.893 [warning] [Decorations] CAPPING events from decorations provider vscode.git 1688
2024-07-15 19:15:29.027 [warning] [Decorations] CAPPING events from decorations provider vscode.git 1695
2024-07-15 19:15:43.585 [warning] [Decorations] CAPPING events from decorations provider vscode.git 1695
2024-07-15 19:15:48.758 [warning] [Decorations] CAPPING events from decorations provider vscode.git 1697
2024-07-15 19:15:53.905 [warning] [Decorations] CAPPING events from decorations provider vscode.git 1698
2024-07-15 19:15:59.043 [warning] [Decorations] CAPPING events from decorations provider vscode.git 1696
2024-07-15 19:16:04.180 [warning] [Decorations] CAPPING events from decorations provider vscode.git 1696
2024-07-15 19:16:09.320 [warning] [Decorations] CAPPING events from decorations provider vscode.git 1697
2024-07-15 19:16:16.579 [warning] [Decorations] CAPPING events from decorations provider vscode.git 1697
2024-07-15 19:16:21.733 [warning] [Decorations] CAPPING events from decorations provider vscode.git 1697
2024-07-15 19:16:26.870 [warning] [Decorations] CAPPING events from decorations provider vscode.git 1697
2024-07-15 19:16:32.010 [warning] [Decorations] CAPPING events from decorations provider vscode.git 1697
2024-07-15 19:16:37.151 [warning] [Decorations] CAPPING events from decorations provider vscode.git 1698
2024-07-15 19:16:42.293 [warning] [Decorations] CAPPING events from decorations provider vscode.git 1698
2024-07-15 19:17:11.546 [warning] [Decorations] CAPPING events from decorations provider vscode.git 1698
2024-07-15 19:17:21.497 [warning] [Decorations] CAPPING events from decorations provider vscode.git 1698
2024-07-15 19:17:26.648 [warning] [Decorations] CAPPING events from decorations provider vscode.git 1698
2024-07-15 19:17:31.786 [warning] [Decorations] CAPPING events from decorations provider vscode.git 1698
2024-07-15 19:17:36.922 [warning] [Decorations] CAPPING events from decorations provider vscode.git 1698
2024-07-15 19:18:02.853 [warning] [Decorations] CAPPING events from decorations provider vscode.git 1698
2024-07-15 19:18:07.997 [warning] [Decorations] CAPPING events from decorations provider vscode.git 1698
2024-07-15 19:18:13.139 [warning] [Decorations] CAPPING events from decorations provider vscode.git 1699
2024-07-15 19:18:18.275 [warning] [Decorations] CAPPING events from decorations provider vscode.git 1700
2024-07-15 19:18:23.419 [warning] [Decorations] CAPPING events from decorations provider vscode.git 1699
2024-07-15 19:18:28.567 [warning] [Decorations] CAPPING events from decorations provider vscode.git 1699
2024-07-15 19:18:34.054 [warning] [Decorations] CAPPING events from decorations provider vscode.git 1699
2024-07-15 19:18:39.190 [warning] [Decorations] CAPPING events from decorations provider vscode.git 1699
2024-07-15 19:18:46.144 [warning] [Decorations] CAPPING events from decorations provider vscode.git 1700
2024-07-15 19:18:54.559 [warning] [Decorations] CAPPING events from decorations provider vscode.git 1700
2024-07-15 19:18:59.704 [warning] [Decorations] CAPPING events from decorations provider vscode.git 1700
2024-07-15 19:19:04.844 [warning] [Decorations] CAPPING events from decorations provider vscode.git 1700
2024-07-15 19:19:10.000 [warning] [Decorations] CAPPING events from decorations provider vscode.git 1700
2024-07-15 19:19:15.145 [warning] [Decorations] CAPPING events from decorations provider vscode.git 1700
2024-07-15 19:19:20.284 [warning] [Decorations] CAPPING events from decorations provider vscode.git 1700
2024-07-15 19:19:25.419 [warning] [Decorations] CAPPING events from decorations provider vscode.git 1700
2024-07-15 19:19:30.556 [warning] [Decorations] CAPPING events from decorations provider vscode.git 1700
2024-07-15 19:19:35.692 [warning] [Decorations] CAPPING events from decorations provider vscode.git 1700
2024-07-15 19:19:40.830 [warning] [Decorations] CAPPING events from decorations provider vscode.git 1700
2024-07-15 19:19:45.971 [warning] [Decorations] CAPPING events from decorations provider vscode.git 1700
2024-07-15 19:19:51.112 [warning] [Decorations] CAPPING events from decorations provider vscode.git 1700
2024-07-15 19:19:56.251 [warning] [Decorations] CAPPING events from decorations provider vscode.git 1700
2024-07-15 19:20:01.394 [warning] [Decorations] CAPPING events from decorations provider vscode.git 1700
2024-07-15 19:20:06.530 [warning] [Decorations] CAPPING events from decorations provider vscode.git 1701
2024-07-15 19:20:11.688 [warning] [Decorations] CAPPING events from decorations provider vscode.git 1702
2024-07-15 19:20:16.829 [warning] [Decorations] CAPPING events from decorations provider vscode.git 1701
2024-07-15 19:20:21.965 [warning] [Decorations] CAPPING events from decorations provider vscode.git 1701
2024-07-15 19:20:27.101 [warning] [Decorations] CAPPING events from decorations provider vscode.git 1701
2024-07-15 19:20:32.240 [warning] [Decorations] CAPPING events from decorations provider vscode.git 1714
2024-07-15 19:20:37.605 [warning] [Decorations] CAPPING events from decorations provider vscode.git 1715
2024-07-15 19:20:42.751 [warning] [Decorations] CAPPING events from decorations provider vscode.git 1714
2024-07-15 19:20:48.349 [warning] [Decorations] CAPPING events from decorations provider vscode.git 1714
2024-07-15 19:20:53.488 [warning] [Decorations] CAPPING events from decorations provider vscode.git 1714
2024-07-15 19:20:59.400 [warning] [Decorations] CAPPING events from decorations provider vscode.git 1714
2024-07-15 19:21:04.538 [warning] [Decorations] CAPPING events from decorations provider vscode.git 1714
2024-07-15 19:21:09.673 [warning] [Decorations] CAPPING events from decorations provider vscode.git 1714
2024-07-15 19:21:14.812 [warning] [Decorations] CAPPING events from decorations provider vscode.git 1714
2024-07-15 19:21:19.949 [warning] [Decorations] CAPPING events from decorations provider vscode.git 1714
2024-07-15 19:21:25.090 [warning] [Decorations] CAPPING events from decorations provider vscode.git 1714
2024-07-15 19:21:30.231 [warning] [Decorations] CAPPING events from decorations provider vscode.git 1714
2024-07-15 19:21:35.374 [warning] [Decorations] CAPPING events from decorations provider vscode.git 1714
2024-07-15 19:21:40.508 [warning] [Decorations] CAPPING events from decorations provider vscode.git 1714
2024-07-15 19:21:45.647 [warning] [Decorations] CAPPING events from decorations provider vscode.git 1714
2024-07-15 19:21:50.808 [warning] [Decorations] CAPPING events from decorations provider vscode.git 1714
2024-07-15 19:21:55.948 [warning] [Decorations] CAPPING events from decorations provider vscode.git 1714
2024-07-15 19:22:01.087 [warning] [Decorations] CAPPING events from decorations provider vscode.git 1714
2024-07-15 19:22:06.228 [warning] [Decorations] CAPPING events from decorations provider vscode.git 1714
2024-07-15 19:22:11.369 [warning] [Decorations] CAPPING events from decorations provider vscode.git 1714
2024-07-15 19:22:16.505 [warning] [Decorations] CAPPING events from decorations provider vscode.git 1714
2024-07-15 19:22:21.647 [warning] [Decorations] CAPPING events from decorations provider vscode.git 1714
2024-07-15 19:22:26.790 [warning] [Decorations] CAPPING events from decorations provider vscode.git 1714
2024-07-15 19:22:31.928 [warning] [Decorations] CAPPING events from decorations provider vscode.git 1714
2024-07-15 19:22:37.075 [warning] [Decorations] CAPPING events from decorations provider vscode.git 1714
2024-07-15 19:22:42.216 [warning] [Decorations] CAPPING events from decorations provider vscode.git 1714
2024-07-15 19:22:47.356 [warning] [Decorations] CAPPING events from decorations provider vscode.git 1714
2024-07-15 19:22:52.497 [warning] [Decorations] CAPPING events from decorations provider vscode.git 1714
2024-07-15 19:22:57.634 [warning] [Decorations] CAPPING events from decorations provider vscode.git 1714
2024-07-15 19:23:02.775 [warning] [Decorations] CAPPING events from decorations provider vscode.git 1714
2024-07-15 19:23:07.913 [warning] [Decorations] CAPPING events from decorations provider vscode.git 1714
2024-07-15 19:23:13.053 [warning] [Decorations] CAPPING events from decorations provider vscode.git 1714
2024-07-15 19:23:18.193 [warning] [Decorations] CAPPING events from decorations provider vscode.git 1714
2024-07-15 19:23:23.331 [warning] [Decorations] CAPPING events from decorations provider vscode.git 1714
2024-07-15 19:23:28.472 [warning] [Decorations] CAPPING events from decorations provider vscode.git 1714
2024-07-15 19:23:33.612 [warning] [Decorations] CAPPING events from decorations provider vscode.git 1714
2024-07-15 19:23:39.692 [warning] [Decorations] CAPPING events from decorations provider vscode.git 1714
2024-07-15 19:23:49.472 [warning] [Decorations] CAPPING events from decorations provider vscode.git 1714
2024-07-15 19:23:54.616 [warning] [Decorations] CAPPING events from decorations provider vscode.git 1714
2024-07-15 19:24:01.874 [warning] [Decorations] CAPPING events from decorations provider vscode.git 1714
2024-07-15 19:24:07.018 [warning] [Decorations] CAPPING events from decorations provider vscode.git 1714
2024-07-15 19:24:46.281 [warning] [Decorations] CAPPING events from decorations provider vscode.git 1716
2024-07-15 19:24:51.440 [warning] [Decorations] CAPPING events from decorations provider vscode.git 1715
2024-07-15 19:24:56.585 [warning] [Decorations] CAPPING events from decorations provider vscode.git 1715
2024-07-15 19:25:01.724 [warning] [Decorations] CAPPING events from decorations provider vscode.git 1714
2024-07-15 19:25:06.862 [warning] [Decorations] CAPPING events from decorations provider vscode.git 1714
2024-07-15 19:25:12.002 [warning] [Decorations] CAPPING events from decorations provider vscode.git 1714
2024-07-15 19:25:30.244 [warning] [Decorations] CAPPING events from decorations provider vscode.git 1718
2024-07-15 19:25:35.390 [warning] [Decorations] CAPPING events from decorations provider vscode.git 1717
2024-07-15 19:25:40.531 [warning] [Decorations] CAPPING events from decorations provider vscode.git 1716
2024-07-15 19:25:45.665 [warning] [Decorations] CAPPING events from decorations provider vscode.git 1718
2024-07-15 19:26:08.952 [warning] [Decorations] CAPPING events from decorations provider vscode.git 1719
2024-07-15 19:26:14.093 [warning] [Decorations] CAPPING events from decorations provider vscode.git 1717
2024-07-15 19:26:19.233 [warning] [Decorations] CAPPING events from decorations provider vscode.git 1717
2024-07-15 19:26:24.372 [warning] [Decorations] CAPPING events from decorations provider vscode.git 1717
2024-07-15 19:26:29.513 [warning] [Decorations] CAPPING events from decorations provider vscode.git 1718
2024-07-15 19:26:34.652 [warning] [Decorations] CAPPING events from decorations provider vscode.git 1719
2024-07-15 19:26:39.791 [warning] [Decorations] CAPPING events from decorations provider vscode.git 1720
2024-07-15 19:26:44.936 [warning] [Decorations] CAPPING events from decorations provider vscode.git 1720
2024-07-15 19:26:50.077 [warning] [Decorations] CAPPING events from decorations provider vscode.git 1719
2024-07-15 19:26:58.984 [warning] [Decorations] CAPPING events from decorations provider vscode.git 1719
2024-07-15 19:27:48.163 [warning] [Decorations] CAPPING events from decorations provider vscode.git 1721
2024-07-15 19:27:53.309 [warning] [Decorations] CAPPING events from decorations provider vscode.git 1721
2024-07-15 19:27:58.463 [warning] [Decorations] CAPPING events from decorations provider vscode.git 1721
2024-07-15 19:28:03.606 [warning] [Decorations] CAPPING events from decorations provider vscode.git 1720
2024-07-15 19:28:08.762 [warning] [Decorations] CAPPING events from decorations provider vscode.git 1720
2024-07-15 19:28:13.911 [warning] [Decorations] CAPPING events from decorations provider vscode.git 1719
2024-07-15 19:28:19.053 [warning] [Decorations] CAPPING events from decorations provider vscode.git 1719
2024-07-15 19:28:24.198 [warning] [Decorations] CAPPING events from decorations provider vscode.git 1719
2024-07-15 19:28:31.070 [warning] [Decorations] CAPPING events from decorations provider vscode.git 1719
2024-07-15 19:28:36.212 [warning] [Decorations] CAPPING events from decorations provider vscode.git 1718
2024-07-15 19:28:41.349 [warning] [Decorations] CAPPING events from decorations provider vscode.git 1718
2024-07-15 19:28:46.489 [warning] [Decorations] CAPPING events from decorations provider vscode.git 1718
2024-07-15 19:28:51.631 [warning] [Decorations] CAPPING events from decorations provider vscode.git 1718
2024-07-15 19:29:09.440 [warning] [Decorations] CAPPING events from decorations provider vscode.git 1718
2024-07-15 19:30:22.416 [warning] [Decorations] CAPPING events from decorations provider vscode.git 1719
2024-07-15 19:33:00.491 [warning] [Decorations] CAPPING events from decorations provider vscode.git 1723
2024-07-15 19:34:40.776 [warning] [Decorations] CAPPING events from decorations provider vscode.git 1726
2024-07-15 19:35:53.170 [warning] [Decorations] CAPPING events from decorations provider vscode.git 1719
2024-07-15 19:35:58.320 [warning] [Decorations] CAPPING events from decorations provider vscode.git 1719
2024-07-15 19:36:03.460 [warning] [Decorations] CAPPING events from decorations provider vscode.git 1718
2024-07-15 19:36:08.597 [warning] [Decorations] CAPPING events from decorations provider vscode.git 1719
2024-07-15 19:36:13.732 [warning] [Decorations] CAPPING events from decorations provider vscode.git 1719
2024-07-15 19:36:18.877 [warning] [Decorations] CAPPING events from decorations provider vscode.git 1720
2024-07-15 19:36:24.023 [warning] [Decorations] CAPPING events from decorations provider vscode.git 1720
2024-07-15 19:36:29.161 [warning] [Decorations] CAPPING events from decorations provider vscode.git 1720
2024-07-15 19:36:34.302 [warning] [Decorations] CAPPING events from decorations provider vscode.git 1720
2024-07-15 19:36:39.635 [warning] [Decorations] CAPPING events from decorations provider vscode.git 1721
2024-07-15 19:36:53.882 [warning] [Decorations] CAPPING events from decorations provider vscode.git 1720
2024-07-15 19:36:59.029 [warning] [Decorations] CAPPING events from decorations provider vscode.git 1720
2024-07-15 19:37:04.173 [warning] [Decorations] CAPPING events from decorations provider vscode.git 1721
2024-07-15 19:37:25.293 [warning] [Decorations] CAPPING events from decorations provider vscode.git 1721
2024-07-15 19:37:30.438 [warning] [Decorations] CAPPING events from decorations provider vscode.git 1721
2024-07-15 19:37:35.582 [warning] [Decorations] CAPPING events from decorations provider vscode.git 1721
2024-07-15 19:37:40.718 [warning] [Decorations] CAPPING events from decorations provider vscode.git 1722
2024-07-15 19:37:45.858 [warning] [Decorations] CAPPING events from decorations provider vscode.git 1723
2024-07-15 19:37:50.996 [warning] [Decorations] CAPPING events from decorations provider vscode.git 1724
2024-07-15 19:37:56.148 [warning] [Decorations] CAPPING events from decorations provider vscode.git 1723
2024-07-15 19:38:01.285 [warning] [Decorations] CAPPING events from decorations provider vscode.git 1723
2024-07-15 19:38:06.429 [warning] [Decorations] CAPPING events from decorations provider vscode.git 1724
2024-07-15 19:38:11.570 [warning] [Decorations] CAPPING events from decorations provider vscode.git 1724
2024-07-15 19:38:17.386 [warning] [Decorations] CAPPING events from decorations provider vscode.git 1726
2024-07-15 19:38:22.528 [warning] [Decorations] CAPPING events from decorations provider vscode.git 1725
2024-07-15 19:38:27.668 [warning] [Decorations] CAPPING events from decorations provider vscode.git 1726
2024-07-15 19:38:32.808 [warning] [Decorations] CAPPING events from decorations provider vscode.git 1727
2024-07-15 19:38:37.948 [warning] [Decorations] CAPPING events from decorations provider vscode.git 1726
2024-07-15 19:38:43.091 [warning] [Decorations] CAPPING events from decorations provider vscode.git 1726
2024-07-15 19:38:48.230 [warning] [Decorations] CAPPING events from decorations provider vscode.git 1727
2024-07-15 19:38:53.367 [warning] [Decorations] CAPPING events from decorations provider vscode.git 1727
2024-07-15 19:38:58.509 [warning] [Decorations] CAPPING events from decorations provider vscode.git 1727
2024-07-15 19:39:38.152 [warning] [Decorations] CAPPING events from decorations provider vscode.git 1727
2024-07-15 19:39:43.302 [warning] [Decorations] CAPPING events from decorations provider vscode.git 1727
2024-07-15 19:39:48.443 [warning] [Decorations] CAPPING events from decorations provider vscode.git 1728
2024-07-15 19:39:53.580 [warning] [Decorations] CAPPING events from decorations provider vscode.git 1729
2024-07-15 19:39:58.720 [warning] [Decorations] CAPPING events from decorations provider vscode.git 1728
2024-07-15 19:40:03.866 [warning] [Decorations] CAPPING events from decorations provider vscode.git 1728
2024-07-15 19:40:09.010 [warning] [Decorations] CAPPING events from decorations provider vscode.git 1728
2024-07-15 19:40:25.161 [warning] [Decorations] CAPPING events from decorations provider vscode.git 1728
2024-07-15 19:40:57.992 [warning] [Decorations] CAPPING events from decorations provider vscode.git 1728
2024-07-15 19:41:03.142 [warning] [Decorations] CAPPING events from decorations provider vscode.git 1728
2024-07-15 19:41:08.285 [warning] [Decorations] CAPPING events from decorations provider vscode.git 1729
2024-07-15 19:41:13.452 [warning] [Decorations] CAPPING events from decorations provider vscode.git 1729
2024-07-15 19:41:18.606 [warning] [Decorations] CAPPING events from decorations provider vscode.git 1729
2024-07-15 19:41:23.749 [warning] [Decorations] CAPPING events from decorations provider vscode.git 1729
2024-07-15 19:41:41.260 [warning] [Decorations] CAPPING events from decorations provider vscode.git 1733
2024-07-15 19:41:46.409 [warning] [Decorations] CAPPING events from decorations provider vscode.git 1731
2024-07-15 19:41:51.547 [warning] [Decorations] CAPPING events from decorations provider vscode.git 1732
2024-07-15 19:42:27.507 [warning] [Decorations] CAPPING events from decorations provider vscode.git 1732
2024-07-15 19:42:32.651 [warning] [Decorations] CAPPING events from decorations provider vscode.git 1733
2024-07-15 19:42:37.797 [warning] [Decorations] CAPPING events from decorations provider vscode.git 1733
2024-07-15 19:42:42.942 [warning] [Decorations] CAPPING events from decorations provider vscode.git 1734
2024-07-15 19:42:48.090 [warning] [Decorations] CAPPING events from decorations provider vscode.git 1733
2024-07-15 19:42:53.229 [warning] [Decorations] CAPPING events from decorations provider vscode.git 1733
2024-07-15 19:42:58.366 [warning] [Decorations] CAPPING events from decorations provider vscode.git 1733
2024-07-15 19:43:03.507 [warning] [Decorations] CAPPING events from decorations provider vscode.git 1733
2024-07-15 19:43:08.652 [warning] [Decorations] CAPPING events from decorations provider vscode.git 1734
2024-07-15 19:43:13.792 [warning] [Decorations] CAPPING events from decorations provider vscode.git 1734
2024-07-15 19:43:52.627 [warning] [Decorations] CAPPING events from decorations provider vscode.git 1734
2024-07-15 19:43:57.770 [warning] [Decorations] CAPPING events from decorations provider vscode.git 1735
2024-07-15 19:44:46.408 [warning] [Decorations] CAPPING events from decorations provider vscode.git 1737
2024-07-15 19:44:51.551 [warning] [Decorations] CAPPING events from decorations provider vscode.git 1735
2024-07-15 19:44:56.692 [warning] [Decorations] CAPPING events from decorations provider vscode.git 1736
2024-07-15 19:45:01.828 [warning] [Decorations] CAPPING events from decorations provider vscode.git 1736
2024-07-15 19:45:25.951 [warning] [Decorations] CAPPING events from decorations provider vscode.git 1738
2024-07-15 19:45:26.626 [warning] vscode.json-language-features - Code actions of kind 'quickfix' requested but returned code action is of kind 'source.sort.json'. Code action will be dropped. Please check 'CodeActionContext.only' to only return requested code actions.
2024-07-15 19:45:31.108 [warning] [Decorations] CAPPING events from decorations provider vscode.git 1736
2024-07-15 19:45:36.280 [warning] [Decorations] CAPPING events from decorations provider vscode.git 1737
2024-07-15 19:45:41.969 [warning] [Decorations] CAPPING events from decorations provider vscode.git 1737
2024-07-15 19:45:47.109 [warning] [Decorations] CAPPING events from decorations provider vscode.git 1738
2024-07-15 19:45:52.246 [warning] [Decorations] CAPPING events from decorations provider vscode.git 1739
2024-07-15 19:45:55.700 [warning] vscode.json-language-features - Code actions of kind 'quickfix' requested but returned code action is of kind 'source.sort.json'. Code action will be dropped. Please check 'CodeActionContext.only' to only return requested code actions.
2024-07-15 19:45:57.388 [warning] [Decorations] CAPPING events from decorations provider vscode.git 1738
2024-07-15 19:46:02.536 [warning] [Decorations] CAPPING events from decorations provider vscode.git 1739
2024-07-15 19:46:05.349 [warning] vscode.json-language-features - Code actions of kind 'quickfix' requested but returned code action is of kind 'source.sort.json'. Code action will be dropped. Please check 'CodeActionContext.only' to only return requested code actions.
2024-07-15 19:46:07.672 [warning] [Decorations] CAPPING events from decorations provider vscode.git 1740
2024-07-15 19:46:12.815 [warning] [Decorations] CAPPING events from decorations provider vscode.git 1739
2024-07-15 19:46:17.953 [warning] [Decorations] CAPPING events from decorations provider vscode.git 1739
2024-07-15 19:46:23.098 [warning] [Decorations] CAPPING events from decorations provider vscode.git 1740
2024-07-15 19:46:28.245 [warning] [Decorations] CAPPING events from decorations provider vscode.git 1740
2024-07-15 19:46:33.391 [warning] [Decorations] CAPPING events from decorations provider vscode.git 1741
2024-07-15 19:46:38.531 [warning] [Decorations] CAPPING events from decorations provider vscode.git 1741
2024-07-15 19:46:43.671 [warning] [Decorations] CAPPING events from decorations provider vscode.git 1731
2024-07-15 19:46:48.830 [warning] [Decorations] CAPPING events from decorations provider vscode.git 1731
2024-07-15 19:46:53.968 [warning] [Decorations] CAPPING events from decorations provider vscode.git 1731
2024-07-15 19:46:59.115 [warning] [Decorations] CAPPING events from decorations provider vscode.git 1731
2024-07-15 19:47:04.254 [warning] [Decorations] CAPPING events from decorations provider vscode.git 1731
2024-07-15 19:47:04.960 [warning] vscode.json-language-features - Code actions of kind 'quickfix' requested but returned code action is of kind 'source.sort.json'. Code action will be dropped. Please check 'CodeActionContext.only' to only return requested code actions.
2024-07-15 19:47:09.402 [warning] [Decorations] CAPPING events from decorations provider vscode.git 1731
2024-07-15 19:47:14.538 [warning] [Decorations] CAPPING events from decorations provider vscode.git 1731
2024-07-15 19:47:19.675 [warning] [Decorations] CAPPING events from decorations provider vscode.git 1731
2024-07-15 19:47:24.819 [warning] [Decorations] CAPPING events from decorations provider vscode.git 1732
2024-07-15 19:47:29.955 [warning] [Decorations] CAPPING events from decorations provider vscode.git 1732
2024-07-15 19:47:35.096 [warning] [Decorations] CAPPING events from decorations provider vscode.git 1732
2024-07-15 19:47:40.236 [warning] [Decorations] CAPPING events from decorations provider vscode.git 1732
2024-07-15 19:47:45.375 [warning] [Decorations] CAPPING events from decorations provider vscode.git 1733
2024-07-15 19:47:50.517 [warning] [Decorations] CAPPING events from decorations provider vscode.git 1733
2024-07-15 19:47:55.662 [warning] [Decorations] CAPPING events from decorations provider vscode.git 1733
2024-07-15 19:48:00.799 [warning] [Decorations] CAPPING events from decorations provider vscode.git 1733
2024-07-15 19:48:05.946 [warning] [Decorations] CAPPING events from decorations provider vscode.git 1734
2024-07-15 19:48:11.088 [warning] [Decorations] CAPPING events from decorations provider vscode.git 1735
2024-07-15 19:48:16.227 [warning] [Decorations] CAPPING events from decorations provider vscode.git 1734
2024-07-15 19:48:21.370 [warning] [Decorations] CAPPING events from decorations provider vscode.git 1734
2024-07-15 19:48:26.511 [warning] [Decorations] CAPPING events from decorations provider vscode.git 1735
2024-07-15 19:48:31.655 [warning] [Decorations] CAPPING events from decorations provider vscode.git 1736
2024-07-15 19:48:36.790 [warning] [Decorations] CAPPING events from decorations provider vscode.git 1735
2024-07-15 19:48:41.932 [warning] [Decorations] CAPPING events from decorations provider vscode.git 1736
2024-07-15 19:48:47.067 [warning] [Decorations] CAPPING events from decorations provider vscode.git 1737
2024-07-15 19:48:52.210 [warning] [Decorations] CAPPING events from decorations provider vscode.git 1736
2024-07-15 19:48:57.358 [warning] [Decorations] CAPPING events from decorations provider vscode.git 1736
2024-07-15 19:49:02.507 [warning] [Decorations] CAPPING events from decorations provider vscode.git 1736
2024-07-15 19:49:07.648 [warning] [Decorations] CAPPING events from decorations provider vscode.git 1736
2024-07-15 19:49:12.792 [warning] [Decorations] CAPPING events from decorations provider vscode.git 1736
2024-07-15 19:49:17.928 [warning] [Decorations] CAPPING events from decorations provider vscode.git 1736
2024-07-15 19:49:23.065 [warning] [Decorations] CAPPING events from decorations provider vscode.git 1736
2024-07-15 19:49:28.210 [warning] [Decorations] CAPPING events from decorations provider vscode.git 1737
2024-07-15 19:49:33.349 [warning] [Decorations] CAPPING events from decorations provider vscode.git 1737
2024-07-15 19:49:38.492 [warning] [Decorations] CAPPING events from decorations provider vscode.git 1737
2024-07-15 19:49:43.636 [warning] [Decorations] CAPPING events from decorations provider vscode.git 1737
2024-07-15 19:49:48.771 [warning] [Decorations] CAPPING events from decorations provider vscode.git 1738
2024-07-15 19:49:53.914 [warning] [Decorations] CAPPING events from decorations provider vscode.git 1738
2024-07-15 19:49:59.060 [warning] [Decorations] CAPPING events from decorations provider vscode.git 1738
2024-07-15 19:50:04.201 [warning] [Decorations] CAPPING events from decorations provider vscode.git 1738
2024-07-15 19:50:09.344 [warning] [Decorations] CAPPING events from decorations provider vscode.git 1739
2024-07-15 19:50:14.641 [warning] [Decorations] CAPPING events from decorations provider vscode.git 1740
2024-07-15 19:50:19.781 [warning] [Decorations] CAPPING events from decorations provider vscode.git 1740
2024-07-15 19:50:24.926 [warning] [Decorations] CAPPING events from decorations provider vscode.git 1740
2024-07-15 19:50:30.069 [warning] [Decorations] CAPPING events from decorations provider vscode.git 1740
2024-07-15 19:50:35.213 [warning] [Decorations] CAPPING events from decorations provider vscode.git 1740
2024-07-15 19:50:40.364 [warning] [Decorations] CAPPING events from decorations provider vscode.git 1740
2024-07-15 19:50:45.507 [warning] [Decorations] CAPPING events from decorations provider vscode.git 1740
2024-07-15 19:50:50.651 [warning] [Decorations] CAPPING events from decorations provider vscode.git 1741
2024-07-15 19:50:55.793 [warning] [Decorations] CAPPING events from decorations provider vscode.git 1743
2024-07-15 19:51:00.936 [warning] [Decorations] CAPPING events from decorations provider vscode.git 1744
2024-07-15 19:51:06.067 [warning] [Decorations] CAPPING events from decorations provider vscode.git 1744
