2024-07-15 22:51:58.815 [info] Extension host with pid 113987 started
2024-07-15 22:51:58.815 [info] Skipping acquiring lock for /home/rajeev/.config/Code - OSS/User/workspaceStorage/28146e5344b85ec233c3dd273761f889.
2024-07-15 22:51:59.143 [info] ExtensionService#_doActivateExtension vscode.emmet, startup: false, activationEvent: 'onLanguage'
2024-07-15 22:51:59.155 [info] ExtensionService#_doActivateExtension vscode.configuration-editing, startup: false, activationEvent: 'onLanguage:jsonc'
2024-07-15 22:51:59.161 [info] ExtensionService#_doActivateExtension vscode.json-language-features, startup: false, activationEvent: 'onLanguage:jsonc'
2024-07-15 22:51:59.199 [info] ExtensionService#_doActivateExtension vscode.typescript-language-features, startup: false, activationEvent: 'onLanguage:jsonc'
2024-07-15 22:51:59.497 [info] ExtensionService#_doActivateExtension vscode.git-base, startup: true, activationEvent: '*', root cause: vscode.git
2024-07-15 22:51:59.504 [info] ExtensionService#_doActivateExtension vscode.git, startup: true, activationEvent: '*'
2024-07-15 22:51:59.522 [info] ExtensionService#_doActivateExtension vscode.github, startup: true, activationEvent: '*'
2024-07-15 22:51:59.556 [info] Eager extensions activated
2024-07-15 22:51:59.590 [info] ExtensionService#_doActivateExtension vscode.debug-auto-launch, startup: false, activationEvent: 'onStartupFinished'
2024-07-15 22:51:59.592 [info] ExtensionService#_doActivateExtension vscode.merge-conflict, startup: false, activationEvent: 'onStartupFinished'
2024-07-15 22:51:59.598 [info] ExtensionService#_doActivateExtension esbenp.prettier-vscode, startup: false, activationEvent: 'onStartupFinished'
2024-07-15 22:51:59.790 [warning] [Decorations] CAPPING events from decorations provider vscode.git 394
2024-07-15 22:51:59.962 [info] ExtensionService#_doActivateExtension vscode.github-authentication, startup: false, activationEvent: 'onAuthenticationRequest:github'
2024-07-15 22:52:00.124 [warning] [Decorations] CAPPING events from decorations provider vscode.git 395
2024-07-15 22:52:02.127 [warning] [Decorations] CAPPING events from decorations provider vscode.git 395
2024-07-15 22:52:07.233 [warning] [Decorations] CAPPING events from decorations provider vscode.git 395
2024-07-15 22:52:12.342 [warning] [Decorations] CAPPING events from decorations provider vscode.git 431
2024-07-15 22:52:18.269 [warning] [Decorations] CAPPING events from decorations provider vscode.git 441
2024-07-15 22:52:23.386 [warning] [Decorations] CAPPING events from decorations provider vscode.git 445
2024-07-15 22:52:28.497 [warning] [Decorations] CAPPING events from decorations provider vscode.git 466
2024-07-15 22:52:32.279 [info] ExtensionService#_doActivateExtension Catppuccin.catppuccin-vsc, startup: false, activationEvent: 'onStartupFinished'
2024-07-15 22:52:33.614 [warning] [Decorations] CAPPING events from decorations provider vscode.git 472
2024-07-15 22:52:38.730 [warning] [Decorations] CAPPING events from decorations provider vscode.git 472
2024-07-15 22:52:39.226 [info] ExtensionService#_doActivateExtension vscode.css-language-features, startup: false, activationEvent: 'onLanguage:css'
2024-07-15 22:52:43.842 [warning] [Decorations] CAPPING events from decorations provider vscode.git 473
2024-07-15 22:52:48.950 [warning] [Decorations] CAPPING events from decorations provider vscode.git 473
2024-07-15 22:52:54.060 [warning] [Decorations] CAPPING events from decorations provider vscode.git 473
2024-07-15 22:52:59.169 [warning] [Decorations] CAPPING events from decorations provider vscode.git 474
2024-07-15 22:53:04.281 [warning] [Decorations] CAPPING events from decorations provider vscode.git 474
2024-07-15 22:53:09.401 [warning] [Decorations] CAPPING events from decorations provider vscode.git 474
2024-07-15 22:53:14.509 [warning] [Decorations] CAPPING events from decorations provider vscode.git 474
2024-07-15 22:53:19.624 [warning] [Decorations] CAPPING events from decorations provider vscode.git 474
2024-07-15 22:53:24.737 [warning] [Decorations] CAPPING events from decorations provider vscode.git 474
2024-07-15 22:53:29.853 [warning] [Decorations] CAPPING events from decorations provider vscode.git 474
2024-07-15 22:53:34.964 [warning] [Decorations] CAPPING events from decorations provider vscode.git 474
2024-07-15 22:53:40.079 [warning] [Decorations] CAPPING events from decorations provider vscode.git 474
2024-07-15 22:53:45.192 [warning] [Decorations] CAPPING events from decorations provider vscode.git 474
2024-07-15 22:53:50.304 [warning] [Decorations] CAPPING events from decorations provider vscode.git 474
2024-07-15 22:53:55.413 [warning] [Decorations] CAPPING events from decorations provider vscode.git 475
2024-07-15 22:54:00.521 [warning] [Decorations] CAPPING events from decorations provider vscode.git 475
2024-07-15 22:54:05.634 [warning] [Decorations] CAPPING events from decorations provider vscode.git 476
2024-07-15 22:54:10.752 [warning] [Decorations] CAPPING events from decorations provider vscode.git 476
2024-07-15 22:54:15.861 [warning] [Decorations] CAPPING events from decorations provider vscode.git 476
2024-07-15 22:54:20.979 [warning] [Decorations] CAPPING events from decorations provider vscode.git 476
2024-07-15 22:54:26.093 [warning] [Decorations] CAPPING events from decorations provider vscode.git 476
2024-07-15 22:54:31.206 [warning] [Decorations] CAPPING events from decorations provider vscode.git 476
2024-07-15 22:54:36.324 [warning] [Decorations] CAPPING events from decorations provider vscode.git 476
2024-07-15 22:54:41.441 [warning] [Decorations] CAPPING events from decorations provider vscode.git 476
2024-07-15 22:54:46.555 [warning] [Decorations] CAPPING events from decorations provider vscode.git 476
2024-07-15 22:54:51.671 [warning] [Decorations] CAPPING events from decorations provider vscode.git 476
2024-07-15 22:54:56.785 [warning] [Decorations] CAPPING events from decorations provider vscode.git 476
2024-07-15 22:55:01.898 [warning] [Decorations] CAPPING events from decorations provider vscode.git 476
2024-07-15 22:55:07.012 [warning] [Decorations] CAPPING events from decorations provider vscode.git 476
2024-07-15 22:55:12.136 [warning] [Decorations] CAPPING events from decorations provider vscode.git 476
2024-07-15 22:55:17.248 [warning] [Decorations] CAPPING events from decorations provider vscode.git 476
2024-07-15 22:55:22.355 [warning] [Decorations] CAPPING events from decorations provider vscode.git 477
2024-07-15 22:55:27.465 [warning] [Decorations] CAPPING events from decorations provider vscode.git 476
2024-07-15 22:55:32.579 [warning] [Decorations] CAPPING events from decorations provider vscode.git 476
2024-07-15 22:55:33.904 [info] ExtensionService#_doActivateExtension vscode.extension-editing, startup: false, activationEvent: 'onLanguage:json'
2024-07-15 22:55:33.910 [info] ExtensionService#_doActivateExtension vscode.npm, startup: false, activationEvent: 'onLanguage:json'
2024-07-15 22:55:37.693 [warning] [Decorations] CAPPING events from decorations provider vscode.git 476
2024-07-15 22:55:42.806 [warning] [Decorations] CAPPING events from decorations provider vscode.git 476
2024-07-15 22:55:47.922 [warning] [Decorations] CAPPING events from decorations provider vscode.git 476
2024-07-15 22:55:53.033 [warning] [Decorations] CAPPING events from decorations provider vscode.git 476
2024-07-15 22:55:58.144 [warning] [Decorations] CAPPING events from decorations provider vscode.git 476
2024-07-15 22:56:03.258 [warning] [Decorations] CAPPING events from decorations provider vscode.git 476
2024-07-15 22:56:08.374 [warning] [Decorations] CAPPING events from decorations provider vscode.git 476
2024-07-15 22:56:13.486 [warning] [Decorations] CAPPING events from decorations provider vscode.git 477
2024-07-15 22:56:18.598 [warning] [Decorations] CAPPING events from decorations provider vscode.git 477
2024-07-15 22:56:23.709 [warning] [Decorations] CAPPING events from decorations provider vscode.git 478
2024-07-15 22:56:28.820 [warning] [Decorations] CAPPING events from decorations provider vscode.git 478
2024-07-15 22:56:33.934 [warning] [Decorations] CAPPING events from decorations provider vscode.git 479
2024-07-15 22:56:39.045 [warning] [Decorations] CAPPING events from decorations provider vscode.git 479
2024-07-15 22:56:44.153 [warning] [Decorations] CAPPING events from decorations provider vscode.git 479
2024-07-15 22:56:49.267 [warning] [Decorations] CAPPING events from decorations provider vscode.git 479
2024-07-15 22:56:54.382 [warning] [Decorations] CAPPING events from decorations provider vscode.git 479
2024-07-15 22:56:59.495 [warning] [Decorations] CAPPING events from decorations provider vscode.git 479
2024-07-15 22:57:04.612 [warning] [Decorations] CAPPING events from decorations provider vscode.git 479
2024-07-15 22:57:09.730 [warning] [Decorations] CAPPING events from decorations provider vscode.git 479
2024-07-15 22:57:14.842 [warning] [Decorations] CAPPING events from decorations provider vscode.git 479
2024-07-15 22:57:19.955 [warning] [Decorations] CAPPING events from decorations provider vscode.git 479
2024-07-15 22:57:25.069 [warning] [Decorations] CAPPING events from decorations provider vscode.git 479
2024-07-15 22:57:30.182 [warning] [Decorations] CAPPING events from decorations provider vscode.git 480
2024-07-15 22:57:35.293 [warning] [Decorations] CAPPING events from decorations provider vscode.git 480
2024-07-15 22:57:40.403 [warning] [Decorations] CAPPING events from decorations provider vscode.git 481
2024-07-15 22:57:45.515 [warning] [Decorations] CAPPING events from decorations provider vscode.git 480
2024-07-15 22:57:50.627 [warning] [Decorations] CAPPING events from decorations provider vscode.git 480
2024-07-15 22:57:55.739 [warning] [Decorations] CAPPING events from decorations provider vscode.git 480
2024-07-15 22:58:00.850 [warning] [Decorations] CAPPING events from decorations provider vscode.git 480
2024-07-15 22:58:05.960 [warning] [Decorations] CAPPING events from decorations provider vscode.git 480
2024-07-15 22:58:11.071 [warning] [Decorations] CAPPING events from decorations provider vscode.git 480
2024-07-15 22:58:16.184 [warning] [Decorations] CAPPING events from decorations provider vscode.git 480
2024-07-15 22:58:21.294 [warning] [Decorations] CAPPING events from decorations provider vscode.git 480
2024-07-15 22:58:26.405 [warning] [Decorations] CAPPING events from decorations provider vscode.git 481
2024-07-15 22:58:31.517 [warning] [Decorations] CAPPING events from decorations provider vscode.git 482
2024-07-15 22:58:36.626 [warning] [Decorations] CAPPING events from decorations provider vscode.git 481
2024-07-15 22:58:41.735 [warning] [Decorations] CAPPING events from decorations provider vscode.git 481
2024-07-15 22:58:46.857 [warning] [Decorations] CAPPING events from decorations provider vscode.git 481
2024-07-15 22:58:51.969 [warning] [Decorations] CAPPING events from decorations provider vscode.git 482
2024-07-15 22:58:57.079 [warning] [Decorations] CAPPING events from decorations provider vscode.git 499
2024-07-15 22:59:02.190 [warning] [Decorations] CAPPING events from decorations provider vscode.git 499
2024-07-15 22:59:07.301 [warning] [Decorations] CAPPING events from decorations provider vscode.git 498
2024-07-15 22:59:12.412 [warning] [Decorations] CAPPING events from decorations provider vscode.git 498
2024-07-15 22:59:17.521 [warning] [Decorations] CAPPING events from decorations provider vscode.git 498
2024-07-15 22:59:22.630 [warning] [Decorations] CAPPING events from decorations provider vscode.git 498
2024-07-15 22:59:27.739 [warning] [Decorations] CAPPING events from decorations provider vscode.git 498
2024-07-15 22:59:32.849 [warning] [Decorations] CAPPING events from decorations provider vscode.git 501
2024-07-15 22:59:37.961 [warning] [Decorations] CAPPING events from decorations provider vscode.git 505
2024-07-15 23:00:32.902 [warning] [Decorations] CAPPING events from decorations provider vscode.git 505
2024-07-15 23:01:38.813 [warning] [Decorations] CAPPING events from decorations provider vscode.git 504
2024-07-15 23:01:57.356 [warning] [Decorations] CAPPING events from decorations provider vscode.git 506
2024-07-15 23:02:11.603 [warning] [Decorations] CAPPING events from decorations provider vscode.git 505
2024-07-15 23:02:16.716 [warning] [Decorations] CAPPING events from decorations provider vscode.git 505
2024-07-15 23:02:21.834 [warning] [Decorations] CAPPING events from decorations provider vscode.git 506
2024-07-15 23:02:26.946 [warning] [Decorations] CAPPING events from decorations provider vscode.git 506
2024-07-15 23:02:32.060 [warning] [Decorations] CAPPING events from decorations provider vscode.git 506
2024-07-15 23:02:37.173 [warning] [Decorations] CAPPING events from decorations provider vscode.git 507
2024-07-15 23:02:42.282 [warning] [Decorations] CAPPING events from decorations provider vscode.git 508
2024-07-15 23:02:47.395 [warning] [Decorations] CAPPING events from decorations provider vscode.git 508
2024-07-15 23:02:52.507 [warning] [Decorations] CAPPING events from decorations provider vscode.git 507
2024-07-15 23:02:57.619 [warning] [Decorations] CAPPING events from decorations provider vscode.git 507
2024-07-15 23:03:02.734 [warning] [Decorations] CAPPING events from decorations provider vscode.git 507
2024-07-15 23:03:07.846 [warning] [Decorations] CAPPING events from decorations provider vscode.git 507
2024-07-15 23:03:12.959 [warning] [Decorations] CAPPING events from decorations provider vscode.git 507
2024-07-15 23:04:21.106 [warning] [Decorations] CAPPING events from decorations provider vscode.git 511
2024-07-15 23:04:28.841 [warning] [Decorations] CAPPING events from decorations provider vscode.git 512
2024-07-15 23:06:59.361 [warning] [Decorations] CAPPING events from decorations provider vscode.git 516
2024-07-15 23:07:11.226 [warning] [Decorations] CAPPING events from decorations provider vscode.git 514
2024-07-15 23:07:17.678 [warning] [Decorations] CAPPING events from decorations provider vscode.git 514
2024-07-15 23:07:22.791 [warning] [Decorations] CAPPING events from decorations provider vscode.git 514
2024-07-15 23:07:27.913 [warning] [Decorations] CAPPING events from decorations provider vscode.git 514
2024-07-15 23:07:33.028 [warning] [Decorations] CAPPING events from decorations provider vscode.git 514
2024-07-15 23:07:38.140 [warning] [Decorations] CAPPING events from decorations provider vscode.git 514
2024-07-15 23:07:43.255 [warning] [Decorations] CAPPING events from decorations provider vscode.git 514
2024-07-15 23:07:48.370 [warning] [Decorations] CAPPING events from decorations provider vscode.git 516
2024-07-15 23:07:53.640 [warning] [Decorations] CAPPING events from decorations provider vscode.git 516
2024-07-15 23:07:58.753 [warning] [Decorations] CAPPING events from decorations provider vscode.git 516
2024-07-15 23:08:30.135 [warning] [Decorations] CAPPING events from decorations provider vscode.git 517
2024-07-15 23:08:35.243 [warning] [Decorations] CAPPING events from decorations provider vscode.git 519
2024-07-15 23:08:40.358 [warning] [Decorations] CAPPING events from decorations provider vscode.git 518
2024-07-15 23:08:45.471 [warning] [Decorations] CAPPING events from decorations provider vscode.git 517
2024-07-15 23:08:50.587 [warning] [Decorations] CAPPING events from decorations provider vscode.git 517
2024-07-15 23:08:55.708 [warning] [Decorations] CAPPING events from decorations provider vscode.git 520
2024-07-15 23:09:00.823 [warning] [Decorations] CAPPING events from decorations provider vscode.git 521
2024-07-15 23:09:05.935 [warning] [Decorations] CAPPING events from decorations provider vscode.git 521
2024-07-15 23:09:11.048 [warning] [Decorations] CAPPING events from decorations provider vscode.git 521
2024-07-15 23:09:16.462 [warning] [Decorations] CAPPING events from decorations provider vscode.git 522
2024-07-15 23:09:21.574 [warning] [Decorations] CAPPING events from decorations provider vscode.git 521
2024-07-15 23:11:56.162 [warning] [Decorations] CAPPING events from decorations provider vscode.git 523
2024-07-15 23:12:01.276 [warning] [Decorations] CAPPING events from decorations provider vscode.git 521
2024-07-15 23:12:06.387 [warning] [Decorations] CAPPING events from decorations provider vscode.git 521
2024-07-15 23:12:11.496 [warning] [Decorations] CAPPING events from decorations provider vscode.git 522
2024-07-15 23:12:16.614 [warning] [Decorations] CAPPING events from decorations provider vscode.git 521
2024-07-15 23:12:21.729 [warning] [Decorations] CAPPING events from decorations provider vscode.git 521
2024-07-15 23:12:26.843 [warning] [Decorations] CAPPING events from decorations provider vscode.git 521
2024-07-15 23:12:44.252 [warning] [Decorations] CAPPING events from decorations provider vscode.git 521
2024-07-15 23:12:49.432 [warning] [Decorations] CAPPING events from decorations provider vscode.git 521
2024-07-15 23:12:54.544 [warning] [Decorations] CAPPING events from decorations provider vscode.git 521
2024-07-15 23:13:05.656 [warning] [Decorations] CAPPING events from decorations provider vscode.git 522
2024-07-15 23:15:17.969 [warning] [Decorations] CAPPING events from decorations provider vscode.git 528
2024-07-15 23:15:23.068 [warning] [Decorations] CAPPING events from decorations provider vscode.git 528
2024-07-15 23:15:28.168 [warning] [Decorations] CAPPING events from decorations provider vscode.git 528
2024-07-15 23:15:33.270 [warning] [Decorations] CAPPING events from decorations provider vscode.git 528
2024-07-15 23:15:38.400 [warning] [Decorations] CAPPING events from decorations provider vscode.git 528
2024-07-15 23:15:43.497 [warning] [Decorations] CAPPING events from decorations provider vscode.git 528
2024-07-15 23:15:48.598 [warning] [Decorations] CAPPING events from decorations provider vscode.git 534
2024-07-15 23:15:53.697 [warning] [Decorations] CAPPING events from decorations provider vscode.git 528
2024-07-15 23:15:58.793 [warning] [Decorations] CAPPING events from decorations provider vscode.git 528
2024-07-15 23:16:03.902 [warning] [Decorations] CAPPING events from decorations provider vscode.git 528
2024-07-15 23:16:09.240 [warning] [Decorations] CAPPING events from decorations provider vscode.git 528
2024-07-15 23:16:14.353 [warning] [Decorations] CAPPING events from decorations provider vscode.git 528
2024-07-15 23:16:19.465 [warning] [Decorations] CAPPING events from decorations provider vscode.git 528
2024-07-15 23:16:24.575 [warning] [Decorations] CAPPING events from decorations provider vscode.git 529
2024-07-15 23:16:29.686 [warning] [Decorations] CAPPING events from decorations provider vscode.git 529
2024-07-15 23:16:34.803 [warning] [Decorations] CAPPING events from decorations provider vscode.git 529
2024-07-15 23:16:40.712 [warning] [Decorations] CAPPING events from decorations provider vscode.git 529
2024-07-15 23:18:02.000 [warning] [Decorations] CAPPING events from decorations provider vscode.git 535
2024-07-15 23:18:07.120 [warning] [Decorations] CAPPING events from decorations provider vscode.git 534
2024-07-15 23:18:12.240 [warning] [Decorations] CAPPING events from decorations provider vscode.git 536
2024-07-15 23:18:17.354 [warning] [Decorations] CAPPING events from decorations provider vscode.git 536
2024-07-15 23:18:33.056 [warning] [Decorations] CAPPING events from decorations provider vscode.git 536
2024-07-15 23:18:55.672 [warning] [Decorations] CAPPING events from decorations provider vscode.git 539
2024-07-15 23:19:32.802 [warning] [Decorations] CAPPING events from decorations provider vscode.git 538
2024-07-15 23:21:25.784 [warning] [Decorations] CAPPING events from decorations provider vscode.git 541
2024-07-15 23:21:30.902 [warning] [Decorations] CAPPING events from decorations provider vscode.git 539
2024-07-15 23:21:36.018 [warning] [Decorations] CAPPING events from decorations provider vscode.git 539
2024-07-15 23:21:41.133 [warning] [Decorations] CAPPING events from decorations provider vscode.git 539
2024-07-15 23:21:46.247 [warning] [Decorations] CAPPING events from decorations provider vscode.git 539
2024-07-15 23:21:51.359 [warning] [Decorations] CAPPING events from decorations provider vscode.git 539
2024-07-15 23:22:07.973 [warning] [Decorations] CAPPING events from decorations provider vscode.git 539
2024-07-15 23:22:13.083 [warning] [Decorations] CAPPING events from decorations provider vscode.git 540
2024-07-15 23:22:18.196 [warning] [Decorations] CAPPING events from decorations provider vscode.git 540
2024-07-15 23:22:23.308 [warning] [Decorations] CAPPING events from decorations provider vscode.git 540
2024-07-15 23:22:29.216 [warning] [Decorations] CAPPING events from decorations provider vscode.git 542
2024-07-15 23:22:34.328 [warning] [Decorations] CAPPING events from decorations provider vscode.git 541
2024-07-15 23:23:31.965 [warning] [Decorations] CAPPING events from decorations provider vscode.git 547
2024-07-15 23:23:44.380 [warning] [Decorations] CAPPING events from decorations provider vscode.git 565
2024-07-15 23:24:16.090 [warning] [Decorations] CAPPING events from decorations provider vscode.git 628
2024-07-15 23:24:32.667 [warning] [Decorations] CAPPING events from decorations provider vscode.git 773
2024-07-15 23:24:40.826 [warning] [Decorations] CAPPING events from decorations provider vscode.git 772
2024-07-15 23:24:45.942 [warning] [Decorations] CAPPING events from decorations provider vscode.git 771
2024-07-15 23:24:56.957 [warning] [Decorations] CAPPING events from decorations provider vscode.git 773
2024-07-15 23:25:03.774 [warning] [Decorations] CAPPING events from decorations provider vscode.git 774
2024-07-15 23:25:08.893 [warning] [Decorations] CAPPING events from decorations provider vscode.git 774
2024-07-15 23:25:14.009 [warning] [Decorations] CAPPING events from decorations provider vscode.git 773
2024-07-15 23:25:19.125 [warning] [Decorations] CAPPING events from decorations provider vscode.git 773
2024-07-15 23:25:24.242 [warning] [Decorations] CAPPING events from decorations provider vscode.git 774
2024-07-15 23:25:29.359 [warning] [Decorations] CAPPING events from decorations provider vscode.git 773
2024-07-15 23:25:34.475 [warning] [Decorations] CAPPING events from decorations provider vscode.git 773
2024-07-15 23:25:39.598 [warning] [Decorations] CAPPING events from decorations provider vscode.git 773
2024-07-15 23:25:58.065 [warning] [Decorations] CAPPING events from decorations provider vscode.git 775
2024-07-15 23:26:03.196 [warning] [Decorations] CAPPING events from decorations provider vscode.git 775
2024-07-15 23:26:08.355 [warning] [Decorations] CAPPING events from decorations provider vscode.git 775
2024-07-15 23:26:13.476 [warning] [Decorations] CAPPING events from decorations provider vscode.git 776
2024-07-15 23:26:18.600 [warning] [Decorations] CAPPING events from decorations provider vscode.git 777
2024-07-15 23:26:23.719 [warning] [Decorations] CAPPING events from decorations provider vscode.git 776
2024-07-15 23:26:28.838 [warning] [Decorations] CAPPING events from decorations provider vscode.git 776
2024-07-15 23:26:33.959 [warning] [Decorations] CAPPING events from decorations provider vscode.git 776
2024-07-15 23:26:39.080 [warning] [Decorations] CAPPING events from decorations provider vscode.git 776
2024-07-15 23:26:44.195 [warning] [Decorations] CAPPING events from decorations provider vscode.git 776
2024-07-15 23:26:49.314 [warning] [Decorations] CAPPING events from decorations provider vscode.git 777
2024-07-15 23:26:54.432 [warning] [Decorations] CAPPING events from decorations provider vscode.git 777
2024-07-15 23:26:59.553 [warning] [Decorations] CAPPING events from decorations provider vscode.git 777
2024-07-15 23:27:04.673 [warning] [Decorations] CAPPING events from decorations provider vscode.git 778
2024-07-15 23:27:09.793 [warning] [Decorations] CAPPING events from decorations provider vscode.git 778
2024-07-15 23:27:14.909 [warning] [Decorations] CAPPING events from decorations provider vscode.git 778
2024-07-15 23:27:20.026 [warning] [Decorations] CAPPING events from decorations provider vscode.git 778
2024-07-15 23:27:25.151 [warning] [Decorations] CAPPING events from decorations provider vscode.git 779
2024-07-15 23:27:30.267 [warning] [Decorations] CAPPING events from decorations provider vscode.git 778
2024-07-15 23:27:35.387 [warning] [Decorations] CAPPING events from decorations provider vscode.git 778
2024-07-15 23:27:40.506 [warning] [Decorations] CAPPING events from decorations provider vscode.git 778
2024-07-15 23:27:45.622 [warning] [Decorations] CAPPING events from decorations provider vscode.git 780
2024-07-15 23:27:50.741 [warning] [Decorations] CAPPING events from decorations provider vscode.git 780
2024-07-15 23:27:55.859 [warning] [Decorations] CAPPING events from decorations provider vscode.git 779
2024-07-15 23:28:00.976 [warning] [Decorations] CAPPING events from decorations provider vscode.git 779
2024-07-15 23:28:06.096 [warning] [Decorations] CAPPING events from decorations provider vscode.git 779
2024-07-15 23:28:10.377 [warning] vscode.json-language-features - Code actions of kind 'quickfix' requested but returned code action is of kind 'source.sort.json'. Code action will be dropped. Please check 'CodeActionContext.only' to only return requested code actions.
2024-07-15 23:28:11.217 [warning] [Decorations] CAPPING events from decorations provider vscode.git 779
2024-07-15 23:28:15.283 [warning] vscode.json-language-features - Code actions of kind 'quickfix' requested but returned code action is of kind 'source.sort.json'. Code action will be dropped. Please check 'CodeActionContext.only' to only return requested code actions.
2024-07-15 23:28:15.905 [warning] vscode.json-language-features - Code actions of kind 'quickfix' requested but returned code action is of kind 'source.sort.json'. Code action will be dropped. Please check 'CodeActionContext.only' to only return requested code actions.
2024-07-15 23:28:16.336 [warning] [Decorations] CAPPING events from decorations provider vscode.git 780
2024-07-15 23:28:21.454 [warning] [Decorations] CAPPING events from decorations provider vscode.git 781
2024-07-15 23:28:23.215 [warning] vscode.json-language-features - Code actions of kind 'quickfix' requested but returned code action is of kind 'source.sort.json'. Code action will be dropped. Please check 'CodeActionContext.only' to only return requested code actions.
2024-07-15 23:28:24.470 [warning] vscode.json-language-features - Code actions of kind 'quickfix' requested but returned code action is of kind 'source.sort.json'. Code action will be dropped. Please check 'CodeActionContext.only' to only return requested code actions.
2024-07-15 23:28:26.576 [warning] [Decorations] CAPPING events from decorations provider vscode.git 780
2024-07-15 23:28:27.151 [warning] vscode.json-language-features - Code actions of kind 'quickfix' requested but returned code action is of kind 'source.sort.json'. Code action will be dropped. Please check 'CodeActionContext.only' to only return requested code actions.
2024-07-15 23:28:31.694 [warning] [Decorations] CAPPING events from decorations provider vscode.git 781
2024-07-15 23:28:32.840 [warning] vscode.json-language-features - Code actions of kind 'quickfix' requested but returned code action is of kind 'source.sort.json'. Code action will be dropped. Please check 'CodeActionContext.only' to only return requested code actions.
2024-07-15 23:28:35.591 [warning] vscode.json-language-features - Code actions of kind 'quickfix' requested but returned code action is of kind 'source.sort.json'. Code action will be dropped. Please check 'CodeActionContext.only' to only return requested code actions.
2024-07-15 23:28:36.810 [warning] [Decorations] CAPPING events from decorations provider vscode.git 781
2024-07-15 23:28:41.933 [warning] [Decorations] CAPPING events from decorations provider vscode.git 782
2024-07-15 23:28:47.049 [warning] [Decorations] CAPPING events from decorations provider vscode.git 782
2024-07-15 23:28:52.170 [warning] [Decorations] CAPPING events from decorations provider vscode.git 781
2024-07-15 23:28:57.292 [warning] [Decorations] CAPPING events from decorations provider vscode.git 781
2024-07-15 23:29:02.414 [warning] [Decorations] CAPPING events from decorations provider vscode.git 781
2024-07-15 23:29:07.532 [warning] [Decorations] CAPPING events from decorations provider vscode.git 782
2024-07-15 23:29:12.648 [warning] [Decorations] CAPPING events from decorations provider vscode.git 782
2024-07-15 23:29:17.767 [warning] [Decorations] CAPPING events from decorations provider vscode.git 782
2024-07-15 23:29:22.885 [warning] [Decorations] CAPPING events from decorations provider vscode.git 782
2024-07-15 23:29:28.021 [warning] [Decorations] CAPPING events from decorations provider vscode.git 782
2024-07-15 23:29:33.142 [warning] [Decorations] CAPPING events from decorations provider vscode.git 782
2024-07-15 23:29:38.263 [warning] [Decorations] CAPPING events from decorations provider vscode.git 783
2024-07-15 23:29:43.382 [warning] [Decorations] CAPPING events from decorations provider vscode.git 783
2024-07-15 23:29:48.500 [warning] [Decorations] CAPPING events from decorations provider vscode.git 783
2024-07-15 23:29:53.622 [warning] [Decorations] CAPPING events from decorations provider vscode.git 782
2024-07-15 23:29:58.742 [warning] [Decorations] CAPPING events from decorations provider vscode.git 783
2024-07-15 23:30:03.864 [warning] [Decorations] CAPPING events from decorations provider vscode.git 783
2024-07-15 23:30:08.984 [warning] [Decorations] CAPPING events from decorations provider vscode.git 784
2024-07-15 23:30:14.102 [warning] [Decorations] CAPPING events from decorations provider vscode.git 784
2024-07-15 23:30:19.220 [warning] [Decorations] CAPPING events from decorations provider vscode.git 785
2024-07-15 23:30:24.341 [warning] [Decorations] CAPPING events from decorations provider vscode.git 806
2024-07-15 23:30:29.457 [warning] [Decorations] CAPPING events from decorations provider vscode.git 806
2024-07-15 23:30:34.580 [warning] [Decorations] CAPPING events from decorations provider vscode.git 807
2024-07-15 23:31:27.003 [warning] [Decorations] CAPPING events from decorations provider vscode.git 934
2024-07-15 23:31:32.122 [warning] [Decorations] CAPPING events from decorations provider vscode.git 929
2024-07-15 23:31:37.245 [warning] [Decorations] CAPPING events from decorations provider vscode.git 929
2024-07-15 23:31:42.359 [warning] [Decorations] CAPPING events from decorations provider vscode.git 929
2024-07-15 23:31:47.477 [warning] [Decorations] CAPPING events from decorations provider vscode.git 929
2024-07-15 23:31:52.591 [warning] [Decorations] CAPPING events from decorations provider vscode.git 930
2024-07-15 23:31:57.711 [warning] [Decorations] CAPPING events from decorations provider vscode.git 930
2024-07-15 23:32:02.825 [warning] [Decorations] CAPPING events from decorations provider vscode.git 930
2024-07-15 23:32:07.950 [warning] [Decorations] CAPPING events from decorations provider vscode.git 930
2024-07-15 23:32:13.068 [warning] [Decorations] CAPPING events from decorations provider vscode.git 930
2024-07-15 23:32:18.184 [warning] [Decorations] CAPPING events from decorations provider vscode.git 930
2024-07-15 23:32:23.296 [warning] [Decorations] CAPPING events from decorations provider vscode.git 931
2024-07-15 23:32:28.414 [warning] [Decorations] CAPPING events from decorations provider vscode.git 931
2024-07-15 23:32:33.530 [warning] [Decorations] CAPPING events from decorations provider vscode.git 932
2024-07-15 23:32:38.650 [warning] [Decorations] CAPPING events from decorations provider vscode.git 932
2024-07-15 23:32:43.767 [warning] [Decorations] CAPPING events from decorations provider vscode.git 932
2024-07-15 23:32:48.883 [warning] [Decorations] CAPPING events from decorations provider vscode.git 933
2024-07-15 23:32:54.002 [warning] [Decorations] CAPPING events from decorations provider vscode.git 932
2024-07-15 23:32:59.117 [warning] [Decorations] CAPPING events from decorations provider vscode.git 932
2024-07-15 23:33:04.233 [warning] [Decorations] CAPPING events from decorations provider vscode.git 932
2024-07-15 23:33:09.359 [warning] [Decorations] CAPPING events from decorations provider vscode.git 933
2024-07-15 23:33:14.475 [warning] [Decorations] CAPPING events from decorations provider vscode.git 934
2024-07-15 23:33:19.608 [warning] [Decorations] CAPPING events from decorations provider vscode.git 934
2024-07-15 23:33:27.845 [warning] [Decorations] CAPPING events from decorations provider vscode.git 934
2024-07-15 23:33:36.416 [warning] [Decorations] CAPPING events from decorations provider vscode.git 934
2024-07-15 23:33:41.534 [warning] [Decorations] CAPPING events from decorations provider vscode.git 935
2024-07-15 23:33:46.649 [warning] [Decorations] CAPPING events from decorations provider vscode.git 935
2024-07-15 23:33:51.766 [warning] [Decorations] CAPPING events from decorations provider vscode.git 935
2024-07-15 23:33:56.884 [warning] [Decorations] CAPPING events from decorations provider vscode.git 936
2024-07-15 23:34:02.005 [warning] [Decorations] CAPPING events from decorations provider vscode.git 935
2024-07-15 23:34:07.121 [warning] [Decorations] CAPPING events from decorations provider vscode.git 935
2024-07-15 23:34:12.236 [warning] [Decorations] CAPPING events from decorations provider vscode.git 935
2024-07-15 23:34:17.351 [warning] [Decorations] CAPPING events from decorations provider vscode.git 936
2024-07-15 23:34:22.482 [warning] [Decorations] CAPPING events from decorations provider vscode.git 936
2024-07-15 23:34:27.603 [warning] [Decorations] CAPPING events from decorations provider vscode.git 936
2024-07-15 23:34:32.724 [warning] [Decorations] CAPPING events from decorations provider vscode.git 936
2024-07-15 23:34:37.852 [warning] [Decorations] CAPPING events from decorations provider vscode.git 936
2024-07-15 23:34:42.974 [warning] [Decorations] CAPPING events from decorations provider vscode.git 936
2024-07-15 23:34:48.089 [warning] [Decorations] CAPPING events from decorations provider vscode.git 936
2024-07-15 23:34:53.208 [warning] [Decorations] CAPPING events from decorations provider vscode.git 936
2024-07-15 23:34:58.326 [warning] [Decorations] CAPPING events from decorations provider vscode.git 936
2024-07-15 23:35:03.441 [warning] [Decorations] CAPPING events from decorations provider vscode.git 936
2024-07-15 23:35:17.077 [warning] [Decorations] CAPPING events from decorations provider vscode.git 939
2024-07-15 23:38:05.373 [warning] [Decorations] CAPPING events from decorations provider vscode.git 961
2024-07-15 23:38:10.493 [warning] [Decorations] CAPPING events from decorations provider vscode.git 947
2024-07-15 23:38:15.611 [warning] [Decorations] CAPPING events from decorations provider vscode.git 947
2024-07-15 23:38:20.734 [warning] [Decorations] CAPPING events from decorations provider vscode.git 947
2024-07-15 23:38:25.852 [warning] [Decorations] CAPPING events from decorations provider vscode.git 947
2024-07-15 23:38:30.972 [warning] [Decorations] CAPPING events from decorations provider vscode.git 948
2024-07-15 23:38:36.094 [warning] [Decorations] CAPPING events from decorations provider vscode.git 949
2024-07-15 23:38:41.216 [warning] [Decorations] CAPPING events from decorations provider vscode.git 950
2024-07-15 23:38:49.185 [warning] [Decorations] CAPPING events from decorations provider vscode.git 949
2024-07-15 23:38:54.300 [warning] [Decorations] CAPPING events from decorations provider vscode.git 949
2024-07-15 23:38:59.418 [warning] [Decorations] CAPPING events from decorations provider vscode.git 949
2024-07-15 23:39:04.565 [warning] [Decorations] CAPPING events from decorations provider vscode.git 949
2024-07-15 23:39:09.681 [warning] [Decorations] CAPPING events from decorations provider vscode.git 949
2024-07-15 23:39:14.801 [warning] [Decorations] CAPPING events from decorations provider vscode.git 949
2024-07-15 23:39:19.917 [warning] [Decorations] CAPPING events from decorations provider vscode.git 949
2024-07-15 23:39:25.040 [warning] [Decorations] CAPPING events from decorations provider vscode.git 950
2024-07-15 23:39:29.789 [warning] vscode.json-language-features - Code actions of kind 'quickfix' requested but returned code action is of kind 'source.sort.json'. Code action will be dropped. Please check 'CodeActionContext.only' to only return requested code actions.
2024-07-15 23:39:30.154 [warning] [Decorations] CAPPING events from decorations provider vscode.git 950
2024-07-15 23:39:30.659 [warning] vscode.json-language-features - Code actions of kind 'quickfix' requested but returned code action is of kind 'source.sort.json'. Code action will be dropped. Please check 'CodeActionContext.only' to only return requested code actions.
2024-07-15 23:39:35.272 [warning] [Decorations] CAPPING events from decorations provider vscode.git 950
2024-07-15 23:39:40.386 [warning] [Decorations] CAPPING events from decorations provider vscode.git 951
2024-07-15 23:39:48.456 [warning] [Decorations] CAPPING events from decorations provider vscode.git 951
2024-07-15 23:39:53.570 [warning] [Decorations] CAPPING events from decorations provider vscode.git 951
2024-07-15 23:39:58.689 [warning] [Decorations] CAPPING events from decorations provider vscode.git 951
2024-07-15 23:40:03.804 [warning] [Decorations] CAPPING events from decorations provider vscode.git 952
2024-07-15 23:40:08.920 [warning] [Decorations] CAPPING events from decorations provider vscode.git 952
2024-07-15 23:40:14.040 [warning] [Decorations] CAPPING events from decorations provider vscode.git 952
2024-07-15 23:40:19.159 [warning] [Decorations] CAPPING events from decorations provider vscode.git 952
2024-07-15 23:40:24.275 [warning] [Decorations] CAPPING events from decorations provider vscode.git 955
2024-07-15 23:40:29.394 [warning] [Decorations] CAPPING events from decorations provider vscode.git 955
2024-07-15 23:40:34.509 [warning] [Decorations] CAPPING events from decorations provider vscode.git 955
2024-07-15 23:40:39.625 [warning] [Decorations] CAPPING events from decorations provider vscode.git 955
2024-07-15 23:40:44.739 [warning] [Decorations] CAPPING events from decorations provider vscode.git 956
2024-07-15 23:40:55.820 [warning] [Decorations] CAPPING events from decorations provider vscode.git 955
2024-07-15 23:41:00.943 [warning] [Decorations] CAPPING events from decorations provider vscode.git 955
2024-07-15 23:41:06.062 [warning] [Decorations] CAPPING events from decorations provider vscode.git 955
2024-07-15 23:41:11.197 [warning] [Decorations] CAPPING events from decorations provider vscode.git 955
2024-07-15 23:41:16.313 [warning] [Decorations] CAPPING events from decorations provider vscode.git 955
2024-07-15 23:41:36.461 [warning] [Decorations] CAPPING events from decorations provider vscode.git 955
2024-07-15 23:42:12.450 [warning] [Decorations] CAPPING events from decorations provider vscode.git 955
2024-07-15 23:42:17.568 [warning] [Decorations] CAPPING events from decorations provider vscode.git 955
2024-07-15 23:42:22.685 [warning] [Decorations] CAPPING events from decorations provider vscode.git 955
2024-07-15 23:42:27.801 [warning] [Decorations] CAPPING events from decorations provider vscode.git 955
2024-07-15 23:42:32.920 [warning] [Decorations] CAPPING events from decorations provider vscode.git 955
2024-07-15 23:42:38.033 [warning] [Decorations] CAPPING events from decorations provider vscode.git 956
2024-07-15 23:42:43.150 [warning] [Decorations] CAPPING events from decorations provider vscode.git 956
2024-07-15 23:42:48.265 [warning] [Decorations] CAPPING events from decorations provider vscode.git 956
2024-07-15 23:42:53.388 [warning] [Decorations] CAPPING events from decorations provider vscode.git 956
2024-07-15 23:42:58.511 [warning] [Decorations] CAPPING events from decorations provider vscode.git 956
2024-07-15 23:43:03.630 [warning] [Decorations] CAPPING events from decorations provider vscode.git 956
2024-07-15 23:43:08.763 [warning] [Decorations] CAPPING events from decorations provider vscode.git 957
2024-07-15 23:43:16.947 [warning] [Decorations] CAPPING events from decorations provider vscode.git 957
2024-07-15 23:43:22.070 [warning] [Decorations] CAPPING events from decorations provider vscode.git 957
2024-07-15 23:43:27.186 [warning] [Decorations] CAPPING events from decorations provider vscode.git 957
2024-07-15 23:43:32.301 [warning] [Decorations] CAPPING events from decorations provider vscode.git 957
2024-07-15 23:43:37.428 [warning] [Decorations] CAPPING events from decorations provider vscode.git 957
2024-07-15 23:43:42.547 [warning] [Decorations] CAPPING events from decorations provider vscode.git 957
2024-07-15 23:43:47.664 [warning] [Decorations] CAPPING events from decorations provider vscode.git 957
2024-07-15 23:43:52.779 [warning] [Decorations] CAPPING events from decorations provider vscode.git 957
2024-07-15 23:43:57.894 [warning] [Decorations] CAPPING events from decorations provider vscode.git 957
2024-07-15 23:44:03.022 [warning] [Decorations] CAPPING events from decorations provider vscode.git 957
2024-07-15 23:44:08.149 [warning] [Decorations] CAPPING events from decorations provider vscode.git 958
2024-07-15 23:44:13.266 [warning] [Decorations] CAPPING events from decorations provider vscode.git 958
2024-07-15 23:44:18.381 [warning] [Decorations] CAPPING events from decorations provider vscode.git 958
2024-07-15 23:44:23.499 [warning] [Decorations] CAPPING events from decorations provider vscode.git 958
2024-07-15 23:44:28.616 [warning] [Decorations] CAPPING events from decorations provider vscode.git 958
2024-07-15 23:44:33.733 [warning] [Decorations] CAPPING events from decorations provider vscode.git 958
2024-07-15 23:44:38.851 [warning] [Decorations] CAPPING events from decorations provider vscode.git 958
2024-07-15 23:44:43.971 [warning] [Decorations] CAPPING events from decorations provider vscode.git 958
2024-07-15 23:44:49.085 [warning] [Decorations] CAPPING events from decorations provider vscode.git 961
2024-07-15 23:44:54.199 [warning] [Decorations] CAPPING events from decorations provider vscode.git 959
2024-07-15 23:44:59.313 [warning] [Decorations] CAPPING events from decorations provider vscode.git 959
2024-07-15 23:45:04.431 [warning] [Decorations] CAPPING events from decorations provider vscode.git 959
2024-07-15 23:45:09.559 [warning] [Decorations] CAPPING events from decorations provider vscode.git 959
2024-07-15 23:45:14.673 [warning] [Decorations] CAPPING events from decorations provider vscode.git 959
2024-07-15 23:45:19.789 [warning] [Decorations] CAPPING events from decorations provider vscode.git 959
2024-07-15 23:45:24.909 [warning] [Decorations] CAPPING events from decorations provider vscode.git 969
2024-07-15 23:45:30.025 [warning] [Decorations] CAPPING events from decorations provider vscode.git 969
2024-07-15 23:45:35.146 [warning] [Decorations] CAPPING events from decorations provider vscode.git 969
2024-07-15 23:45:40.271 [warning] [Decorations] CAPPING events from decorations provider vscode.git 969
2024-07-15 23:45:45.393 [warning] [Decorations] CAPPING events from decorations provider vscode.git 969
2024-07-15 23:45:50.512 [warning] [Decorations] CAPPING events from decorations provider vscode.git 973
2024-07-15 23:45:55.633 [warning] [Decorations] CAPPING events from decorations provider vscode.git 972
2024-07-15 23:46:00.757 [warning] [Decorations] CAPPING events from decorations provider vscode.git 972
2024-07-15 23:46:05.875 [warning] [Decorations] CAPPING events from decorations provider vscode.git 978
2024-07-15 23:46:10.991 [warning] [Decorations] CAPPING events from decorations provider vscode.git 972
2024-07-15 23:46:16.114 [warning] [Decorations] CAPPING events from decorations provider vscode.git 972
2024-07-15 23:46:21.233 [warning] [Decorations] CAPPING events from decorations provider vscode.git 972
2024-07-15 23:46:26.351 [warning] [Decorations] CAPPING events from decorations provider vscode.git 972
