2024-07-14 20:11:02.230 [info] Log level: Info
2024-07-14 20:11:02.230 [info] Validating found git in: "git"
2024-07-14 20:11:02.262 [info] Using git "2.45.2" from "git"
2024-07-14 20:11:02.290 [info] > git rev-parse --show-toplevel [11ms]
2024-07-14 20:11:02.290 [info] fatal: not a git repository (or any parent up to mount point /)
Stopping at filesystem boundary (GIT_DISCOVERY_ACROSS_FILESYSTEM not set).
2024-07-14 20:11:16.286 [info] > git rev-parse --show-toplevel [2ms]
2024-07-14 20:11:16.286 [info] fatal: not a git repository (or any parent up to mount point /)
Stopping at filesystem boundary (GIT_DISCOVERY_ACROSS_FILESYSTEM not set).
2024-07-14 20:32:50.018 [info] > git rev-parse --show-toplevel [28ms]
2024-07-14 20:32:50.018 [info] fatal: not a git repository (or any parent up to mount point /)
Stopping at filesystem boundary (GIT_DISCOVERY_ACROSS_FILESYSTEM not set).
2024-07-14 20:32:53.773 [info] > git rev-parse --show-toplevel [2ms]
2024-07-14 20:32:53.773 [info] fatal: not a git repository (or any parent up to mount point /)
Stopping at filesystem boundary (GIT_DISCOVERY_ACROSS_FILESYSTEM not set).
2024-07-14 20:32:55.126 [info] > git rev-parse --show-toplevel [3ms]
2024-07-14 20:32:55.126 [info] fatal: not a git repository (or any parent up to mount point /)
Stopping at filesystem boundary (GIT_DISCOVERY_ACROSS_FILESYSTEM not set).
2024-07-14 20:40:13.412 [info] > git rev-parse --show-toplevel [5ms]
2024-07-14 20:40:13.412 [info] fatal: not a git repository (or any parent up to mount point /)
Stopping at filesystem boundary (GIT_DISCOVERY_ACROSS_FILESYSTEM not set).
2024-07-14 20:46:17.756 [info] > git rev-parse --show-toplevel [2ms]
2024-07-14 20:46:17.756 [info] fatal: not a git repository (or any parent up to mount point /)
Stopping at filesystem boundary (GIT_DISCOVERY_ACROSS_FILESYSTEM not set).
