2024-07-15 09:23:29.885 [info] Log level: Info
2024-07-15 09:23:29.885 [info] Validating found git in: "git"
2024-07-15 09:23:29.885 [info] Using git "2.45.2" from "git"
2024-07-15 09:23:29.885 [info] > git rev-parse --show-toplevel [6ms]
2024-07-15 09:23:29.885 [info] fatal: not a git repository (or any parent up to mount point /)
Stopping at filesystem boundary (GIT_DISCOVERY_ACROSS_FILESYSTEM not set).
2024-07-15 09:23:29.885 [info] > git rev-parse --show-toplevel [3ms]
2024-07-15 09:23:29.885 [info] fatal: not a git repository (or any parent up to mount point /)
Stopping at filesystem boundary (GIT_DISCOVERY_ACROSS_FILESYSTEM not set).
2024-07-15 09:23:29.885 [info] > git rev-parse --show-toplevel [9ms]
2024-07-15 09:23:29.885 [info] fatal: not a git repository (or any parent up to mount point /)
Stopping at filesystem boundary (GIT_DISCOVERY_ACROSS_FILESYSTEM not set).
2024-07-15 09:23:29.911 [info] > git rev-parse --show-toplevel [2ms]
2024-07-15 09:23:29.911 [info] fatal: not a git repository (or any parent up to mount point /)
Stopping at filesystem boundary (GIT_DISCOVERY_ACROSS_FILESYSTEM not set).
2024-07-15 09:23:29.921 [info] > git rev-parse --show-toplevel [2ms]
2024-07-15 09:23:29.921 [info] fatal: not a git repository (or any parent up to mount point /)
Stopping at filesystem boundary (GIT_DISCOVERY_ACROSS_FILESYSTEM not set).
2024-07-15 09:23:29.932 [info] > git rev-parse --show-toplevel [5ms]
2024-07-15 09:23:29.932 [info] fatal: not a git repository (or any parent up to mount point /)
Stopping at filesystem boundary (GIT_DISCOVERY_ACROSS_FILESYSTEM not set).
2024-07-15 09:23:29.942 [info] > git rev-parse --show-toplevel [2ms]
2024-07-15 09:23:29.942 [info] fatal: not a git repository (or any parent up to mount point /)
Stopping at filesystem boundary (GIT_DISCOVERY_ACROSS_FILESYSTEM not set).
2024-07-15 09:23:29.952 [info] > git rev-parse --show-toplevel [2ms]
2024-07-15 09:23:29.952 [info] fatal: not a git repository (or any parent up to mount point /)
Stopping at filesystem boundary (GIT_DISCOVERY_ACROSS_FILESYSTEM not set).
2024-07-15 09:23:29.962 [info] > git rev-parse --show-toplevel [1ms]
2024-07-15 09:23:29.962 [info] fatal: not a git repository (or any parent up to mount point /)
Stopping at filesystem boundary (GIT_DISCOVERY_ACROSS_FILESYSTEM not set).
2024-07-15 09:23:29.971 [info] > git rev-parse --show-toplevel [2ms]
2024-07-15 09:23:29.971 [info] fatal: not a git repository (or any parent up to mount point /)
Stopping at filesystem boundary (GIT_DISCOVERY_ACROSS_FILESYSTEM not set).
2024-07-15 09:23:29.981 [info] > git rev-parse --show-toplevel [2ms]
2024-07-15 09:23:29.981 [info] fatal: not a git repository (or any parent up to mount point /)
Stopping at filesystem boundary (GIT_DISCOVERY_ACROSS_FILESYSTEM not set).
2024-07-15 09:23:29.991 [info] > git rev-parse --show-toplevel [2ms]
2024-07-15 09:23:29.991 [info] fatal: not a git repository (or any parent up to mount point /)
Stopping at filesystem boundary (GIT_DISCOVERY_ACROSS_FILESYSTEM not set).
2024-07-15 09:23:30.000 [info] > git rev-parse --show-toplevel [2ms]
2024-07-15 09:23:30.000 [info] fatal: not a git repository (or any parent up to mount point /)
Stopping at filesystem boundary (GIT_DISCOVERY_ACROSS_FILESYSTEM not set).
2024-07-15 09:23:30.010 [info] > git rev-parse --show-toplevel [2ms]
2024-07-15 09:23:30.010 [info] fatal: not a git repository (or any parent up to mount point /)
Stopping at filesystem boundary (GIT_DISCOVERY_ACROSS_FILESYSTEM not set).
2024-07-15 09:23:30.019 [info] > git rev-parse --show-toplevel [2ms]
2024-07-15 09:23:30.019 [info] fatal: not a git repository (or any parent up to mount point /)
Stopping at filesystem boundary (GIT_DISCOVERY_ACROSS_FILESYSTEM not set).
2024-07-15 09:23:30.029 [info] > git rev-parse --show-toplevel [2ms]
2024-07-15 09:23:30.029 [info] fatal: not a git repository (or any parent up to mount point /)
Stopping at filesystem boundary (GIT_DISCOVERY_ACROSS_FILESYSTEM not set).
2024-07-15 09:23:30.039 [info] > git rev-parse --show-toplevel [2ms]
2024-07-15 09:23:30.039 [info] fatal: not a git repository (or any parent up to mount point /)
Stopping at filesystem boundary (GIT_DISCOVERY_ACROSS_FILESYSTEM not set).
2024-07-15 09:23:30.998 [info] > git rev-parse --show-toplevel [2ms]
2024-07-15 09:23:30.998 [info] fatal: not a git repository (or any parent up to mount point /)
Stopping at filesystem boundary (GIT_DISCOVERY_ACROSS_FILESYSTEM not set).
2024-07-15 09:57:12.325 [info] > git rev-parse --show-toplevel [1ms]
2024-07-15 09:57:12.331 [info] > git rev-parse --git-dir --git-common-dir [1ms]
2024-07-15 09:57:12.340 [info] Open repository: /home/rajeev/.cache/yay/graphite-gtk-theme
2024-07-15 09:57:12.355 [info] > git config --get commit.template [7ms]
2024-07-15 09:57:12.355 [info] > git for-each-ref --format=%(refname)%00%(upstream:short)%00%(objectname)%00%(upstream:track)%00%(upstream:remotename)%00%(upstream:remoteref) refs/heads/master refs/remotes/master [2ms]
2024-07-15 09:57:12.360 [warning] ENOENT: no such file or directory, open '/home/rajeev/.cache/yay/graphite-gtk-theme/.git/refs/remotes/origin/master'
2024-07-15 09:57:12.361 [info] > git rev-parse refs/remotes/origin/master [1ms]
2024-07-15 09:57:12.381 [info] > git status -z -uall [13ms]
2024-07-15 09:57:12.705 [info] > git for-each-ref --format=%(refname)%00%(upstream:short)%00%(objectname)%00%(upstream:track)%00%(upstream:remotename)%00%(upstream:remoteref) refs/heads/master refs/remotes/master [297ms]
2024-07-15 09:57:12.719 [info] > git config --local branch.master.vscode-merge-base [8ms]
2024-07-15 09:57:12.719 [warning] git config failed: Failed to execute git
2024-07-15 09:57:12.726 [info] > git config --get commit.template [22ms]
2024-07-15 09:57:12.739 [info] > git reflog master --grep-reflog=branch: Created from *. [13ms]
2024-07-15 09:57:12.746 [info] > git for-each-ref --format=%(refname)%00%(upstream:short)%00%(objectname)%00%(upstream:track)%00%(upstream:remotename)%00%(upstream:remoteref) refs/heads/master refs/remotes/master [7ms]
2024-07-15 09:57:12.752 [warning] ENOENT: no such file or directory, open '/home/rajeev/.cache/yay/graphite-gtk-theme/.git/refs/remotes/origin/master'
2024-07-15 09:57:12.752 [info] > git symbolic-ref --short refs/remotes/origin/HEAD [7ms]
2024-07-15 09:57:12.759 [info] > git rev-parse refs/remotes/origin/master [7ms]
2024-07-15 09:57:12.764 [info] > git for-each-ref --format=%(refname)%00%(upstream:short)%00%(objectname)%00%(upstream:track)%00%(upstream:remotename)%00%(upstream:remoteref) refs/heads/origin/master refs/remotes/origin/master [6ms]
2024-07-15 09:57:12.772 [info] > git config --local branch.master.vscode-merge-base origin/master [2ms]
2024-07-15 09:57:12.779 [info] > git status -z -uall [15ms] (cancelled)
2024-07-15 09:57:12.780 [info] > git config --get commit.template [2ms]
2024-07-15 09:57:12.788 [info] > git for-each-ref --format=%(refname)%00%(upstream:short)%00%(objectname)%00%(upstream:track)%00%(upstream:remotename)%00%(upstream:remoteref) refs/heads/master refs/remotes/master [1ms]
2024-07-15 09:57:12.794 [warning] ENOENT: no such file or directory, open '/home/rajeev/.cache/yay/graphite-gtk-theme/.git/refs/remotes/origin/master'
2024-07-15 09:57:12.796 [info] > git rev-parse refs/remotes/origin/master [2ms]
2024-07-15 09:57:12.811 [info] > git status -z -uall [10ms]
2024-07-15 09:57:12.850 [info] > git for-each-ref --format=%(refname)%00%(upstream:short)%00%(objectname)%00%(upstream:track)%00%(upstream:remotename)%00%(upstream:remoteref) refs/heads/master refs/remotes/master [25ms]
2024-07-15 09:57:12.858 [info] > git config --local branch.master.vscode-merge-base [2ms]
2024-07-15 09:57:12.864 [info] > git merge-base refs/heads/master refs/remotes/origin/master [15ms]
2024-07-15 09:57:12.871 [info] > git for-each-ref --format=%(refname)%00%(upstream:short)%00%(objectname)%00%(upstream:track)%00%(upstream:remotename)%00%(upstream:remoteref) refs/heads/origin/master refs/remotes/origin/master [7ms]
2024-07-15 09:57:12.873 [info] > git rev-list --count --left-right refs/heads/master...refs/remotes/origin/master [2ms]
2024-07-15 09:57:12.880 [info] > git diff --name-status -z --diff-filter=ADMR 2195adffbfd1cc263cb21c64455efaaf15bafe70...refs/remotes/origin/master [1ms]
2024-07-15 09:58:24.947 [info] > git config --get commit.template [8ms]
2024-07-15 09:58:24.948 [info] > git for-each-ref --format=%(refname)%00%(upstream:short)%00%(objectname)%00%(upstream:track)%00%(upstream:remotename)%00%(upstream:remoteref) refs/heads/master refs/remotes/master [1ms]
2024-07-15 09:58:24.954 [warning] ENOENT: no such file or directory, open '/home/rajeev/.cache/yay/graphite-gtk-theme/.git/refs/remotes/origin/master'
2024-07-15 09:58:24.955 [info] > git rev-parse refs/remotes/origin/master [1ms]
2024-07-15 09:58:24.962 [info] > git status -z -uall [1ms]
2024-07-15 09:58:24.979 [info] > git for-each-ref --format=%(refname)%00%(upstream:short)%00%(objectname)%00%(upstream:track)%00%(upstream:remotename)%00%(upstream:remoteref) refs/heads/master refs/remotes/master [10ms]
2024-07-15 09:58:24.987 [info] > git config --local branch.master.vscode-merge-base [1ms]
2024-07-15 09:58:24.996 [info] > git for-each-ref --format=%(refname)%00%(upstream:short)%00%(objectname)%00%(upstream:track)%00%(upstream:remotename)%00%(upstream:remoteref) refs/heads/origin/master refs/remotes/origin/master [2ms]
2024-07-15 10:04:41.139 [info] > git config --get commit.template [7ms]
2024-07-15 10:04:41.140 [info] > git for-each-ref --format=%(refname)%00%(upstream:short)%00%(objectname)%00%(upstream:track)%00%(upstream:remotename)%00%(upstream:remoteref) refs/heads/master refs/remotes/master [2ms]
2024-07-15 10:04:41.145 [warning] ENOENT: no such file or directory, open '/home/rajeev/.cache/yay/graphite-gtk-theme/.git/refs/remotes/origin/master'
2024-07-15 10:04:41.146 [info] > git rev-parse refs/remotes/origin/master [2ms]
2024-07-15 10:04:41.153 [info] > git status -z -uall [1ms]
2024-07-15 10:04:41.163 [info] > git for-each-ref --format=%(refname)%00%(upstream:short)%00%(objectname)%00%(upstream:track)%00%(upstream:remotename)%00%(upstream:remoteref) refs/heads/master refs/remotes/master [2ms]
2024-07-15 10:04:41.170 [info] > git config --local branch.master.vscode-merge-base [1ms]
2024-07-15 10:04:41.177 [info] > git for-each-ref --format=%(refname)%00%(upstream:short)%00%(objectname)%00%(upstream:track)%00%(upstream:remotename)%00%(upstream:remoteref) refs/heads/origin/master refs/remotes/origin/master [2ms]
2024-07-15 10:06:53.199 [info] > git rev-parse --show-toplevel [2ms]
2024-07-15 10:06:53.206 [info] > git rev-parse --git-dir --git-common-dir [1ms]
2024-07-15 10:06:53.210 [info] Open repository: /home/rajeev/.config/hypr/Graphite-gtk-theme
2024-07-15 10:06:53.221 [info] > git config --get commit.template [2ms]
2024-07-15 10:06:53.229 [info] > git for-each-ref --format=%(refname)%00%(upstream:short)%00%(objectname)%00%(upstream:track)%00%(upstream:remotename)%00%(upstream:remoteref) refs/heads/main refs/remotes/main [2ms]
2024-07-15 10:06:53.236 [warning] ENOENT: no such file or directory, open '/home/rajeev/.config/hypr/Graphite-gtk-theme/.git/refs/remotes/origin/main'
2024-07-15 10:06:53.238 [info] > git rev-parse refs/remotes/origin/main [2ms]
2024-07-15 10:06:53.333 [info] > git status -z -uall [88ms]
2024-07-15 10:06:53.350 [info] > git for-each-ref --format=%(refname)%00%(upstream:short)%00%(objectname)%00%(upstream:track)%00%(upstream:remotename)%00%(upstream:remoteref) refs/heads/main refs/remotes/main [10ms]
2024-07-15 10:06:53.359 [info] > git config --get commit.template [9ms]
2024-07-15 10:06:53.360 [info] > git config --local branch.main.vscode-merge-base [2ms]
2024-07-15 10:06:53.360 [warning] git config failed: Failed to execute git
2024-07-15 10:06:53.419 [info] > git reflog main --grep-reflog=branch: Created from *. [52ms]
2024-07-15 10:06:53.428 [info] > git symbolic-ref --short refs/remotes/origin/HEAD [3ms]
2024-07-15 10:06:53.433 [info] > git for-each-ref --format=%(refname)%00%(upstream:short)%00%(objectname)%00%(upstream:track)%00%(upstream:remotename)%00%(upstream:remoteref) refs/heads/main refs/remotes/main [14ms]
2024-07-15 10:06:53.439 [warning] ENOENT: no such file or directory, open '/home/rajeev/.config/hypr/Graphite-gtk-theme/.git/refs/remotes/origin/main'
2024-07-15 10:06:53.441 [info] > git rev-parse refs/remotes/origin/main [2ms]
2024-07-15 10:06:53.447 [info] > git for-each-ref --format=%(refname)%00%(upstream:short)%00%(objectname)%00%(upstream:track)%00%(upstream:remotename)%00%(upstream:remoteref) refs/heads/origin/main refs/remotes/origin/main [13ms]
2024-07-15 10:06:53.455 [info] > git config --local branch.main.vscode-merge-base origin/main [2ms]
2024-07-15 10:06:53.465 [info] > git status -z -uall [19ms] (cancelled)
2024-07-15 10:06:53.466 [info] > git config --get commit.template [2ms]
2024-07-15 10:06:53.473 [info] > git for-each-ref --format=%(refname)%00%(upstream:short)%00%(objectname)%00%(upstream:track)%00%(upstream:remotename)%00%(upstream:remoteref) refs/heads/main refs/remotes/main [1ms]
2024-07-15 10:06:53.479 [warning] ENOENT: no such file or directory, open '/home/rajeev/.config/hypr/Graphite-gtk-theme/.git/refs/remotes/origin/main'
2024-07-15 10:06:53.481 [info] > git rev-parse refs/remotes/origin/main [2ms]
2024-07-15 10:06:53.572 [info] > git status -z -uall [85ms]
2024-07-15 10:06:53.587 [info] > git for-each-ref --format=%(refname)%00%(upstream:short)%00%(objectname)%00%(upstream:track)%00%(upstream:remotename)%00%(upstream:remoteref) refs/heads/main refs/remotes/main [8ms]
2024-07-15 10:06:53.595 [info] > git config --local branch.main.vscode-merge-base [1ms]
2024-07-15 10:06:53.601 [info] > git merge-base refs/heads/main refs/remotes/origin/main [15ms]
2024-07-15 10:06:53.608 [info] > git for-each-ref --format=%(refname)%00%(upstream:short)%00%(objectname)%00%(upstream:track)%00%(upstream:remotename)%00%(upstream:remoteref) refs/heads/origin/main refs/remotes/origin/main [7ms]
2024-07-15 10:06:53.609 [info] > git rev-list --count --left-right refs/heads/main...refs/remotes/origin/main [2ms]
2024-07-15 10:06:53.617 [info] > git diff --name-status -z --diff-filter=ADMR 4d567bf7bd238051687f57a7a561848c3669d70a...refs/remotes/origin/main [1ms]
2024-07-15 10:06:53.745 [info] > git check-ignore -v -z --stdin [1ms]
2024-07-15 10:10:32.373 [info] > git rev-parse --show-toplevel [1ms]
2024-07-15 10:10:32.380 [info] > git rev-parse --git-dir --git-common-dir [1ms]
2024-07-15 10:10:32.383 [info] Open repository: /home/rajeev/.themes/Graphite-gtk-theme
2024-07-15 10:10:32.391 [info] > git config --get commit.template [2ms]
2024-07-15 10:10:32.400 [info] > git for-each-ref --format=%(refname)%00%(upstream:short)%00%(objectname)%00%(upstream:track)%00%(upstream:remotename)%00%(upstream:remoteref) refs/heads/main refs/remotes/main [2ms]
2024-07-15 10:10:32.405 [warning] ENOENT: no such file or directory, open '/home/rajeev/.themes/Graphite-gtk-theme/.git/refs/remotes/origin/main'
2024-07-15 10:10:32.406 [info] > git rev-parse refs/remotes/origin/main [1ms]
2024-07-15 10:10:32.498 [info] > git status -z -uall [86ms]
2024-07-15 10:10:32.515 [info] > git for-each-ref --format=%(refname)%00%(upstream:short)%00%(objectname)%00%(upstream:track)%00%(upstream:remotename)%00%(upstream:remoteref) refs/heads/main refs/remotes/main [9ms]
2024-07-15 10:10:32.524 [info] > git config --local branch.main.vscode-merge-base [2ms]
2024-07-15 10:10:32.524 [warning] git config failed: Failed to execute git
2024-07-15 10:10:32.530 [info] > git config --get commit.template [15ms]
2024-07-15 10:10:32.539 [info] > git reflog main --grep-reflog=branch: Created from *. [9ms]
2024-07-15 10:10:32.547 [info] > git for-each-ref --format=%(refname)%00%(upstream:short)%00%(objectname)%00%(upstream:track)%00%(upstream:remotename)%00%(upstream:remoteref) refs/heads/main refs/remotes/main [8ms]
2024-07-15 10:10:32.554 [warning] ENOENT: no such file or directory, open '/home/rajeev/.themes/Graphite-gtk-theme/.git/refs/remotes/origin/main'
2024-07-15 10:10:32.554 [info] > git symbolic-ref --short refs/remotes/origin/HEAD [8ms]
2024-07-15 10:10:32.560 [info] > git rev-parse refs/remotes/origin/main [7ms]
2024-07-15 10:10:32.568 [info] > git for-each-ref --format=%(refname)%00%(upstream:short)%00%(objectname)%00%(upstream:track)%00%(upstream:remotename)%00%(upstream:remoteref) refs/heads/origin/main refs/remotes/origin/main [8ms]
2024-07-15 10:10:32.575 [info] > git config --local branch.main.vscode-merge-base origin/main [2ms]
2024-07-15 10:10:32.582 [info] > git status -z -uall [15ms] (cancelled)
2024-07-15 10:10:32.583 [info] > git config --get commit.template [1ms]
2024-07-15 10:10:32.590 [info] > git for-each-ref --format=%(refname)%00%(upstream:short)%00%(objectname)%00%(upstream:track)%00%(upstream:remotename)%00%(upstream:remoteref) refs/heads/main refs/remotes/main [1ms]
2024-07-15 10:10:32.597 [warning] ENOENT: no such file or directory, open '/home/rajeev/.themes/Graphite-gtk-theme/.git/refs/remotes/origin/main'
2024-07-15 10:10:32.598 [info] > git rev-parse refs/remotes/origin/main [1ms]
2024-07-15 10:10:32.689 [info] > git status -z -uall [85ms]
2024-07-15 10:10:32.704 [info] > git for-each-ref --format=%(refname)%00%(upstream:short)%00%(objectname)%00%(upstream:track)%00%(upstream:remotename)%00%(upstream:remoteref) refs/heads/main refs/remotes/main [8ms]
2024-07-15 10:10:32.712 [info] > git config --local branch.main.vscode-merge-base [2ms]
2024-07-15 10:10:32.719 [info] > git merge-base refs/heads/main refs/remotes/origin/main [16ms]
2024-07-15 10:10:32.727 [info] > git for-each-ref --format=%(refname)%00%(upstream:short)%00%(objectname)%00%(upstream:track)%00%(upstream:remotename)%00%(upstream:remoteref) refs/heads/origin/main refs/remotes/origin/main [8ms]
2024-07-15 10:10:32.728 [info] > git rev-list --count --left-right refs/heads/main...refs/remotes/origin/main [2ms]
2024-07-15 10:10:32.736 [info] > git diff --name-status -z --diff-filter=ADMR 4d567bf7bd238051687f57a7a561848c3669d70a...refs/remotes/origin/main [1ms]
2024-07-15 10:11:49.633 [info] > git rev-parse --show-toplevel [3ms]
2024-07-15 10:11:49.642 [info] > git rev-parse --git-dir --git-common-dir [1ms]
2024-07-15 10:11:49.647 [info] Open repository: /home/rajeev/Graphite-gtk-theme
2024-07-15 10:11:49.656 [info] > git config --get commit.template [2ms]
2024-07-15 10:11:49.666 [info] > git for-each-ref --format=%(refname)%00%(upstream:short)%00%(objectname)%00%(upstream:track)%00%(upstream:remotename)%00%(upstream:remoteref) refs/heads/main refs/remotes/main [3ms]
2024-07-15 10:11:49.673 [warning] ENOENT: no such file or directory, open '/home/rajeev/Graphite-gtk-theme/.git/refs/remotes/origin/main'
2024-07-15 10:11:49.674 [info] > git rev-parse refs/remotes/origin/main [1ms]
2024-07-15 10:11:49.770 [info] > git status -z -uall [90ms]
2024-07-15 10:11:49.789 [info] > git for-each-ref --format=%(refname)%00%(upstream:short)%00%(objectname)%00%(upstream:track)%00%(upstream:remotename)%00%(upstream:remoteref) refs/heads/main refs/remotes/main [11ms]
2024-07-15 10:11:49.796 [info] > git config --local branch.main.vscode-merge-base [1ms]
2024-07-15 10:11:49.796 [warning] git config failed: Failed to execute git
2024-07-15 10:11:49.803 [info] > git config --get commit.template [15ms]
2024-07-15 10:11:49.812 [info] > git reflog main --grep-reflog=branch: Created from *. [9ms]
2024-07-15 10:11:49.819 [info] > git for-each-ref --format=%(refname)%00%(upstream:short)%00%(objectname)%00%(upstream:track)%00%(upstream:remotename)%00%(upstream:remoteref) refs/heads/main refs/remotes/main [9ms]
2024-07-15 10:11:49.825 [warning] ENOENT: no such file or directory, open '/home/rajeev/Graphite-gtk-theme/.git/refs/remotes/origin/main'
2024-07-15 10:11:49.825 [info] > git symbolic-ref --short refs/remotes/origin/HEAD [7ms]
2024-07-15 10:11:49.832 [info] > git rev-parse refs/remotes/origin/main [7ms]
2024-07-15 10:11:49.840 [info] > git for-each-ref --format=%(refname)%00%(upstream:short)%00%(objectname)%00%(upstream:track)%00%(upstream:remotename)%00%(upstream:remoteref) refs/heads/origin/main refs/remotes/origin/main [8ms]
2024-07-15 10:11:49.847 [info] > git config --local branch.main.vscode-merge-base origin/main [1ms]
2024-07-15 10:11:49.854 [info] > git status -z -uall [16ms] (cancelled)
2024-07-15 10:11:49.855 [info] > git config --get commit.template [2ms]
2024-07-15 10:11:49.863 [info] > git for-each-ref --format=%(refname)%00%(upstream:short)%00%(objectname)%00%(upstream:track)%00%(upstream:remotename)%00%(upstream:remoteref) refs/heads/main refs/remotes/main [1ms]
2024-07-15 10:11:49.869 [warning] ENOENT: no such file or directory, open '/home/rajeev/Graphite-gtk-theme/.git/refs/remotes/origin/main'
2024-07-15 10:11:49.870 [info] > git rev-parse refs/remotes/origin/main [1ms]
2024-07-15 10:11:49.960 [info] > git status -z -uall [85ms]
2024-07-15 10:11:49.976 [info] > git for-each-ref --format=%(refname)%00%(upstream:short)%00%(objectname)%00%(upstream:track)%00%(upstream:remotename)%00%(upstream:remoteref) refs/heads/main refs/remotes/main [10ms]
2024-07-15 10:11:49.982 [info] > git merge-base refs/heads/main refs/remotes/origin/main [7ms]
2024-07-15 10:11:49.990 [info] > git config --local branch.main.vscode-merge-base [8ms]
2024-07-15 10:11:49.998 [info] > git rev-list --count --left-right refs/heads/main...refs/remotes/origin/main [9ms]
2024-07-15 10:11:50.006 [info] > git for-each-ref --format=%(refname)%00%(upstream:short)%00%(objectname)%00%(upstream:track)%00%(upstream:remotename)%00%(upstream:remoteref) refs/heads/origin/main refs/remotes/origin/main [9ms]
2024-07-15 10:11:50.006 [info] > git diff --name-status -z --diff-filter=ADMR 4d567bf7bd238051687f57a7a561848c3669d70a...refs/remotes/origin/main [2ms]
2024-07-15 10:11:50.177 [info] > git check-ignore -v -z --stdin [3ms]
