2024-07-14 20:39:59.045 [info] Log level: Info
2024-07-14 20:39:59.045 [info] Validating found git in: "git"
2024-07-14 20:39:59.045 [info] Using git "2.45.2" from "git"
2024-07-14 20:39:59.045 [info] > git rev-parse --show-toplevel [2ms]
2024-07-14 20:39:59.045 [info] fatal: not a git repository (or any parent up to mount point /)
Stopping at filesystem boundary (GIT_DISCOVERY_ACROSS_FILESYSTEM not set).
2024-07-14 20:39:59.046 [info] > git rev-parse --show-toplevel [2ms]
2024-07-14 20:39:59.046 [info] fatal: not a git repository (or any parent up to mount point /)
Stopping at filesystem boundary (GIT_DISCOVERY_ACROSS_FILESYSTEM not set).
2024-07-14 20:39:59.056 [info] > git rev-parse --show-toplevel [2ms]
2024-07-14 20:39:59.056 [info] fatal: not a git repository (or any parent up to mount point /)
Stopping at filesystem boundary (GIT_DISCOVERY_ACROSS_FILESYSTEM not set).
2024-07-14 20:39:59.066 [info] > git rev-parse --show-toplevel [2ms]
2024-07-14 20:39:59.066 [info] fatal: not a git repository (or any parent up to mount point /)
Stopping at filesystem boundary (GIT_DISCOVERY_ACROSS_FILESYSTEM not set).
2024-07-14 20:39:59.076 [info] > git rev-parse --show-toplevel [2ms]
2024-07-14 20:39:59.076 [info] fatal: not a git repository (or any parent up to mount point /)
Stopping at filesystem boundary (GIT_DISCOVERY_ACROSS_FILESYSTEM not set).
2024-07-14 20:39:59.086 [info] > git rev-parse --show-toplevel [2ms]
2024-07-14 20:39:59.086 [info] fatal: not a git repository (or any parent up to mount point /)
Stopping at filesystem boundary (GIT_DISCOVERY_ACROSS_FILESYSTEM not set).
2024-07-14 20:40:00.431 [info] > git rev-parse --show-toplevel [2ms]
2024-07-14 20:40:00.431 [info] fatal: not a git repository (or any parent up to mount point /)
Stopping at filesystem boundary (GIT_DISCOVERY_ACROSS_FILESYSTEM not set).
2024-07-14 20:40:13.100 [info] > git rev-parse --show-toplevel [16ms]
2024-07-14 20:40:13.100 [info] fatal: not a git repository (or any parent up to mount point /)
Stopping at filesystem boundary (GIT_DISCOVERY_ACROSS_FILESYSTEM not set).
2024-07-14 20:40:16.378 [info] > git rev-parse --show-toplevel [2ms]
2024-07-14 20:40:16.378 [info] fatal: not a git repository (or any parent up to mount point /)
Stopping at filesystem boundary (GIT_DISCOVERY_ACROSS_FILESYSTEM not set).
2024-07-14 20:44:28.424 [info] > git rev-parse --show-toplevel [1ms]
2024-07-14 20:44:28.424 [info] fatal: not a git repository (or any parent up to mount point /)
Stopping at filesystem boundary (GIT_DISCOVERY_ACROSS_FILESYSTEM not set).
2024-07-14 20:46:18.110 [info] > git rev-parse --show-toplevel [1ms]
2024-07-14 20:46:18.110 [info] fatal: not a git repository (or any parent up to mount point /)
Stopping at filesystem boundary (GIT_DISCOVERY_ACROSS_FILESYSTEM not set).
