2024-07-14 20:10:58.133 [info] Started initializing default profile extensions in extensions installation folder. file:///home/rajeev/.vscode-oss/extensions
2024-07-14 20:10:58.273 [warning] Failed to create default profile extensions manifest in extensions installation folder. file:///home/rajeev/.vscode-oss/extensions Unable to create file 'vscode-userdata:/home/rajeev/.vscode-oss/extensions/extensions.json' that already exists when overwrite flag is not set
2024-07-14 20:10:58.273 [info] Completed initializing default profile extensions in extensions installation folder. file:///home/rajeev/.vscode-oss/extensions
2024-07-14 20:10:58.349 [error] [uncaught exception in sharedProcess]: Error: ENOENT: no such file or directory, stat '/home/rajeev/.vscode-oss/extensions/extensions.json.vsctmp': EntryNotFound (FileSystemError): Error: ENOENT: no such file or directory, stat '/home/rajeev/.vscode-oss/extensions/extensions.json.vsctmp'
    at h.create (/usr/lib/code/out/vs/code/node/sharedProcess/sharedProcessMain.js:54:19262)
    at f (/usr/lib/code/out/vs/code/node/sharedProcess/sharedProcessMain.js:54:19372)
    at P.hb (/usr/lib/code/out/vs/code/node/sharedProcess/sharedProcessMain.js:59:36571)
    at P.stat (/usr/lib/code/out/vs/code/node/sharedProcess/sharedProcessMain.js:59:28919)
    at async s.stat (/usr/lib/code/out/vs/code/node/sharedProcess/sharedProcessMain.js:59:14907)
    at async V.vb (/usr/lib/code/out/vs/code/node/sharedProcess/sharedProcessMain.js:105:119283)
2024-07-14 20:44:25.922 [info] Getting Manifest... sdras.night-owl
2024-07-14 20:44:26.228 [info] Installing extension: sdras.night-owl {"isMachineScoped":false,"installPreReleaseVersion":false,"pinned":false,"profileLocation":{"$mid":1,"external":"vscode-userdata:/home/rajeev/.vscode-oss/extensions/extensions.json","path":"/home/rajeev/.vscode-oss/extensions/extensions.json","scheme":"vscode-userdata"},"installOnlyNewlyAddedFromExtensionPack":true,"isApplicationScoped":false,"productVersion":{"version":"1.91.1","date":"2024-07-12T15:10:53.972Z"}}
2024-07-14 20:44:28.285 [error] Could not load vsce-sign module Cannot find module '@vscode/vsce-sign'
Require stack:
- /usr/lib/code/out/bootstrap-amd.js
- /usr/lib/code/out/bootstrap-fork.js
2024-07-14 20:44:28.285 [info] Extension signature verification is not done: sdras.night-owl
2024-07-14 20:44:28.348 [info] Extracted extension to file:///home/rajeev/.vscode-oss/extensions/sdras.night-owl-2.0.1-universal: sdras.night-owl
2024-07-14 20:44:28.350 [info] Renamed to /home/rajeev/.vscode-oss/extensions/sdras.night-owl-2.0.1-universal
2024-07-14 20:44:28.363 [info] Extension installed successfully: sdras.night-owl vscode-userdata:/home/rajeev/.vscode-oss/extensions/extensions.json
2024-07-14 20:44:28.437 [error] [uncaught exception in sharedProcess]: Error: ENOENT: no such file or directory, stat '/home/rajeev/.vscode-oss/extensions/extensions.json.vsctmp': EntryNotFound (FileSystemError): Error: ENOENT: no such file or directory, stat '/home/rajeev/.vscode-oss/extensions/extensions.json.vsctmp'
    at h.create (/usr/lib/code/out/vs/code/node/sharedProcess/sharedProcessMain.js:54:19262)
    at f (/usr/lib/code/out/vs/code/node/sharedProcess/sharedProcessMain.js:54:19372)
    at P.hb (/usr/lib/code/out/vs/code/node/sharedProcess/sharedProcessMain.js:59:36571)
    at P.stat (/usr/lib/code/out/vs/code/node/sharedProcess/sharedProcessMain.js:59:28919)
    at async s.stat (/usr/lib/code/out/vs/code/node/sharedProcess/sharedProcessMain.js:59:14907)
    at async V.vb (/usr/lib/code/out/vs/code/node/sharedProcess/sharedProcessMain.js:105:119283)
