2024-07-15 14:57:14.207 [info] Added views:workbench.panel.markers.view in workbench.panel.markers
2024-07-15 14:57:14.207 [info] Added views:workbench.panel.output in workbench.panel.output
2024-07-15 14:57:14.207 [info] Added views:terminal in terminal
2024-07-15 14:57:14.207 [info] Added views:outline in workbench.view.explorer
2024-07-15 14:57:14.207 [info] Added views:workbench.scm in workbench.view.scm
2024-07-15 14:57:14.207 [info] Added views:workbench.view.search in workbench.view.search
2024-07-15 14:57:14.207 [info] Added views:timeline in workbench.view.explorer
2024-07-15 14:57:14.207 [info] Added views:workbench.explorer.emptyView in workbench.view.explorer
2024-07-15 14:57:14.734 [info] Added views:workbench.debug.welcome in workbench.view.debug
2024-07-15 14:57:14.870 [info] Added views:~remote.forwardedPorts in ~remote.forwardedPortsContainer
2024-07-15 14:57:15.045 [info] Added views:workbench.panel.repl.view in workbench.panel.repl
2024-07-15 14:57:23.817 [info] Added views:workbench.panel.markers.view in workbench.panel.markers
2024-07-15 14:57:23.817 [info] Added views:workbench.panel.output in workbench.panel.output
2024-07-15 14:57:23.817 [info] Added views:terminal in terminal
2024-07-15 14:57:23.817 [info] Added views:outline in workbench.view.explorer
2024-07-15 14:57:23.817 [info] Added views:workbench.scm in workbench.view.scm
2024-07-15 14:57:23.817 [info] Added views:workbench.view.search in workbench.view.search
2024-07-15 14:57:23.817 [info] Added views:timeline in workbench.view.explorer
2024-07-15 14:57:23.817 [info] Added views:workbench.explorer.fileView in workbench.view.explorer
2024-07-15 14:57:24.101 [info] Added views:workbench.debug.welcome in workbench.view.debug
2024-07-15 14:57:24.620 [info] Added views:workbench.panel.repl.view in workbench.panel.repl
2024-07-15 14:57:25.082 [info] Added views:~remote.forwardedPorts in ~remote.forwardedPortsContainer
2024-07-15 14:57:29.941 [info] Added views:workbench.panel.markers.view in workbench.panel.markers
2024-07-15 14:57:29.942 [info] Added views:workbench.panel.output in workbench.panel.output
2024-07-15 14:57:29.942 [info] Added views:terminal in terminal
2024-07-15 14:57:29.942 [info] Added views:outline in workbench.view.explorer
2024-07-15 14:57:29.942 [info] Added views:workbench.scm in workbench.view.scm
2024-07-15 14:57:29.942 [info] Added views:workbench.view.search in workbench.view.search
2024-07-15 14:57:29.942 [info] Added views:timeline in workbench.view.explorer
2024-07-15 14:57:29.942 [info] Added views:workbench.explorer.fileView in workbench.view.explorer
2024-07-15 14:57:30.074 [info] Added views:workbench.debug.welcome in workbench.view.debug
2024-07-15 14:57:30.580 [info] Added views:workbench.panel.repl.view in workbench.panel.repl
2024-07-15 14:57:30.989 [info] Added views:~remote.forwardedPorts in ~remote.forwardedPortsContainer
2024-07-15 17:21:37.562 [info] Added views:workbench.views.extensions.installed,workbench.views.extensions.popular,extensions.recommendedList in workbench.view.extensions
2024-07-15 17:21:37.564 [info] Removed views:workbench.views.extensions.popular from workbench.view.extensions
2024-07-15 17:21:40.779 [info] Removed views:extensions.recommendedList,workbench.views.extensions.installed from workbench.view.extensions
2024-07-15 17:21:40.786 [info] Added views:workbench.views.extensions.marketplace in workbench.view.extensions
